/anvar/public_datasets/preproc_study/lgg/orig/ Folder processing
TCGA-CS-6188 Subject processing
TCGA-DU-7015 Subject processing
TCGA-CS-5393 Subject processing
TCGA-DU-8167 Subject processing
TCGA-DU-7306 Subject processing
TCGA-CS-4942 Subject processing
TCGA-CS-6186 Subject processing
TCGA-DU-8164 Subject processing
TCGA-DU-7300 Subject processing
TCGA-DU-7301 Subject processing
TCGA-DU-6404 Subject processing
TCGA-DU-8162 Subject processing
TCGA-DU-7299 Subject processing
TCGA-CS-6668 Subject processing
TCGA-DU-8168 Subject processing
TCGA-DU-5854 Subject processing
TCGA-CS-6666 Subject processing
/anvar/public_datasets/preproc_study/lgg/orig/TCGA-CS-6666/CT1_SEG.nii.gz
Untypical two channels [ 5.632967 11.265934]
Rigid registration to T1.nii.gz started.
Rigid registration to T1.nii.gz completed.
Rigid registration to T2.nii.gz started.
Rigid registration to T2.nii.gz completed.
Rigid registration to FLAIR.nii.gz started.
Rigid registration to FLAIR.nii.gz completed.
TCGA-CS-5397 Subject processing
/anvar/public_datasets/preproc_study/lgg/orig/TCGA-CS-5397/CT1_SEG.nii.gz
Untypical two channels [1.7103785 3.420757 ]
Rigid registration to T1.nii.gz started.
Rigid registration to T1.nii.gz completed.
Rigid registration to T2.nii.gz started.
Rigid registration to T2.nii.gz completed.
Rigid registration to FLAIR.nii.gz started.
Rigid registration to FLAIR.nii.gz completed.
TCGA-CS-4944 Subject processing
Rigid registration to T1.nii.gz started.
Rigid registration to T1.nii.gz completed.
Rigid registration to T2.nii.gz started.
Rigid registration to T2.nii.gz completed.
Rigid registration to FLAIR.nii.gz started.
Rigid registration to FLAIR.nii.gz completed.
TCGA-DU-6542 Subject processing
Rigid registration to T1.nii.gz started.
Rigid registration to T1.nii.gz completed.
Rigid registration to T2.nii.gz started.
Rigid registration to T2.nii.gz completed.
Rigid registration to FLAIR.nii.gz started.
Rigid registration to FLAIR.nii.gz completed.
TCGA-DU-8166 Subject processing
Rigid registration to T1.nii.gz started.
Rigid registration to T1.nii.gz completed.
Rigid registration to T2.nii.gz started.
Rigid registration to T2.nii.gz completed.
Rigid registration to FLAIR.nii.gz started.
Rigid registration to FLAIR.nii.gz completed.
TCGA-DU-5872 Subject processing
Rigid registration to T1.nii.gz started.
Rigid registration to T1.nii.gz completed.
Rigid registration to T2.nii.gz started.
Rigid registration to T2.nii.gz completed.
Rigid registration to FLAIR.nii.gz started.
Rigid registration to FLAIR.nii.gz completed.
TCGA-CS-6665 Subject processing
/anvar/public_datasets/preproc_study/lgg/orig/TCGA-CS-6665/CT1_SEG.nii.gz
Untypical two channels [2.9650793 5.9301586]
Rigid registration to T1.nii.gz started.
Rigid registration to T1.nii.gz completed.
Rigid registration to T2.nii.gz started.
Rigid registration to T2.nii.gz completed.
Rigid registration to FLAIR.nii.gz started.
Rigid registration to FLAIR.nii.gz completed.
TCGA-DU-7019 Subject processing
Rigid registration to T1.nii.gz started.
Rigid registration to T1.nii.gz completed.
Rigid registration to T2.nii.gz started.
Rigid registration to T2.nii.gz completed.
Rigid registration to FLAIR.nii.gz started.
Rigid registration to FLAIR.nii.gz completed.
TCGA-DU-7008 Subject processing
Rigid registration to T1.nii.gz started.
Rigid registration to T1.nii.gz completed.
Rigid registration to T2.nii.gz started.
Rigid registration to T2.nii.gz completed.
Rigid registration to FLAIR.nii.gz started.
Rigid registration to FLAIR.nii.gz completed.
TCGA-CS-6669 Subject processing
/anvar/public_datasets/preproc_study/lgg/orig/TCGA-CS-6669/CT1_SEG.nii.gz
Untypical two channels [2.423199 4.846398]
Rigid registration to T1.nii.gz started.
Rigid registration to T1.nii.gz completed.
Rigid registration to T2.nii.gz started.
Rigid registration to T2.nii.gz completed.
Rigid registration to FLAIR.nii.gz started.
Rigid registration to FLAIR.nii.gz completed.
TCGA-DU-7298 Subject processing
Rigid registration to T1.nii.gz started.
Rigid registration to T1.nii.gz completed.
Rigid registration to T2.nii.gz started.
Rigid registration to T2.nii.gz completed.
Rigid registration to FLAIR.nii.gz started.
Rigid registration to FLAIR.nii.gz completed.
TCGA-DU-7018 Subject processing
Rigid registration to T1.nii.gz started.
Rigid registration to T1.nii.gz completed.
Rigid registration to T2.nii.gz started.
Rigid registration to T2.nii.gz completed.
Rigid registration to FLAIR.nii.gz started.
Rigid registration to FLAIR.nii.gz completed.
TCGA-DU-5855 Subject processing
/anvar/public_datasets/preproc_study/lgg/orig/TCGA-DU-5855/CT1_SEG.nii.gz
Untypical three channels [1.8522588 3.7045176 5.5567765]
Rigid registration to T1.nii.gz started.
Rigid registration to T1.nii.gz completed.
Rigid registration to T2.nii.gz started.
Rigid registration to T2.nii.gz completed.
Rigid registration to FLAIR.nii.gz started.
Rigid registration to FLAIR.nii.gz completed.
TCGA-DU-5851 Subject processing
Rigid registration to T1.nii.gz started.
Rigid registration to T1.nii.gz completed.
Rigid registration to T2.nii.gz started.
Rigid registration to T2.nii.gz completed.
Rigid registration to FLAIR.nii.gz started.
Rigid registration to FLAIR.nii.gz completed.
TCGA-DU-7010 Subject processing
Rigid registration to T1.nii.gz started.
Rigid registration to T1.nii.gz completed.
Rigid registration to T2.nii.gz started.
Rigid registration to T2.nii.gz completed.
Rigid registration to FLAIR.nii.gz started.
Rigid registration to FLAIR.nii.gz completed.
TCGA-DU-5874 Subject processing
Rigid registration to T1.nii.gz started.
Rigid registration to T1.nii.gz completed.
Rigid registration to T2.nii.gz started.
Rigid registration to T2.nii.gz completed.
Rigid registration to FLAIR.nii.gz started.
Rigid registration to FLAIR.nii.gz completed.
TCGA-DU-7309 Subject processing
Rigid registration to T1.nii.gz started.
Rigid registration to T1.nii.gz completed.
Rigid registration to T2.nii.gz started.
Rigid registration to T2.nii.gz completed.
Rigid registration to FLAIR.nii.gz started.
Rigid registration to FLAIR.nii.gz completed.
TCGA-DU-7302 Subject processing
Rigid registration to T1.nii.gz started.
Rigid registration to T1.nii.gz completed.
Rigid registration to T2.nii.gz started.
Rigid registration to T2.nii.gz completed.
Rigid registration to FLAIR.nii.gz started.
Rigid registration to FLAIR.nii.gz completed.
TCGA-CS-5396 Subject processing
/anvar/public_datasets/preproc_study/lgg/orig/TCGA-CS-5396/CT1_SEG.nii.gz
Untypical three channels [2.7479854 5.4959707 8.243956 ]
Rigid registration to T1.nii.gz started.
Rigid registration to T1.nii.gz completed.
Rigid registration to T2.nii.gz started.
Rigid registration to T2.nii.gz completed.
Rigid registration to FLAIR.nii.gz started.
Rigid registration to FLAIR.nii.gz completed.
TCGA-DU-7294 Subject processing
Rigid registration to T1.nii.gz started.
Rigid registration to T1.nii.gz completed.
Rigid registration to T2.nii.gz started.
Rigid registration to T2.nii.gz completed.
Rigid registration to FLAIR.nii.gz started.
Rigid registration to FLAIR.nii.gz completed.
TCGA-DU-7304 Subject processing
Rigid registration to T1.nii.gz started.
Rigid registration to T1.nii.gz completed.
Rigid registration to T2.nii.gz started.
