/anvar/public_datasets/preproc_study/schw/orig/ Folder processing
VS-SEG-157 Subject processing
Rigid registration to T2.nii.gz started.
Rigid registration to T2.nii.gz completed.
VS-SEG-239 Subject processing
Rigid registration to T2.nii.gz started.
Rigid registration to T2.nii.gz completed.
VS-SEG-147 Subject processing
Rigid registration to T2.nii.gz started.
Rigid registration to T2.nii.gz completed.
VS-SEG-101 Subject processing
Rigid registration to T2.nii.gz started.
Rigid registration to T2.nii.gz completed.
VS-SEG-093 Subject processing
Rigid registration to T2.nii.gz started.
Rigid registration to T2.nii.gz completed.
VS-SEG-150 Subject processing
Rigid registration to T2.nii.gz started.
Rigid registration to T2.nii.gz completed.
VS-SEG-079 Subject processing
Rigid registration to T2.nii.gz started.
Rigid registration to T2.nii.gz completed.
VS-SEG-010 Subject processing
Rigid registration to T2.nii.gz started.
Rigid registration to T2.nii.gz completed.
VS-SEG-020 Subject processing
Rigid registration to T2.nii.gz started.
Rigid registration to T2.nii.gz completed.
VS-SEG-018 Subject processing
Rigid registration to T2.nii.gz started.
Rigid registration to T2.nii.gz completed.
VS-SEG-245 Subject processing
Rigid registration to T2.nii.gz started.
Rigid registration to T2.nii.gz completed.
VS-SEG-135 Subject processing
Rigid registration to T2.nii.gz started.
Rigid registration to T2.nii.gz completed.
VS-SEG-084 Subject processing
Rigid registration to T2.nii.gz started.
Rigid registration to T2.nii.gz completed.
VS-SEG-056 Subject processing
Rigid registration to T2.nii.gz started.
Rigid registration to T2.nii.gz completed.
VS-SEG-012 Subject processing
Rigid registration to T2.nii.gz started.
Rigid registration to T2.nii.gz completed.
VS-SEG-042 Subject processing
Rigid registration to T2.nii.gz started.
Rigid registration to T2.nii.gz completed.
VS-SEG-175 Subject processing
Rigid registration to T2.nii.gz started.
Rigid registration to T2.nii.gz completed.
VS-SEG-008 Subject processing
Rigid registration to T2.nii.gz started.
Rigid registration to T2.nii.gz completed.
VS-SEG-136 Subject processing
Rigid registration to T2.nii.gz started.
Rigid registration to T2.nii.gz completed.
VS-SEG-137 Subject processing
Rigid registration to T2.nii.gz started.
Rigid registration to T2.nii.gz completed.
VS-SEG-007 Subject processing
Rigid registration to T2.nii.gz started.
Rigid registration to T2.nii.gz completed.
VS-SEG-127 Subject processing
Rigid registration to T2.nii.gz started.
Rigid registration to T2.nii.gz completed.
VS-SEG-141 Subject processing
Rigid registration to T2.nii.gz started.
Rigid registration to T2.nii.gz completed.
VS-SEG-122 Subject processing
Rigid registration to T2.nii.gz started.
Rigid registration to T2.nii.gz completed.
VS-SEG-099 Subject processing
Rigid registration to T2.nii.gz started.
Rigid registration to T2.nii.gz completed.
VS-SEG-123 Subject processing
Rigid registration to T2.nii.gz started.
Rigid registration to T2.nii.gz completed.
VS-SEG-235 Subject processing
Rigid registration to T2.nii.gz started.
Rigid registration to T2.nii.gz completed.
VS-SEG-204 Subject processing
Rigid registration to T2.nii.gz started.
Rigid registration to T2.nii.gz completed.
VS-SEG-047 Subject processing
Rigid registration to T2.nii.gz started.
Rigid registration to T2.nii.gz completed.
VS-SEG-116 Subject processing
Rigid registration to T2.nii.gz started.
Rigid registration to T2.nii.gz completed.
VS-SEG-151 Subject processing
Rigid registration to T2.nii.gz started.
Rigid registration to T2.nii.gz completed.
VS-SEG-074 Subject processing
Rigid registration to T2.nii.gz started.
Rigid registration to T2.nii.gz completed.
VS-SEG-126 Subject processing
Rigid registration to T2.nii.gz started.
Rigid registration to T2.nii.gz completed.
VS-SEG-191 Subject processing
Rigid registration to T2.nii.gz started.
Rigid registration to T2.nii.gz completed.
VS-SEG-069 Subject processing
Rigid registration to T2.nii.gz started.
Rigid registration to T2.nii.gz completed.
VS-SEG-159 Subject processing
Rigid registration to T2.nii.gz started.
Rigid registration to T2.nii.gz completed.
VS-SEG-155 Subject processing
Rigid registration to T2.nii.gz started.
Rigid registration to T2.nii.gz completed.
VS-SEG-048 Subject processing
Rigid registration to T2.nii.gz started.
Rigid registration to T2.nii.gz completed.
VS-SEG-022 Subject processing
Rigid registration to T2.nii.gz started.
Rigid registration to T2.nii.gz completed.
VS-SEG-071 Subject processing
Rigid registration to T2.nii.gz started.
Rigid registration to T2.nii.gz completed.
VS-SEG-131 Subject processing
Rigid registration to T2.nii.gz started.
Rigid registration to T2.nii.gz completed.
VS-SEG-128 Subject processing
Rigid registration to T2.nii.gz started.
Rigid registration to T2.nii.gz completed.
VS-SEG-237 Subject processing
Rigid registration to T2.nii.gz started.
Rigid registration to T2.nii.gz completed.
VS-SEG-115 Subject processing
Rigid registration to T2.nii.gz started.
Rigid registration to T2.nii.gz completed.
VS-SEG-247 Subject processing
Rigid registration to T2.nii.gz started.
Rigid registration to T2.nii.gz completed.
VS-SEG-036 Subject processing
Rigid registration to T2.nii.gz started.
Rigid registration to T2.nii.gz completed.
VS-SEG-238 Subject processing
Rigid registration to T2.nii.gz started.
Rigid registration to T2.nii.gz completed.
VS-SEG-112 Subject processing
Rigid registration to T2.nii.gz started.
Rigid registration to T2.nii.gz completed.
VS-SEG-210 Subject processing
Rigid registration to T2.nii.gz started.
Rigid registration to T2.nii.gz completed.
VS-SEG-221 Subject processing
Rigid registration to T2.nii.gz started.
Rigid registration to T2.nii.gz completed.
VS-SEG-092 Subject processing
Rigid registration to T2.nii.gz started.
Rigid registration to T2.nii.gz completed.
VS-SEG-176 Subject processing
Rigid registration to T2.nii.gz started.
Rigid registration to T2.nii.gz completed.
VS-SEG-200 Subject processing
Rigid registration to T2.nii.gz started.
Rigid registration to T2.nii.gz completed.
VS-SEG-246 Subject processing
Rigid registration to T2.nii.gz started.
Rigid registration to T2.nii.gz completed.
VS-SEG-133 Subject processing
Rigid registration to T2.nii.gz started.
Rigid registration to T2.nii.gz completed.
VS-SEG-005 Subject processing
Rigid registration to T2.nii.gz started.
Rigid registration to T2.nii.gz completed.
VS-SEG-134 Subject processing
Rigid registration to T2.nii.gz started.
Rigid registration to T2.nii.gz completed.
VS-SEG-073 Subject processing
Rigid registration to T2.nii.gz started.
Rigid registration to T2.nii.gz completed.
VS-SEG-006 Subject processing
Rigid registration to T2.nii.gz started.
Rigid registration to T2.nii.gz completed.
VS-SEG-132 Subject processing
Rigid registration to T2.nii.gz started.
Rigid registration to T2.nii.gz completed.
VS-SEG-028 Subject processing
Rigid registration to T2.nii.gz started.
Rigid registration to T2.nii.gz completed.
VS-SEG-060 Subject processing
Rigid registration to T2.nii.gz started.
Rigid registration to T2.nii.gz completed.
VS-SEG-170 Subject processing
Rigid registration to T2.nii.gz started.
Rigid registration to T2.nii.gz completed.
VS-SEG-241 Subject processing
Rigid registration to T2.nii.gz started.
Rigid registration to T2.nii.gz completed.
VS-SEG-013 Subject processing
Rigid registration to T2.nii.gz started.
Rigid registration to T2.nii.gz completed.
VS-SEG-232 Subject processing
Rigid registration to T2.nii.gz started.
Rigid registration to T2.nii.gz completed.
VS-SEG-143 Subject processing
Rigid registration to T2.nii.gz started.
Rigid registration to T2.nii.gz completed.
VS-SEG-053 Subject processing
Rigid registration to T2.nii.gz started.
Rigid registration to T2.nii.gz completed.
VS-SEG-248 Subject processing
Rigid registration to T2.nii.gz started.
Rigid registration to T2.nii.gz completed.
VS-SEG-187 Subject processing
Rigid registration to T2.nii.gz started.
Rigid registration to T2.nii.gz completed.
VS-SEG-243 Subject processing
Rigid registration to T2.nii.gz started.
Rigid registration to T2.nii.gz completed.
VS-SEG-144 Subject processing
Rigid registration to T2.nii.gz started.
Rigid registration to T2.nii.gz completed.
VS-SEG-041 Subject processing
Rigid registration to T2.nii.gz started.
Rigid registration to T2.nii.gz completed.
VS-SEG-089 Subject processing
Rigid registration to T2.nii.gz started.
Rigid registration to T2.nii.gz completed.
VS-SEG-185 Subject processing
Rigid registration to T2.nii.gz started.
Rigid registration to T2.nii.gz completed.
VS-SEG-088 Subject processing
Rigid registration to T2.nii.gz started.
Rigid registration to T2.nii.gz completed.
VS-SEG-023 Subject processing
Rigid registration to T2.nii.gz started.
Rigid registration to T2.nii.gz completed.
VS-SEG-040 Subject processing
Rigid registration to T2.nii.gz started.
Rigid registration to T2.nii.gz completed.
VS-SEG-205 Subject processing
Rigid registration to T2.nii.gz started.
Rigid registration to T2.nii.gz completed.
VS-SEG-165 Subject processing
Rigid registration to T2.nii.gz started.
Rigid registration to T2.nii.gz completed.
VS-SEG-046 Subject processing
Rigid registration to T2.nii.gz started.
Rigid registration to T2.nii.gz completed.
VS-SEG-109 Subject processing
Rigid registration to T2.nii.gz started.
Rigid registration to T2.nii.gz completed.
VS-SEG-055 Subject processing
Rigid registration to T2.nii.gz started.
Rigid registration to T2.nii.gz completed.
VS-SEG-030 Subject processing
Rigid registration to T2.nii.gz started.
Rigid registration to T2.nii.gz completed.
VS-SEG-121 Subject processing
Rigid registration to T2.nii.gz started.
Rigid registration to T2.nii.gz completed.
VS-SEG-250 Subject processing
Rigid registration to T2.nii.gz started.
Rigid registration to T2.nii.gz completed.
VS-SEG-026 Subject processing
Rigid registration to T2.nii.gz started.
Rigid registration to T2.nii.gz completed.
VS-SEG-029 Subject processing
Rigid registration to T2.nii.gz started.
Rigid registration to T2.nii.gz completed.
VS-SEG-024 Subject processing
Rigid registration to T2.nii.gz started.
Rigid registration to T2.nii.gz completed.
VS-SEG-223 Subject processing
Rigid registration to T2.nii.gz started.
Rigid registration to T2.nii.gz completed.
VS-SEG-119 Subject processing
Rigid registration to T2.nii.gz started.
Rigid registration to T2.nii.gz completed.
VS-SEG-072 Subject processing
Rigid registration to T2.nii.gz started.
Rigid registration to T2.nii.gz completed.
VS-SEG-078 Subject processing
Rigid registration to T2.nii.gz started.
Rigid registration to T2.nii.gz completed.
VS-SEG-114 Subject processing
Rigid registration to T2.nii.gz started.
Rigid registration to T2.nii.gz completed.
VS-SEG-177 Subject processing
Rigid registration to T2.nii.gz started.
Rigid registration to T2.nii.gz completed.
VS-SEG-032 Subject processing
Rigid registration to T2.nii.gz started.
Rigid registration to T2.nii.gz completed.
VS-SEG-076 Subject processing
Rigid registration to T2.nii.gz started.
Rigid registration to T2.nii.gz completed.
VS-SEG-052 Subject processing
Rigid registration to T2.nii.gz started.
Rigid registration to T2.nii.gz completed.
VS-SEG-207 Subject processing
Rigid registration to T2.nii.gz started.
Rigid registration to T2.nii.gz completed.
VS-SEG-242 Subject processing
Rigid registration to T2.nii.gz started.
Rigid registration to T2.nii.gz completed.
VS-SEG-045 Subject processing
Rigid registration to T2.nii.gz started.
Rigid registration to T2.nii.gz completed.
VS-SEG-003 Subject processing
Rigid registration to T2.nii.gz started.
Rigid registration to T2.nii.gz completed.
VS-SEG-009 Subject processing
Rigid registration to T2.nii.gz started.
Rigid registration to T2.nii.gz completed.
VS-SEG-059 Subject processing
Rigid registration to T2.nii.gz started.
Rigid registration to T2.nii.gz completed.
VS-SEG-240 Subject processing
Rigid registration to T2.nii.gz started.
Rigid registration to T2.nii.gz completed.
VS-SEG-203 Subject processing
Rigid registration to T2.nii.gz started.
Rigid registration to T2.nii.gz completed.
VS-SEG-103 Subject processing
Rigid registration to T2.nii.gz started.
Rigid registration to T2.nii.gz completed.
VS-SEG-193 Subject processing
Rigid registration to T2.nii.gz started.
Rigid registration to T2.nii.gz completed.
VS-SEG-015 Subject processing
Rigid registration to T2.nii.gz started.
Rigid registration to T2.nii.gz completed.
VS-SEG-158 Subject processing
Rigid registration to T2.nii.gz started.
Rigid registration to T2.nii.gz completed.
VS-SEG-001 Subject processing
Rigid registration to T2.nii.gz started.
Rigid registration to T2.nii.gz completed.
VS-SEG-108 Subject processing
Rigid registration to T2.nii.gz started.
Rigid registration to T2.nii.gz completed.
VS-SEG-050 Subject processing
Rigid registration to T2.nii.gz started.
Rigid registration to T2.nii.gz completed.
VS-SEG-183 Subject processing
Rigid registration to T2.nii.gz started.
Rigid registration to T2.nii.gz completed.
VS-SEG-189 Subject processing
Rigid registration to T2.nii.gz started.
Rigid registration to T2.nii.gz completed.
VS-SEG-196 Subject processing
Rigid registration to T2.nii.gz started.
Rigid registration to T2.nii.gz completed.
VS-SEG-161 Subject processing
Rigid registration to T2.nii.gz started.
Rigid registration to T2.nii.gz completed.
VS-SEG-178 Subject processing
Rigid registration to T2.nii.gz started.
Rigid registration to T2.nii.gz completed.
VS-SEG-061 Subject processing
Rigid registration to T2.nii.gz started.
Rigid registration to T2.nii.gz completed.
VS-SEG-233 Subject processing
Rigid registration to T2.nii.gz started.
Rigid registration to T2.nii.gz completed.
VS-SEG-182 Subject processing
Rigid registration to T2.nii.gz started.
Rigid registration to T2.nii.gz completed.
VS-SEG-002 Subject processing
Rigid registration to T2.nii.gz started.
Rigid registration to T2.nii.gz completed.
VS-SEG-075 Subject processing
Rigid registration to T2.nii.gz started.
Rigid registration to T2.nii.gz completed.
VS-SEG-043 Subject processing
Rigid registration to T2.nii.gz started.
Rigid registration to T2.nii.gz completed.
VS-SEG-014 Subject processing
Rigid registration to T2.nii.gz started.
Rigid registration to T2.nii.gz completed.
VS-SEG-148 Subject processing
Rigid registration to T2.nii.gz started.
Rigid registration to T2.nii.gz completed.
VS-SEG-228 Subject processing
Rigid registration to T2.nii.gz started.
Rigid registration to T2.nii.gz completed.
VS-SEG-216 Subject processing
Rigid registration to T2.nii.gz started.
Rigid registration to T2.nii.gz completed.
VS-SEG-094 Subject processing
Rigid registration to T2.nii.gz started.
Rigid registration to T2.nii.gz completed.
VS-SEG-091 Subject processing
Rigid registration to T2.nii.gz started.
Rigid registration to T2.nii.gz completed.
VS-SEG-224 Subject processing
Rigid registration to T2.nii.gz started.
Rigid registration to T2.nii.gz completed.
VS-SEG-016 Subject processing
Rigid registration to T2.nii.gz started.
Rigid registration to T2.nii.gz completed.
VS-SEG-153 Subject processing
Rigid registration to T2.nii.gz started.
Rigid registration to T2.nii.gz completed.
VS-SEG-064 Subject processing
Rigid registration to T2.nii.gz started.
Rigid registration to T2.nii.gz completed.
VS-SEG-146 Subject processing
Rigid registration to T2.nii.gz started.
Rigid registration to T2.nii.gz completed.
VS-SEG-201 Subject processing
Rigid registration to T2.nii.gz started.
Rigid registration to T2.nii.gz completed.
VS-SEG-110 Subject processing
Rigid registration to T2.nii.gz started.
Rigid registration to T2.nii.gz completed.
VS-SEG-062 Subject processing
Rigid registration to T2.nii.gz started.
Rigid registration to T2.nii.gz completed.
VS-SEG-086 Subject processing
Rigid registration to T2.nii.gz started.
Rigid registration to T2.nii.gz completed.
VS-SEG-111 Subject processing
Rigid registration to T2.nii.gz started.
Rigid registration to T2.nii.gz completed.
VS-SEG-215 Subject processing
Rigid registration to T2.nii.gz started.
Rigid registration to T2.nii.gz completed.
VS-SEG-031 Subject processing
Rigid registration to T2.nii.gz started.
Rigid registration to T2.nii.gz completed.
VS-SEG-211 Subject processing
Rigid registration to T2.nii.gz started.
Rigid registration to T2.nii.gz completed.
VS-SEG-129 Subject processing
Rigid registration to T2.nii.gz started.
Rigid registration to T2.nii.gz completed.
VS-SEG-244 Subject processing
Rigid registration to T2.nii.gz started.
Rigid registration to T2.nii.gz completed.
VS-SEG-188 Subject processing
Rigid registration to T2.nii.gz started.
Rigid registration to T2.nii.gz completed.
VS-SEG-198 Subject processing
Rigid registration to T2.nii.gz started.
Rigid registration to T2.nii.gz completed.
VS-SEG-080 Subject processing
Rigid registration to T2.nii.gz started.
Rigid registration to T2.nii.gz completed.
VS-SEG-167 Subject processing
Rigid registration to T2.nii.gz started.
Rigid registration to T2.nii.gz completed.
VS-SEG-192 Subject processing
Rigid registration to T2.nii.gz started.
Rigid registration to T2.nii.gz completed.
VS-SEG-105 Subject processing
Rigid registration to T2.nii.gz started.
Rigid registration to T2.nii.gz completed.
VS-SEG-184 Subject processing
Rigid registration to T2.nii.gz started.
Rigid registration to T2.nii.gz completed.
VS-SEG-044 Subject processing
Rigid registration to T2.nii.gz started.
Rigid registration to T2.nii.gz completed.
VS-SEG-181 Subject processing
Rigid registration to T2.nii.gz started.
Rigid registration to T2.nii.gz completed.
VS-SEG-180 Subject processing
Rigid registration to T2.nii.gz started.
Rigid registration to T2.nii.gz completed.
VS-SEG-202 Subject processing
Rigid registration to T2.nii.gz started.
Rigid registration to T2.nii.gz completed.
VS-SEG-214 Subject processing
Rigid registration to T2.nii.gz started.
Rigid registration to T2.nii.gz completed.
VS-SEG-057 Subject processing
Rigid registration to T2.nii.gz started.
Rigid registration to T2.nii.gz completed.
VS-SEG-106 Subject processing
Rigid registration to T2.nii.gz started.
Rigid registration to T2.nii.gz completed.
VS-SEG-190 Subject processing
Rigid registration to T2.nii.gz started.
Rigid registration to T2.nii.gz completed.
VS-SEG-065 Subject processing
Rigid registration to T2.nii.gz started.
Rigid registration to T2.nii.gz completed.
VS-SEG-090 Subject processing
Rigid registration to T2.nii.gz started.
Rigid registration to T2.nii.gz completed.
VS-SEG-017 Subject processing
Rigid registration to T2.nii.gz started.
Rigid registration to T2.nii.gz completed.
VS-SEG-139 Subject processing
Rigid registration to T2.nii.gz started.
Rigid registration to T2.nii.gz completed.
VS-SEG-034 Subject processing
Rigid registration to T2.nii.gz started.
Rigid registration to T2.nii.gz completed.
VS-SEG-051 Subject processing
Rigid registration to T2.nii.gz started.
Rigid registration to T2.nii.gz completed.
VS-SEG-138 Subject processing
Rigid registration to T2.nii.gz started.
Rigid registration to T2.nii.gz completed.
VS-SEG-118 Subject processing
Rigid registration to T2.nii.gz started.
Rigid registration to T2.nii.gz completed.
VS-SEG-172 Subject processing
Rigid registration to T2.nii.gz started.
Rigid registration to T2.nii.gz completed.
VS-SEG-066 Subject processing
Rigid registration to T2.nii.gz started.
Rigid registration to T2.nii.gz completed.
VS-SEG-169 Subject processing
Rigid registration to T2.nii.gz started.
Rigid registration to T2.nii.gz completed.
VS-SEG-140 Subject processing
Rigid registration to T2.nii.gz started.
Rigid registration to T2.nii.gz completed.
VS-SEG-154 Subject processing
Rigid registration to T2.nii.gz started.
Rigid registration to T2.nii.gz completed.
VS-SEG-149 Subject processing
Rigid registration to T2.nii.gz started.
Rigid registration to T2.nii.gz completed.
VS-SEG-117 Subject processing
Rigid registration to T2.nii.gz started.
Rigid registration to T2.nii.gz completed.
VS-SEG-035 Subject processing
Rigid registration to T2.nii.gz started.
Rigid registration to T2.nii.gz completed.
VS-SEG-063 Subject processing
Rigid registration to T2.nii.gz started.
Rigid registration to T2.nii.gz completed.
VS-SEG-049 Subject processing
Rigid registration to T2.nii.gz started.
Rigid registration to T2.nii.gz completed.
VS-SEG-199 Subject processing
Rigid registration to T2.nii.gz started.
Rigid registration to T2.nii.gz completed.
VS-SEG-077 Subject processing
Rigid registration to T2.nii.gz started.
Rigid registration to T2.nii.gz completed.
VS-SEG-145 Subject processing
Rigid registration to T2.nii.gz started.
Rigid registration to T2.nii.gz completed.
VS-SEG-027 Subject processing
Rigid registration to T2.nii.gz started.
Rigid registration to T2.nii.gz completed.
VS-SEG-087 Subject processing
Rigid registration to T2.nii.gz started.
Rigid registration to T2.nii.gz completed.
VS-SEG-067 Subject processing
Rigid registration to T2.nii.gz started.
Rigid registration to T2.nii.gz completed.
VS-SEG-225 Subject processing
Rigid registration to T2.nii.gz started.
Rigid registration to T2.nii.gz completed.
VS-SEG-209 Subject processing
Rigid registration to T2.nii.gz started.
Rigid registration to T2.nii.gz completed.
VS-SEG-124 Subject processing
Rigid registration to T2.nii.gz started.
Rigid registration to T2.nii.gz completed.
VS-SEG-152 Subject processing
Rigid registration to T2.nii.gz started.
Rigid registration to T2.nii.gz completed.
VS-SEG-179 Subject processing
Rigid registration to T2.nii.gz started.
Rigid registration to T2.nii.gz completed.
VS-SEG-186 Subject processing
Rigid registration to T2.nii.gz started.
Rigid registration to T2.nii.gz completed.
VS-SEG-213 Subject processing
Rigid registration to T2.nii.gz started.
Rigid registration to T2.nii.gz completed.
VS-SEG-171 Subject processing
Rigid registration to T2.nii.gz started.
Rigid registration to T2.nii.gz completed.
VS-SEG-054 Subject processing
Rigid registration to T2.nii.gz started.
Rigid registration to T2.nii.gz completed.
VS-SEG-230 Subject processing
Rigid registration to T2.nii.gz started.
Rigid registration to T2.nii.gz completed.
VS-SEG-142 Subject processing
Rigid registration to T2.nii.gz started.
Rigid registration to T2.nii.gz completed.
VS-SEG-162 Subject processing
Rigid registration to T2.nii.gz started.
Rigid registration to T2.nii.gz completed.
VS-SEG-249 Subject processing
Rigid registration to T2.nii.gz started.
Rigid registration to T2.nii.gz completed.
VS-SEG-218 Subject processing
Rigid registration to T2.nii.gz started.
Rigid registration to T2.nii.gz completed.
VS-SEG-234 Subject processing
Rigid registration to T2.nii.gz started.
Rigid registration to T2.nii.gz completed.
VS-SEG-011 Subject processing
Rigid registration to T2.nii.gz started.
Rigid registration to T2.nii.gz completed.
VS-SEG-125 Subject processing
Rigid registration to T2.nii.gz started.
Rigid registration to T2.nii.gz completed.
VS-SEG-236 Subject processing
Rigid registration to T2.nii.gz started.
Rigid registration to T2.nii.gz completed.
VS-SEG-025 Subject processing
Rigid registration to T2.nii.gz started.
Rigid registration to T2.nii.gz completed.
VS-SEG-113 Subject processing
Rigid registration to T2.nii.gz started.
Rigid registration to T2.nii.gz completed.
VS-SEG-083 Subject processing
Rigid registration to T2.nii.gz started.
Rigid registration to T2.nii.gz completed.
VS-SEG-173 Subject processing
Rigid registration to T2.nii.gz started.
Rigid registration to T2.nii.gz completed.
VS-SEG-102 Subject processing
Rigid registration to T2.nii.gz started.
Rigid registration to T2.nii.gz completed.
VS-SEG-004 Subject processing
Rigid registration to T2.nii.gz started.
Rigid registration to T2.nii.gz completed.
VS-SEG-107 Subject processing
Rigid registration to T2.nii.gz started.
Rigid registration to T2.nii.gz completed.
VS-SEG-058 Subject processing
Rigid registration to T2.nii.gz started.
Rigid registration to T2.nii.gz completed.
VS-SEG-120 Subject processing
Rigid registration to T2.nii.gz started.
Rigid registration to T2.nii.gz completed.
VS-SEG-085 Subject processing
Rigid registration to T2.nii.gz started.
Rigid registration to T2.nii.gz completed.
VS-SEG-038 Subject processing
Rigid registration to T2.nii.gz started.
Rigid registration to T2.nii.gz completed.
VS-SEG-082 Subject processing
Rigid registration to T2.nii.gz started.
Rigid registration to T2.nii.gz completed.
VS-SEG-096 Subject processing
Rigid registration to T2.nii.gz started.
Rigid registration to T2.nii.gz completed.
VS-SEG-156 Subject processing
Rigid registration to T2.nii.gz started.
Rigid registration to T2.nii.gz completed.
VS-SEG-104 Subject processing
Rigid registration to T2.nii.gz started.
Rigid registration to T2.nii.gz completed.
VS-SEG-231 Subject processing
Rigid registration to T2.nii.gz started.
Rigid registration to T2.nii.gz completed.
VS-SEG-164 Subject processing
Rigid registration to T2.nii.gz started.
Rigid registration to T2.nii.gz completed.
VS-SEG-206 Subject processing
Rigid registration to T2.nii.gz started.
Rigid registration to T2.nii.gz completed.
VS-SEG-217 Subject processing
Rigid registration to T2.nii.gz started.
Rigid registration to T2.nii.gz completed.
VS-SEG-229 Subject processing
Rigid registration to T2.nii.gz started.
Rigid registration to T2.nii.gz completed.
VS-SEG-226 Subject processing
Rigid registration to T2.nii.gz started.
Rigid registration to T2.nii.gz completed.
VS-SEG-098 Subject processing
Rigid registration to T2.nii.gz started.
Rigid registration to T2.nii.gz completed.
VS-SEG-212 Subject processing
Rigid registration to T2.nii.gz started.
Rigid registration to T2.nii.gz completed.
VS-SEG-163 Subject processing
Rigid registration to T2.nii.gz started.
Rigid registration to T2.nii.gz completed.
VS-SEG-021 Subject processing
Rigid registration to T2.nii.gz started.
Rigid registration to T2.nii.gz completed.
VS-SEG-166 Subject processing
Rigid registration to T2.nii.gz started.
Rigid registration to T2.nii.gz completed.
VS-SEG-174 Subject processing
Rigid registration to T2.nii.gz started.
Rigid registration to T2.nii.gz completed.
VS-SEG-070 Subject processing
Rigid registration to T2.nii.gz started.
Rigid registration to T2.nii.gz completed.
VS-SEG-194 Subject processing
Rigid registration to T2.nii.gz started.
Rigid registration to T2.nii.gz completed.
VS-SEG-019 Subject processing
Rigid registration to T2.nii.gz started.
Rigid registration to T2.nii.gz completed.
VS-SEG-037 Subject processing
Rigid registration to T2.nii.gz started.
Rigid registration to T2.nii.gz completed.
VS-SEG-220 Subject processing
Rigid registration to T2.nii.gz started.
Rigid registration to T2.nii.gz completed.
VS-SEG-033 Subject processing
Rigid registration to T2.nii.gz started.
Rigid registration to T2.nii.gz completed.
VS-SEG-197 Subject processing
Rigid registration to T2.nii.gz started.
Rigid registration to T2.nii.gz completed.
VS-SEG-222 Subject processing
Rigid registration to T2.nii.gz started.
Rigid registration to T2.nii.gz completed.
VS-SEG-195 Subject processing
Rigid registration to T2.nii.gz started.
Rigid registration to T2.nii.gz completed.
VS-SEG-100 Subject processing
Rigid registration to T2.nii.gz started.
Rigid registration to T2.nii.gz completed.
VS-SEG-081 Subject processing
Rigid registration to T2.nii.gz started.
Rigid registration to T2.nii.gz completed.
VS-SEG-095 Subject processing
Rigid registration to T2.nii.gz started.
Rigid registration to T2.nii.gz completed.
VS-SEG-068 Subject processing
Rigid registration to T2.nii.gz started.
Rigid registration to T2.nii.gz completed.
Namespace(path='/anvar/public_datasets/preproc_study/schw/orig/', fixedfilename=['T1.nii.gz'], maskfilename=['T1_SEG.nii.gz'], movingfilenames=['T2.nii.gz'], output='/anvar/public_datasets/preproc_study/schw/1_reg/')
