/anvar/public_datasets/preproc_study/gbm/orig/ Folder processing
TCGA-02-0086 Subject processing
N4 image correction started TCGA-02-0086.
N4 image correction completed TCGA-02-0086.
Rigid registration to CT1.nii.gz started.
Saving T1.nii.gz file
Rigid registration to CT1.nii.gz started.
Saving FLAIR.nii.gz file
Rigid registration to CT1.nii.gz started.
Saving T2.nii.gz file
TCGA-02-0102 Subject processing
N4 image correction started TCGA-02-0102.
N4 image correction completed TCGA-02-0102.
Rigid registration to CT1.nii.gz started.
Saving T1.nii.gz file
Rigid registration to CT1.nii.gz started.
Saving FLAIR.nii.gz file
Rigid registration to CT1.nii.gz started.
Saving T2.nii.gz file
TCGA-02-0059 Subject processing
N4 image correction started TCGA-02-0059.
N4 image correction completed TCGA-02-0059.
Rigid registration to CT1.nii.gz started.
Saving T1.nii.gz file
Rigid registration to CT1.nii.gz started.
Saving FLAIR.nii.gz file
Rigid registration to CT1.nii.gz started.
Saving T2.nii.gz file
TCGA-02-0069 Subject processing
N4 image correction started TCGA-02-0069.
N4 image correction completed TCGA-02-0069.
Rigid registration to CT1.nii.gz started.
Saving T1.nii.gz file
Rigid registration to CT1.nii.gz started.
Saving FLAIR.nii.gz file
Rigid registration to CT1.nii.gz started.
Saving T2.nii.gz file
TCGA-19-2624 Subject processing
N4 image correction started TCGA-19-2624.
N4 image correction completed TCGA-19-2624.
Rigid registration to CT1.nii.gz started.
Saving T1.nii.gz file
Rigid registration to CT1.nii.gz started.
Saving FLAIR.nii.gz file
Rigid registration to CT1.nii.gz started.
Saving T2.nii.gz file
TCGA-06-0182 Subject processing
N4 image correction started TCGA-06-0182.
N4 image correction completed TCGA-06-0182.
Rigid registration to CT1.nii.gz started.
Saving T1.nii.gz file
Rigid registration to CT1.nii.gz started.
Saving FLAIR.nii.gz file
Rigid registration to CT1.nii.gz started.
Saving T2.nii.gz file
TCGA-08-0360 Subject processing
N4 image correction started TCGA-08-0360.
N4 image correction completed TCGA-08-0360.
Rigid registration to CT1.nii.gz started.
Saving T1.nii.gz file
Rigid registration to CT1.nii.gz started.
Saving FLAIR.nii.gz file
Rigid registration to CT1.nii.gz started.
Saving T2.nii.gz file
TCGA-02-0006 Subject processing
N4 image correction started TCGA-02-0006.
N4 image correction completed TCGA-02-0006.
Rigid registration to CT1.nii.gz started.
Saving T1.nii.gz file
Rigid registration to CT1.nii.gz started.
Saving FLAIR.nii.gz file
Rigid registration to CT1.nii.gz started.
Saving T2.nii.gz file
TCGA-19-2631 Subject processing
N4 image correction started TCGA-19-2631.
N4 image correction completed TCGA-19-2631.
Rigid registration to CT1.nii.gz started.
Saving T1.nii.gz file
Rigid registration to CT1.nii.gz started.
Saving FLAIR.nii.gz file
Rigid registration to CT1.nii.gz started.
Saving T2.nii.gz file
TCGA-12-1094 Subject processing
N4 image correction started TCGA-12-1094.
N4 image correction completed TCGA-12-1094.
Rigid registration to CT1.nii.gz started.
Saving T1.nii.gz file
Rigid registration to CT1.nii.gz started.
Saving FLAIR.nii.gz file
Rigid registration to CT1.nii.gz started.
Saving T2.nii.gz file
TCGA-06-2570 Subject processing
N4 image correction started TCGA-06-2570.
N4 image correction completed TCGA-06-2570.
Rigid registration to CT1.nii.gz started.
Saving T1.nii.gz file
Rigid registration to CT1.nii.gz started.
Saving FLAIR.nii.gz file
Rigid registration to CT1.nii.gz started.
Saving T2.nii.gz file
TCGA-06-0119 Subject processing
N4 image correction started TCGA-06-0119.
N4 image correction completed TCGA-06-0119.
Rigid registration to CT1.nii.gz started.
Saving T1.nii.gz file
Rigid registration to CT1.nii.gz started.
Saving FLAIR.nii.gz file
Rigid registration to CT1.nii.gz started.
Saving T2.nii.gz file
TCGA-06-0145 Subject processing
N4 image correction started TCGA-06-0145.
N4 image correction completed TCGA-06-0145.
Rigid registration to CT1.nii.gz started.
Saving T1.nii.gz file
Rigid registration to CT1.nii.gz started.
Saving FLAIR.nii.gz file
Rigid registration to CT1.nii.gz started.
Saving T2.nii.gz file
TCGA-08-0509 Subject processing
N4 image correction started TCGA-08-0509.
N4 image correction completed TCGA-08-0509.
Rigid registration to CT1.nii.gz started.
Saving T1.nii.gz file
Rigid registration to CT1.nii.gz started.
Saving FLAIR.nii.gz file
Rigid registration to CT1.nii.gz started.
Saving T2.nii.gz file
TCGA-06-5408 Subject processing
N4 image correction started TCGA-06-5408.
N4 image correction completed TCGA-06-5408.
Rigid registration to CT1.nii.gz started.
Saving T1.nii.gz file
Rigid registration to CT1.nii.gz started.
Saving FLAIR.nii.gz file
Rigid registration to CT1.nii.gz started.
Saving T2.nii.gz file
TCGA-02-0116 Subject processing
N4 image correction started TCGA-02-0116.
N4 image correction completed TCGA-02-0116.
Rigid registration to CT1.nii.gz started.
Saving T1.nii.gz file
Rigid registration to CT1.nii.gz started.
Saving FLAIR.nii.gz file
Rigid registration to CT1.nii.gz started.
Saving T2.nii.gz file
TCGA-06-0188 Subject processing
N4 image correction started TCGA-06-0188.
N4 image correction completed TCGA-06-0188.
Rigid registration to CT1.nii.gz started.
Saving T1.nii.gz file
Rigid registration to CT1.nii.gz started.
Saving FLAIR.nii.gz file
Rigid registration to CT1.nii.gz started.
Saving T2.nii.gz file
TCGA-76-6661 Subject processing
N4 image correction started TCGA-76-6661.
N4 image correction completed TCGA-76-6661.
Rigid registration to CT1.nii.gz started.
Saving T1.nii.gz file
Rigid registration to CT1.nii.gz started.
Saving FLAIR.nii.gz file
Rigid registration to CT1.nii.gz started.
Saving T2.nii.gz file
TCGA-02-0047 Subject processing
N4 image correction started TCGA-02-0047.
N4 image correction completed TCGA-02-0047.
Rigid registration to CT1.nii.gz started.
Saving T1.nii.gz file
Rigid registration to CT1.nii.gz started.
Saving FLAIR.nii.gz file
Rigid registration to CT1.nii.gz started.
Saving T2.nii.gz file
TCGA-12-3650 Subject processing
N4 image correction started TCGA-12-3650.
N4 image correction completed TCGA-12-3650.
Rigid registration to CT1.nii.gz started.
Saving T1.nii.gz file
Rigid registration to CT1.nii.gz started.
Saving FLAIR.nii.gz file
Rigid registration to CT1.nii.gz started.
Saving T2.nii.gz file
TCGA-02-0064 Subject processing
N4 image correction started TCGA-02-0064.
N4 image correction completed TCGA-02-0064.
Rigid registration to CT1.nii.gz started.
Saving T1.nii.gz file
Rigid registration to CT1.nii.gz started.
Saving FLAIR.nii.gz file
Rigid registration to CT1.nii.gz started.
Saving T2.nii.gz file
TCGA-14-1825 Subject processing
N4 image correction started TCGA-14-1825.
N4 image correction completed TCGA-14-1825.
Rigid registration to CT1.nii.gz started.
Saving T1.nii.gz file
Rigid registration to CT1.nii.gz started.
Saving FLAIR.nii.gz file
Rigid registration to CT1.nii.gz started.
Saving T2.nii.gz file
TCGA-06-0162 Subject processing
N4 image correction started TCGA-06-0162.
N4 image correction completed TCGA-06-0162.
Rigid registration to CT1.nii.gz started.
Saving T1.nii.gz file
Rigid registration to CT1.nii.gz started.
Saving FLAIR.nii.gz file
Rigid registration to CT1.nii.gz started.
Saving T2.nii.gz file
TCGA-02-0033 Subject processing
N4 image correction started TCGA-02-0033.
N4 image correction completed TCGA-02-0033.
Rigid registration to CT1.nii.gz started.
Saving T1.nii.gz file
Rigid registration to CT1.nii.gz started.
Saving FLAIR.nii.gz file
Rigid registration to CT1.nii.gz started.
Saving T2.nii.gz file
TCGA-08-0359 Subject processing
N4 image correction started TCGA-08-0359.
N4 image correction completed TCGA-08-0359.
Rigid registration to CT1.nii.gz started.
Saving T1.nii.gz file
Rigid registration to CT1.nii.gz started.
Saving FLAIR.nii.gz file
Rigid registration to CT1.nii.gz started.
Saving T2.nii.gz file
TCGA-02-0054 Subject processing
N4 image correction started TCGA-02-0054.
N4 image correction completed TCGA-02-0054.
Rigid registration to CT1.nii.gz started.
Saving T1.nii.gz file
Rigid registration to CT1.nii.gz started.
Saving FLAIR.nii.gz file
Rigid registration to CT1.nii.gz started.
Saving T2.nii.gz file
TCGA-06-0184 Subject processing
N4 image correction started TCGA-06-0184.
N4 image correction completed TCGA-06-0184.
Rigid registration to CT1.nii.gz started.
Saving T1.nii.gz file
Rigid registration to CT1.nii.gz started.
Saving FLAIR.nii.gz file
Rigid registration to CT1.nii.gz started.
Saving T2.nii.gz file
TCGA-12-1601 Subject processing
N4 image correction started TCGA-12-1601.
N4 image correction completed TCGA-12-1601.
Rigid registration to CT1.nii.gz started.
Saving T1.nii.gz file
Rigid registration to CT1.nii.gz started.
Saving FLAIR.nii.gz file
Rigid registration to CT1.nii.gz started.
Saving T2.nii.gz file
TCGA-06-5413 Subject processing
N4 image correction started TCGA-06-5413.
N4 image correction completed TCGA-06-5413.
Rigid registration to CT1.nii.gz started.
Saving T1.nii.gz file
Rigid registration to CT1.nii.gz started.
Saving FLAIR.nii.gz file
Rigid registration to CT1.nii.gz started.
Saving T2.nii.gz file
TCGA-76-6191 Subject processing
N4 image correction started TCGA-76-6191.
N4 image correction completed TCGA-76-6191.
Rigid registration to CT1.nii.gz started.
Saving T1.nii.gz file
Rigid registration to CT1.nii.gz started.
Saving FLAIR.nii.gz file
Rigid registration to CT1.nii.gz started.
Saving T2.nii.gz file
TCGA-02-0075 Subject processing
N4 image correction started TCGA-02-0075.
N4 image correction completed TCGA-02-0075.
Rigid registration to CT1.nii.gz started.
Saving T1.nii.gz file
Rigid registration to CT1.nii.gz started.
Saving FLAIR.nii.gz file
Rigid registration to CT1.nii.gz started.
Saving T2.nii.gz file
TCGA-06-0177 Subject processing
N4 image correction started TCGA-06-0177.
N4 image correction completed TCGA-06-0177.
Rigid registration to CT1.nii.gz started.
Saving T1.nii.gz file
Rigid registration to CT1.nii.gz started.
Saving FLAIR.nii.gz file
Rigid registration to CT1.nii.gz started.
Saving T2.nii.gz file
TCGA-06-0154 Subject processing
N4 image correction started TCGA-06-0154.
N4 image correction completed TCGA-06-0154.
Rigid registration to CT1.nii.gz started.
Saving T1.nii.gz file
Rigid registration to CT1.nii.gz started.
Saving FLAIR.nii.gz file
Rigid registration to CT1.nii.gz started.
Saving T2.nii.gz file
TCGA-06-0179 Subject processing
N4 image correction started TCGA-06-0179.
N4 image correction completed TCGA-06-0179.
Rigid registration to CT1.nii.gz started.
Saving T1.nii.gz file
Rigid registration to CT1.nii.gz started.
Saving FLAIR.nii.gz file
Rigid registration to CT1.nii.gz started.
Saving T2.nii.gz file
TCGA-19-5951 Subject processing
N4 image correction started TCGA-19-5951.
N4 image correction completed TCGA-19-5951.
Rigid registration to CT1.nii.gz started.
Saving T1.nii.gz file
Rigid registration to CT1.nii.gz started.
Saving FLAIR.nii.gz file
Rigid registration to CT1.nii.gz started.
Saving T2.nii.gz file
TCGA-12-1598 Subject processing
N4 image correction started TCGA-12-1598.
N4 image correction completed TCGA-12-1598.
Rigid registration to CT1.nii.gz started.
Saving T1.nii.gz file
Rigid registration to CT1.nii.gz started.
Saving FLAIR.nii.gz file
Rigid registration to CT1.nii.gz started.
Saving T2.nii.gz file
TCGA-12-0616 Subject processing
N4 image correction started TCGA-12-0616.
N4 image correction completed TCGA-12-0616.
Rigid registration to CT1.nii.gz started.
Saving T1.nii.gz file
Rigid registration to CT1.nii.gz started.
Saving FLAIR.nii.gz file
Rigid registration to CT1.nii.gz started.
Saving T2.nii.gz file
TCGA-02-0070 Subject processing
N4 image correction started TCGA-02-0070.
N4 image correction completed TCGA-02-0070.
Rigid registration to CT1.nii.gz started.
Saving T1.nii.gz file
Rigid registration to CT1.nii.gz started.
Saving FLAIR.nii.gz file
Rigid registration to CT1.nii.gz started.
Saving T2.nii.gz file
TCGA-06-1084 Subject processing
N4 image correction started TCGA-06-1084.
N4 image correction completed TCGA-06-1084.
Rigid registration to CT1.nii.gz started.
Saving T1.nii.gz file
Rigid registration to CT1.nii.gz started.
Saving FLAIR.nii.gz file
Rigid registration to CT1.nii.gz started.
Saving T2.nii.gz file
TCGA-12-0829 Subject processing
N4 image correction started TCGA-12-0829.
N4 image correction completed TCGA-12-0829.
Rigid registration to CT1.nii.gz started.
Saving T1.nii.gz file
Rigid registration to CT1.nii.gz started.
Saving FLAIR.nii.gz file
Rigid registration to CT1.nii.gz started.
Saving T2.nii.gz file
TCGA-76-4932 Subject processing
N4 image correction started TCGA-76-4932.
N4 image correction completed TCGA-76-4932.
Rigid registration to CT1.nii.gz started.
Saving T1.nii.gz file
Rigid registration to CT1.nii.gz started.
Saving FLAIR.nii.gz file
Rigid registration to CT1.nii.gz started.
Saving T2.nii.gz file
TCGA-02-0068 Subject processing
N4 image correction started TCGA-02-0068.
N4 image correction completed TCGA-02-0068.
Rigid registration to CT1.nii.gz started.
Saving T1.nii.gz file
Rigid registration to CT1.nii.gz started.
Saving FLAIR.nii.gz file
Rigid registration to CT1.nii.gz started.
Saving T2.nii.gz file
TCGA-76-6282 Subject processing
N4 image correction started TCGA-76-6282.
N4 image correction completed TCGA-76-6282.
Rigid registration to CT1.nii.gz started.
Saving T1.nii.gz file
Rigid registration to CT1.nii.gz started.
Saving FLAIR.nii.gz file
Rigid registration to CT1.nii.gz started.
Saving T2.nii.gz file
TCGA-08-0385 Subject processing
N4 image correction started TCGA-08-0385.
N4 image correction completed TCGA-08-0385.
Rigid registration to CT1.nii.gz started.
Saving T1.nii.gz file
Rigid registration to CT1.nii.gz started.
Saving FLAIR.nii.gz file
Rigid registration to CT1.nii.gz started.
Saving T2.nii.gz file
TCGA-12-1098 Subject processing
N4 image correction started TCGA-12-1098.
N4 image correction completed TCGA-12-1098.
Rigid registration to CT1.nii.gz started.
Saving T1.nii.gz file
Rigid registration to CT1.nii.gz started.
Saving FLAIR.nii.gz file
Rigid registration to CT1.nii.gz started.
Saving T2.nii.gz file
TCGA-08-0512 Subject processing
N4 image correction started TCGA-08-0512.
N4 image correction completed TCGA-08-0512.
Rigid registration to CT1.nii.gz started.
Saving T1.nii.gz file
Rigid registration to CT1.nii.gz started.
Saving FLAIR.nii.gz file
Rigid registration to CT1.nii.gz started.
Saving T2.nii.gz file
TCGA-08-0389 Subject processing
N4 image correction started TCGA-08-0389.
N4 image correction completed TCGA-08-0389.
Rigid registration to CT1.nii.gz started.
Saving T1.nii.gz file
Rigid registration to CT1.nii.gz started.
Saving FLAIR.nii.gz file
Rigid registration to CT1.nii.gz started.
Saving T2.nii.gz file
TCGA-14-1794 Subject processing
N4 image correction started TCGA-14-1794.
N4 image correction completed TCGA-14-1794.
Rigid registration to CT1.nii.gz started.
Saving T1.nii.gz file
Rigid registration to CT1.nii.gz started.
Saving FLAIR.nii.gz file
Rigid registration to CT1.nii.gz started.
Saving T2.nii.gz file
TCGA-19-1789 Subject processing
N4 image correction started TCGA-19-1789.
N4 image correction completed TCGA-19-1789.
Rigid registration to CT1.nii.gz started.
Saving T1.nii.gz file
Rigid registration to CT1.nii.gz started.
Saving FLAIR.nii.gz file
Rigid registration to CT1.nii.gz started.
Saving T2.nii.gz file
TCGA-02-0009 Subject processing
N4 image correction started TCGA-02-0009.
N4 image correction completed TCGA-02-0009.
Rigid registration to CT1.nii.gz started.
Saving T1.nii.gz file
Rigid registration to CT1.nii.gz started.
Saving FLAIR.nii.gz file
Rigid registration to CT1.nii.gz started.
Saving T2.nii.gz file
TCGA-06-0122 Subject processing
N4 image correction started TCGA-06-0122.
N4 image correction completed TCGA-06-0122.
Rigid registration to CT1.nii.gz started.
Saving T1.nii.gz file
Rigid registration to CT1.nii.gz started.
Saving FLAIR.nii.gz file
Rigid registration to CT1.nii.gz started.
Saving T2.nii.gz file
TCGA-08-0355 Subject processing
N4 image correction started TCGA-08-0355.
N4 image correction completed TCGA-08-0355.
Rigid registration to CT1.nii.gz started.
Saving T1.nii.gz file
Rigid registration to CT1.nii.gz started.
Saving FLAIR.nii.gz file
Rigid registration to CT1.nii.gz started.
Saving T2.nii.gz file
TCGA-06-6389 Subject processing
N4 image correction started TCGA-06-6389.
N4 image correction completed TCGA-06-6389.
Rigid registration to CT1.nii.gz started.
Saving T1.nii.gz file
Rigid registration to CT1.nii.gz started.
Saving FLAIR.nii.gz file
Rigid registration to CT1.nii.gz started.
Saving T2.nii.gz file
TCGA-06-0190 Subject processing
N4 image correction started TCGA-06-0190.
N4 image correction completed TCGA-06-0190.
Rigid registration to CT1.nii.gz started.
Saving T1.nii.gz file
Rigid registration to CT1.nii.gz started.
Saving FLAIR.nii.gz file
Rigid registration to CT1.nii.gz started.
Saving T2.nii.gz file
TCGA-06-0192 Subject processing
N4 image correction started TCGA-06-0192.
N4 image correction completed TCGA-06-0192.
Rigid registration to CT1.nii.gz started.
Saving T1.nii.gz file
Rigid registration to CT1.nii.gz started.
Saving FLAIR.nii.gz file
Rigid registration to CT1.nii.gz started.
Saving T2.nii.gz file
TCGA-02-0027 Subject processing
N4 image correction started TCGA-02-0027.
N4 image correction completed TCGA-02-0027.
Rigid registration to CT1.nii.gz started.
Saving T1.nii.gz file
Rigid registration to CT1.nii.gz started.
Saving FLAIR.nii.gz file
Rigid registration to CT1.nii.gz started.
Saving T2.nii.gz file
TCGA-06-0137 Subject processing
N4 image correction started TCGA-06-0137.
N4 image correction completed TCGA-06-0137.
Rigid registration to CT1.nii.gz started.
Saving T1.nii.gz file
Rigid registration to CT1.nii.gz started.
Saving FLAIR.nii.gz file
Rigid registration to CT1.nii.gz started.
Saving T2.nii.gz file
TCGA-12-0776 Subject processing
N4 image correction started TCGA-12-0776.
N4 image correction completed TCGA-12-0776.
Rigid registration to CT1.nii.gz started.
Saving T1.nii.gz file
Rigid registration to CT1.nii.gz started.
Saving FLAIR.nii.gz file
Rigid registration to CT1.nii.gz started.
Saving T2.nii.gz file
TCGA-76-6657 Subject processing
N4 image correction started TCGA-76-6657.
N4 image correction completed TCGA-76-6657.
Rigid registration to CT1.nii.gz started.
Saving T1.nii.gz file
Rigid registration to CT1.nii.gz started.
Saving FLAIR.nii.gz file
Rigid registration to CT1.nii.gz started.
Saving T2.nii.gz file
TCGA-06-0176 Subject processing
N4 image correction started TCGA-06-0176.
N4 image correction completed TCGA-06-0176.
Rigid registration to CT1.nii.gz started.
Saving T1.nii.gz file
Rigid registration to CT1.nii.gz started.
Saving FLAIR.nii.gz file
Rigid registration to CT1.nii.gz started.
Saving T2.nii.gz file
TCGA-08-0356 Subject processing
N4 image correction started TCGA-08-0356.
N4 image correction completed TCGA-08-0356.
Rigid registration to CT1.nii.gz started.
Saving T1.nii.gz file
Rigid registration to CT1.nii.gz started.
Saving FLAIR.nii.gz file
Rigid registration to CT1.nii.gz started.
Saving T2.nii.gz file
TCGA-76-6662 Subject processing
N4 image correction started TCGA-76-6662.
N4 image correction completed TCGA-76-6662.
Rigid registration to CT1.nii.gz started.
Saving T1.nii.gz file
Rigid registration to CT1.nii.gz started.
Saving FLAIR.nii.gz file
Rigid registration to CT1.nii.gz started.
Saving T2.nii.gz file
TCGA-08-0522 Subject processing
N4 image correction started TCGA-08-0522.
N4 image correction completed TCGA-08-0522.
Rigid registration to CT1.nii.gz started.
Saving T1.nii.gz file
Rigid registration to CT1.nii.gz started.
Saving FLAIR.nii.gz file
Rigid registration to CT1.nii.gz started.
Saving T2.nii.gz file
TCGA-06-1802 Subject processing
N4 image correction started TCGA-06-1802.
N4 image correction completed TCGA-06-1802.
Rigid registration to CT1.nii.gz started.
Saving T1.nii.gz file
Rigid registration to CT1.nii.gz started.
Saving FLAIR.nii.gz file
Rigid registration to CT1.nii.gz started.
Saving T2.nii.gz file
TCGA-19-5960 Subject processing
N4 image correction started TCGA-19-5960.
N4 image correction completed TCGA-19-5960.
Rigid registration to CT1.nii.gz started.
Saving T1.nii.gz file
Rigid registration to CT1.nii.gz started.
Saving FLAIR.nii.gz file
Rigid registration to CT1.nii.gz started.
Saving T2.nii.gz file
TCGA-08-0390 Subject processing
N4 image correction started TCGA-08-0390.
N4 image correction completed TCGA-08-0390.
Rigid registration to CT1.nii.gz started.
Saving T1.nii.gz file
Rigid registration to CT1.nii.gz started.
Saving FLAIR.nii.gz file
Rigid registration to CT1.nii.gz started.
Saving T2.nii.gz file
TCGA-14-1456 Subject processing
N4 image correction started TCGA-14-1456.
N4 image correction completed TCGA-14-1456.
Rigid registration to CT1.nii.gz started.
Saving T1.nii.gz file
Rigid registration to CT1.nii.gz started.
Saving FLAIR.nii.gz file
Rigid registration to CT1.nii.gz started.
Saving T2.nii.gz file
TCGA-06-0158 Subject processing
N4 image correction started TCGA-06-0158.
N4 image correction completed TCGA-06-0158.
Rigid registration to CT1.nii.gz started.
Saving T1.nii.gz file
Rigid registration to CT1.nii.gz started.
Saving FLAIR.nii.gz file
Rigid registration to CT1.nii.gz started.
Saving T2.nii.gz file
TCGA-06-0139 Subject processing
N4 image correction started TCGA-06-0139.
N4 image correction completed TCGA-06-0139.
Rigid registration to CT1.nii.gz started.
Saving T1.nii.gz file
Rigid registration to CT1.nii.gz started.
Saving FLAIR.nii.gz file
Rigid registration to CT1.nii.gz started.
Saving T2.nii.gz file
TCGA-06-0238 Subject processing
N4 image correction started TCGA-06-0238.
N4 image correction completed TCGA-06-0238.
Rigid registration to CT1.nii.gz started.
Saving T1.nii.gz file
Rigid registration to CT1.nii.gz started.
Saving FLAIR.nii.gz file
Rigid registration to CT1.nii.gz started.
Saving T2.nii.gz file
TCGA-76-4935 Subject processing
N4 image correction started TCGA-76-4935.
N4 image correction completed TCGA-76-4935.
Rigid registration to CT1.nii.gz started.
Saving T1.nii.gz file
Rigid registration to CT1.nii.gz started.
Saving FLAIR.nii.gz file
Rigid registration to CT1.nii.gz started.
Saving T2.nii.gz file
TCGA-14-3477 Subject processing
N4 image correction started TCGA-14-3477.
N4 image correction completed TCGA-14-3477.
Rigid registration to CT1.nii.gz started.
Saving T1.nii.gz file
Rigid registration to CT1.nii.gz started.
Saving FLAIR.nii.gz file
Rigid registration to CT1.nii.gz started.
Saving T2.nii.gz file
TCGA-02-0106 Subject processing
N4 image correction started TCGA-02-0106.
N4 image correction completed TCGA-02-0106.
Rigid registration to CT1.nii.gz started.
Saving T1.nii.gz file
Rigid registration to CT1.nii.gz started.
Saving FLAIR.nii.gz file
Rigid registration to CT1.nii.gz started.
Saving T2.nii.gz file
TCGA-06-0644 Subject processing
N4 image correction started TCGA-06-0644.
N4 image correction completed TCGA-06-0644.
Rigid registration to CT1.nii.gz started.
Saving T1.nii.gz file
Rigid registration to CT1.nii.gz started.
Saving FLAIR.nii.gz file
Rigid registration to CT1.nii.gz started.
Saving T2.nii.gz file
TCGA-19-0963 Subject processing
N4 image correction started TCGA-19-0963.
N4 image correction completed TCGA-19-0963.
Rigid registration to CT1.nii.gz started.
Saving T1.nii.gz file
Rigid registration to CT1.nii.gz started.
Saving FLAIR.nii.gz file
Rigid registration to CT1.nii.gz started.
Saving T2.nii.gz file
TCGA-06-0187 Subject processing
N4 image correction started TCGA-06-0187.
N4 image correction completed TCGA-06-0187.
Rigid registration to CT1.nii.gz started.
Saving T1.nii.gz file
Rigid registration to CT1.nii.gz started.
Saving FLAIR.nii.gz file
Rigid registration to CT1.nii.gz started.
Saving T2.nii.gz file
TCGA-76-6664 Subject processing
N4 image correction started TCGA-76-6664.
N4 image correction completed TCGA-76-6664.
Rigid registration to CT1.nii.gz started.
Saving T1.nii.gz file
Rigid registration to CT1.nii.gz started.
Saving FLAIR.nii.gz file
Rigid registration to CT1.nii.gz started.
Saving T2.nii.gz file
TCGA-76-6663 Subject processing
N4 image correction started TCGA-76-6663.
N4 image correction completed TCGA-76-6663.
Rigid registration to CT1.nii.gz started.
Saving T1.nii.gz file
Rigid registration to CT1.nii.gz started.
Saving FLAIR.nii.gz file
Rigid registration to CT1.nii.gz started.
Saving T2.nii.gz file
TCGA-76-6285 Subject processing
N4 image correction started TCGA-76-6285.
N4 image correction completed TCGA-76-6285.
Rigid registration to CT1.nii.gz started.
Saving T1.nii.gz file
Rigid registration to CT1.nii.gz started.
Saving FLAIR.nii.gz file
Rigid registration to CT1.nii.gz started.
Saving T2.nii.gz file
TCGA-76-4934 Subject processing
N4 image correction started TCGA-76-4934.
N4 image correction completed TCGA-76-4934.
Rigid registration to CT1.nii.gz started.
Saving T1.nii.gz file
Rigid registration to CT1.nii.gz started.
Saving FLAIR.nii.gz file
Rigid registration to CT1.nii.gz started.
Saving T2.nii.gz file
TCGA-02-0087 Subject processing
N4 image correction started TCGA-02-0087.
N4 image correction completed TCGA-02-0087.
Rigid registration to CT1.nii.gz started.
Saving T1.nii.gz file
Rigid registration to CT1.nii.gz started.
Saving FLAIR.nii.gz file
Rigid registration to CT1.nii.gz started.
Saving T2.nii.gz file
TCGA-08-0392 Subject processing
N4 image correction started TCGA-08-0392.
N4 image correction completed TCGA-08-0392.
Rigid registration to CT1.nii.gz started.
Saving T1.nii.gz file
Rigid registration to CT1.nii.gz started.
Saving FLAIR.nii.gz file
Rigid registration to CT1.nii.gz started.
Saving T2.nii.gz file
TCGA-02-0085 Subject processing
N4 image correction started TCGA-02-0085.
N4 image correction completed TCGA-02-0085.
Rigid registration to CT1.nii.gz started.
Saving T1.nii.gz file
Rigid registration to CT1.nii.gz started.
Saving FLAIR.nii.gz file
Rigid registration to CT1.nii.gz started.
Saving T2.nii.gz file
TCGA-06-0185 Subject processing
N4 image correction started TCGA-06-0185.
N4 image correction completed TCGA-06-0185.
Rigid registration to CT1.nii.gz started.
Saving T1.nii.gz file
Rigid registration to CT1.nii.gz started.
Saving FLAIR.nii.gz file
Rigid registration to CT1.nii.gz started.
Saving T2.nii.gz file
TCGA-06-0130 Subject processing
N4 image correction started TCGA-06-0130.
N4 image correction completed TCGA-06-0130.
Rigid registration to CT1.nii.gz started.
Saving T1.nii.gz file
Rigid registration to CT1.nii.gz started.
Saving FLAIR.nii.gz file
Rigid registration to CT1.nii.gz started.
Saving T2.nii.gz file
TCGA-06-0240 Subject processing
N4 image correction started TCGA-06-0240.
N4 image correction completed TCGA-06-0240.
Rigid registration to CT1.nii.gz started.
Saving T1.nii.gz file
Rigid registration to CT1.nii.gz started.
Saving FLAIR.nii.gz file
Rigid registration to CT1.nii.gz started.
Saving T2.nii.gz file
TCGA-02-0034 Subject processing
N4 image correction started TCGA-02-0034.
N4 image correction completed TCGA-02-0034.
Rigid registration to CT1.nii.gz started.
Saving T1.nii.gz file
Rigid registration to CT1.nii.gz started.
Saving FLAIR.nii.gz file
Rigid registration to CT1.nii.gz started.
Saving T2.nii.gz file
TCGA-06-0149 Subject processing
N4 image correction started TCGA-06-0149.
N4 image correction completed TCGA-06-0149.
Rigid registration to CT1.nii.gz started.
Saving T1.nii.gz file
Rigid registration to CT1.nii.gz started.
Saving FLAIR.nii.gz file
Rigid registration to CT1.nii.gz started.
Saving T2.nii.gz file
TCGA-02-0011 Subject processing
N4 image correction started TCGA-02-0011.
N4 image correction completed TCGA-02-0011.
Rigid registration to CT1.nii.gz started.
Saving T1.nii.gz file
Rigid registration to CT1.nii.gz started.
Saving FLAIR.nii.gz file
Rigid registration to CT1.nii.gz started.
Saving T2.nii.gz file
TCGA-06-0138 Subject processing
N4 image correction started TCGA-06-0138.
N4 image correction completed TCGA-06-0138.
Rigid registration to CT1.nii.gz started.
Saving T1.nii.gz file
Rigid registration to CT1.nii.gz started.
Saving FLAIR.nii.gz file
Rigid registration to CT1.nii.gz started.
Saving T2.nii.gz file
TCGA-76-6280 Subject processing
N4 image correction started TCGA-76-6280.
N4 image correction completed TCGA-76-6280.
Rigid registration to CT1.nii.gz started.
Saving T1.nii.gz file
Rigid registration to CT1.nii.gz started.
Saving FLAIR.nii.gz file
Rigid registration to CT1.nii.gz started.
Saving T2.nii.gz file
TCGA-19-5954 Subject processing
N4 image correction started TCGA-19-5954.
N4 image correction completed TCGA-19-5954.
Rigid registration to CT1.nii.gz started.
Saving T1.nii.gz file
Rigid registration to CT1.nii.gz started.
Saving FLAIR.nii.gz file
Rigid registration to CT1.nii.gz started.
Saving T2.nii.gz file
TCGA-76-6193 Subject processing
N4 image correction started TCGA-76-6193.
N4 image correction completed TCGA-76-6193.
Rigid registration to CT1.nii.gz started.
Saving T1.nii.gz file
Rigid registration to CT1.nii.gz started.
Saving FLAIR.nii.gz file
Rigid registration to CT1.nii.gz started.
Saving T2.nii.gz file
TCGA-06-0164 Subject processing
N4 image correction started TCGA-06-0164.
N4 image correction completed TCGA-06-0164.
Rigid registration to CT1.nii.gz started.
Saving T1.nii.gz file
Rigid registration to CT1.nii.gz started.
Saving FLAIR.nii.gz file
Rigid registration to CT1.nii.gz started.
Saving T2.nii.gz file
TCGA-06-5417 Subject processing
N4 image correction started TCGA-06-5417.
N4 image correction completed TCGA-06-5417.
Rigid registration to CT1.nii.gz started.
Saving T1.nii.gz file
Rigid registration to CT1.nii.gz started.
Saving FLAIR.nii.gz file
Rigid registration to CT1.nii.gz started.
Saving T2.nii.gz file
TCGA-19-5958 Subject processing
N4 image correction started TCGA-19-5958.
N4 image correction completed TCGA-19-5958.
Rigid registration to CT1.nii.gz started.
Saving T1.nii.gz file
Rigid registration to CT1.nii.gz started.
Saving FLAIR.nii.gz file
Rigid registration to CT1.nii.gz started.
Saving T2.nii.gz file
TCGA-76-6656 Subject processing
N4 image correction started TCGA-76-6656.
N4 image correction completed TCGA-76-6656.
Rigid registration to CT1.nii.gz started.
Saving T1.nii.gz file
Rigid registration to CT1.nii.gz started.
Saving FLAIR.nii.gz file
Rigid registration to CT1.nii.gz started.
Saving T2.nii.gz file
TCGA-06-0646 Subject processing
N4 image correction started TCGA-06-0646.
N4 image correction completed TCGA-06-0646.
Rigid registration to CT1.nii.gz started.
Saving T1.nii.gz file
Rigid registration to CT1.nii.gz started.
Saving FLAIR.nii.gz file
Rigid registration to CT1.nii.gz started.
Saving T2.nii.gz file
TCGA-02-0046 Subject processing
N4 image correction started TCGA-02-0046.
N4 image correction completed TCGA-02-0046.
Rigid registration to CT1.nii.gz started.
Saving T1.nii.gz file
Rigid registration to CT1.nii.gz started.
Saving FLAIR.nii.gz file
Rigid registration to CT1.nii.gz started.
Saving T2.nii.gz file
TCGA-06-0142 Subject processing
N4 image correction started TCGA-06-0142.
N4 image correction completed TCGA-06-0142.
Rigid registration to CT1.nii.gz started.
Saving T1.nii.gz file
Rigid registration to CT1.nii.gz started.
Saving FLAIR.nii.gz file
Rigid registration to CT1.nii.gz started.
Saving T2.nii.gz file
TCGA-02-0037 Subject processing
N4 image correction started TCGA-02-0037.
N4 image correction completed TCGA-02-0037.
Rigid registration to CT1.nii.gz started.
Saving T1.nii.gz file
Rigid registration to CT1.nii.gz started.
Saving FLAIR.nii.gz file
Rigid registration to CT1.nii.gz started.
Saving T2.nii.gz file
TCGA-08-0520 Subject processing
N4 image correction started TCGA-08-0520.
N4 image correction completed TCGA-08-0520.
Rigid registration to CT1.nii.gz started.
Saving T1.nii.gz file
Rigid registration to CT1.nii.gz started.
Saving FLAIR.nii.gz file
Rigid registration to CT1.nii.gz started.
Saving T2.nii.gz file
Namespace(path='/anvar/public_datasets/preproc_study/gbm/orig/', fixedfilename=['CT1.nii.gz'], movingfilenames=['T1.nii.gz', 'FLAIR.nii.gz', 'T2.nii.gz'], output='/anvar/public_datasets/preproc_study/gbm/2_n4/')
