/anvar/public_datasets/preproc_study/gbm/orig/ Folder processing
TCGA-02-0086 Subject processing
Resampling fixed started TCGA-02-0086.
Resampling fixed completed TCGA-02-0086.
Rigid registration to T1.nii.gz started.
Rigid registration to T1.nii.gz completed.
Rigid registration to FLAIR.nii.gz started.
Rigid registration to FLAIR.nii.gz completed.
Rigid registration to T2.nii.gz started.
Rigid registration to T2.nii.gz completed.
TCGA-02-0102 Subject processing
Resampling fixed started TCGA-02-0102.
Resampling fixed completed TCGA-02-0102.
Rigid registration to T1.nii.gz started.
Rigid registration to T1.nii.gz completed.
Rigid registration to FLAIR.nii.gz started.
Rigid registration to FLAIR.nii.gz completed.
Rigid registration to T2.nii.gz started.
Rigid registration to T2.nii.gz completed.
TCGA-02-0059 Subject processing
Resampling fixed started TCGA-02-0059.
Resampling fixed completed TCGA-02-0059.
Rigid registration to T1.nii.gz started.
Rigid registration to T1.nii.gz completed.
Rigid registration to FLAIR.nii.gz started.
Rigid registration to FLAIR.nii.gz completed.
Rigid registration to T2.nii.gz started.
Rigid registration to T2.nii.gz completed.
TCGA-02-0069 Subject processing
Resampling fixed started TCGA-02-0069.
Resampling fixed completed TCGA-02-0069.
Rigid registration to T1.nii.gz started.
Rigid registration to T1.nii.gz completed.
Rigid registration to FLAIR.nii.gz started.
Rigid registration to FLAIR.nii.gz completed.
Rigid registration to T2.nii.gz started.
Rigid registration to T2.nii.gz completed.
TCGA-19-2624 Subject processing
Resampling fixed started TCGA-19-2624.
Resampling fixed completed TCGA-19-2624.
Rigid registration to T1.nii.gz started.
Rigid registration to T1.nii.gz completed.
Rigid registration to FLAIR.nii.gz started.
Rigid registration to FLAIR.nii.gz completed.
Rigid registration to T2.nii.gz started.
Rigid registration to T2.nii.gz completed.
TCGA-06-0182 Subject processing
Resampling fixed started TCGA-06-0182.
Resampling fixed completed TCGA-06-0182.
Rigid registration to T1.nii.gz started.
Rigid registration to T1.nii.gz completed.
Rigid registration to FLAIR.nii.gz started.
Rigid registration to FLAIR.nii.gz completed.
Rigid registration to T2.nii.gz started.
Rigid registration to T2.nii.gz completed.
TCGA-08-0360 Subject processing
Resampling fixed started TCGA-08-0360.
Resampling fixed completed TCGA-08-0360.
Rigid registration to T1.nii.gz started.
Rigid registration to T1.nii.gz completed.
Rigid registration to FLAIR.nii.gz started.
Rigid registration to FLAIR.nii.gz completed.
Rigid registration to T2.nii.gz started.
Rigid registration to T2.nii.gz completed.
TCGA-02-0006 Subject processing
Resampling fixed started TCGA-02-0006.
Resampling fixed completed TCGA-02-0006.
Rigid registration to T1.nii.gz started.
Rigid registration to T1.nii.gz completed.
Rigid registration to FLAIR.nii.gz started.
Rigid registration to FLAIR.nii.gz completed.
Rigid registration to T2.nii.gz started.
Rigid registration to T2.nii.gz completed.
TCGA-19-2631 Subject processing
Resampling fixed started TCGA-19-2631.
Resampling fixed completed TCGA-19-2631.
Rigid registration to T1.nii.gz started.
Rigid registration to T1.nii.gz completed.
Rigid registration to FLAIR.nii.gz started.
Rigid registration to FLAIR.nii.gz completed.
Rigid registration to T2.nii.gz started.
Rigid registration to T2.nii.gz completed.
TCGA-12-1094 Subject processing
Resampling fixed started TCGA-12-1094.
Resampling fixed completed TCGA-12-1094.
Rigid registration to T1.nii.gz started.
Rigid registration to T1.nii.gz completed.
Rigid registration to FLAIR.nii.gz started.
Rigid registration to FLAIR.nii.gz completed.
Rigid registration to T2.nii.gz started.
Rigid registration to T2.nii.gz completed.
TCGA-06-2570 Subject processing
Resampling fixed started TCGA-06-2570.
Resampling fixed completed TCGA-06-2570.
Rigid registration to T1.nii.gz started.
Rigid registration to T1.nii.gz completed.
Rigid registration to FLAIR.nii.gz started.
Rigid registration to FLAIR.nii.gz completed.
Rigid registration to T2.nii.gz started.
Rigid registration to T2.nii.gz completed.
TCGA-06-0119 Subject processing
Resampling fixed started TCGA-06-0119.
Resampling fixed completed TCGA-06-0119.
Rigid registration to T1.nii.gz started.
Rigid registration to T1.nii.gz completed.
Rigid registration to FLAIR.nii.gz started.
Rigid registration to FLAIR.nii.gz completed.
Rigid registration to T2.nii.gz started.
Rigid registration to T2.nii.gz completed.
TCGA-06-0145 Subject processing
Resampling fixed started TCGA-06-0145.
Resampling fixed completed TCGA-06-0145.
Rigid registration to T1.nii.gz started.
Rigid registration to T1.nii.gz completed.
Rigid registration to FLAIR.nii.gz started.
Rigid registration to FLAIR.nii.gz completed.
Rigid registration to T2.nii.gz started.
Rigid registration to T2.nii.gz completed.
TCGA-08-0509 Subject processing
Resampling fixed started TCGA-08-0509.
Resampling fixed completed TCGA-08-0509.
Rigid registration to T1.nii.gz started.
Rigid registration to T1.nii.gz completed.
Rigid registration to FLAIR.nii.gz started.
Rigid registration to FLAIR.nii.gz completed.
Rigid registration to T2.nii.gz started.
Rigid registration to T2.nii.gz completed.
TCGA-06-5408 Subject processing
Resampling fixed started TCGA-06-5408.
Resampling fixed completed TCGA-06-5408.
Rigid registration to T1.nii.gz started.
Rigid registration to T1.nii.gz completed.
Rigid registration to FLAIR.nii.gz started.
Rigid registration to FLAIR.nii.gz completed.
Rigid registration to T2.nii.gz started.
Rigid registration to T2.nii.gz completed.
TCGA-02-0116 Subject processing
Resampling fixed started TCGA-02-0116.
Resampling fixed completed TCGA-02-0116.
Rigid registration to T1.nii.gz started.
Rigid registration to T1.nii.gz completed.
Rigid registration to FLAIR.nii.gz started.
Rigid registration to FLAIR.nii.gz completed.
Rigid registration to T2.nii.gz started.
Rigid registration to T2.nii.gz completed.
TCGA-06-0188 Subject processing
Resampling fixed started TCGA-06-0188.
Resampling fixed completed TCGA-06-0188.
Rigid registration to T1.nii.gz started.
Rigid registration to T1.nii.gz completed.
Rigid registration to FLAIR.nii.gz started.
Rigid registration to FLAIR.nii.gz completed.
Rigid registration to T2.nii.gz started.
Rigid registration to T2.nii.gz completed.
TCGA-76-6661 Subject processing
Resampling fixed started TCGA-76-6661.
Resampling fixed completed TCGA-76-6661.
Rigid registration to T1.nii.gz started.
Rigid registration to T1.nii.gz completed.
Rigid registration to FLAIR.nii.gz started.
Rigid registration to FLAIR.nii.gz completed.
Rigid registration to T2.nii.gz started.
Rigid registration to T2.nii.gz completed.
TCGA-02-0047 Subject processing
Resampling fixed started TCGA-02-0047.
Resampling fixed completed TCGA-02-0047.
Rigid registration to T1.nii.gz started.
Rigid registration to T1.nii.gz completed.
Rigid registration to FLAIR.nii.gz started.
Rigid registration to FLAIR.nii.gz completed.
Rigid registration to T2.nii.gz started.
Rigid registration to T2.nii.gz completed.
TCGA-12-3650 Subject processing
Resampling fixed started TCGA-12-3650.
Resampling fixed completed TCGA-12-3650.
Rigid registration to T1.nii.gz started.
Rigid registration to T1.nii.gz completed.
Rigid registration to FLAIR.nii.gz started.
Rigid registration to FLAIR.nii.gz completed.
Rigid registration to T2.nii.gz started.
Rigid registration to T2.nii.gz completed.
TCGA-02-0064 Subject processing
Resampling fixed started TCGA-02-0064.
Resampling fixed completed TCGA-02-0064.
Rigid registration to T1.nii.gz started.
Rigid registration to T1.nii.gz completed.
Rigid registration to FLAIR.nii.gz started.
Rigid registration to FLAIR.nii.gz completed.
Rigid registration to T2.nii.gz started.
Rigid registration to T2.nii.gz completed.
TCGA-14-1825 Subject processing
Resampling fixed started TCGA-14-1825.
Resampling fixed completed TCGA-14-1825.
Rigid registration to T1.nii.gz started.
Rigid registration to T1.nii.gz completed.
Rigid registration to FLAIR.nii.gz started.
Rigid registration to FLAIR.nii.gz completed.
Rigid registration to T2.nii.gz started.
Rigid registration to T2.nii.gz completed.
TCGA-06-0162 Subject processing
Resampling fixed started TCGA-06-0162.
Resampling fixed completed TCGA-06-0162.
Rigid registration to T1.nii.gz started.
Rigid registration to T1.nii.gz completed.
Rigid registration to FLAIR.nii.gz started.
Rigid registration to FLAIR.nii.gz completed.
Rigid registration to T2.nii.gz started.
Rigid registration to T2.nii.gz completed.
TCGA-02-0033 Subject processing
Resampling fixed started TCGA-02-0033.
Resampling fixed completed TCGA-02-0033.
Rigid registration to T1.nii.gz started.
Rigid registration to T1.nii.gz completed.
Rigid registration to FLAIR.nii.gz started.
Rigid registration to FLAIR.nii.gz completed.
Rigid registration to T2.nii.gz started.
Rigid registration to T2.nii.gz completed.
TCGA-08-0359 Subject processing
Resampling fixed started TCGA-08-0359.
Resampling fixed completed TCGA-08-0359.
Rigid registration to T1.nii.gz started.
Rigid registration to T1.nii.gz completed.
Rigid registration to FLAIR.nii.gz started.
Rigid registration to FLAIR.nii.gz completed.
Rigid registration to T2.nii.gz started.
Rigid registration to T2.nii.gz completed.
TCGA-02-0054 Subject processing
Resampling fixed started TCGA-02-0054.
Resampling fixed completed TCGA-02-0054.
Rigid registration to T1.nii.gz started.
Rigid registration to T1.nii.gz completed.
Rigid registration to FLAIR.nii.gz started.
Rigid registration to FLAIR.nii.gz completed.
Rigid registration to T2.nii.gz started.
Rigid registration to T2.nii.gz completed.
TCGA-06-0184 Subject processing
Resampling fixed started TCGA-06-0184.
Resampling fixed completed TCGA-06-0184.
Rigid registration to T1.nii.gz started.
Rigid registration to T1.nii.gz completed.
Rigid registration to FLAIR.nii.gz started.
Rigid registration to FLAIR.nii.gz completed.
Rigid registration to T2.nii.gz started.
Rigid registration to T2.nii.gz completed.
TCGA-12-1601 Subject processing
Resampling fixed started TCGA-12-1601.
Resampling fixed completed TCGA-12-1601.
Rigid registration to T1.nii.gz started.
Rigid registration to T1.nii.gz completed.
Rigid registration to FLAIR.nii.gz started.
Rigid registration to FLAIR.nii.gz completed.
Rigid registration to T2.nii.gz started.
Rigid registration to T2.nii.gz completed.
TCGA-06-5413 Subject processing
Resampling fixed started TCGA-06-5413.
Resampling fixed completed TCGA-06-5413.
Rigid registration to T1.nii.gz started.
Rigid registration to T1.nii.gz completed.
Rigid registration to FLAIR.nii.gz started.
Rigid registration to FLAIR.nii.gz completed.
Rigid registration to T2.nii.gz started.
Rigid registration to T2.nii.gz completed.
TCGA-76-6191 Subject processing
Resampling fixed started TCGA-76-6191.
Resampling fixed completed TCGA-76-6191.
Rigid registration to T1.nii.gz started.
Rigid registration to T1.nii.gz completed.
Rigid registration to FLAIR.nii.gz started.
Rigid registration to FLAIR.nii.gz completed.
Rigid registration to T2.nii.gz started.
Rigid registration to T2.nii.gz completed.
TCGA-02-0075 Subject processing
Resampling fixed started TCGA-02-0075.
Resampling fixed completed TCGA-02-0075.
Rigid registration to T1.nii.gz started.
Rigid registration to T1.nii.gz completed.
Rigid registration to FLAIR.nii.gz started.
Rigid registration to FLAIR.nii.gz completed.
Rigid registration to T2.nii.gz started.
Rigid registration to T2.nii.gz completed.
TCGA-06-0177 Subject processing
Resampling fixed started TCGA-06-0177.
Resampling fixed completed TCGA-06-0177.
Rigid registration to T1.nii.gz started.
Rigid registration to T1.nii.gz completed.
Rigid registration to FLAIR.nii.gz started.
Rigid registration to FLAIR.nii.gz completed.
Rigid registration to T2.nii.gz started.
Rigid registration to T2.nii.gz completed.
TCGA-06-0154 Subject processing
Resampling fixed started TCGA-06-0154.
Resampling fixed completed TCGA-06-0154.
Rigid registration to T1.nii.gz started.
Rigid registration to T1.nii.gz completed.
Rigid registration to FLAIR.nii.gz started.
Rigid registration to FLAIR.nii.gz completed.
Rigid registration to T2.nii.gz started.
Rigid registration to T2.nii.gz completed.
TCGA-06-0179 Subject processing
Resampling fixed started TCGA-06-0179.
Resampling fixed completed TCGA-06-0179.
Rigid registration to T1.nii.gz started.
Rigid registration to T1.nii.gz completed.
Rigid registration to FLAIR.nii.gz started.
Rigid registration to FLAIR.nii.gz completed.
Rigid registration to T2.nii.gz started.
Rigid registration to T2.nii.gz completed.
TCGA-19-5951 Subject processing
Resampling fixed started TCGA-19-5951.
Resampling fixed completed TCGA-19-5951.
Rigid registration to T1.nii.gz started.
Rigid registration to T1.nii.gz completed.
Rigid registration to FLAIR.nii.gz started.
Rigid registration to FLAIR.nii.gz completed.
Rigid registration to T2.nii.gz started.
Rigid registration to T2.nii.gz completed.
TCGA-12-1598 Subject processing
Resampling fixed started TCGA-12-1598.
Resampling fixed completed TCGA-12-1598.
Rigid registration to T1.nii.gz started.
Rigid registration to T1.nii.gz completed.
Rigid registration to FLAIR.nii.gz started.
Rigid registration to FLAIR.nii.gz completed.
Rigid registration to T2.nii.gz started.
Rigid registration to T2.nii.gz completed.
TCGA-12-0616 Subject processing
Resampling fixed started TCGA-12-0616.
Resampling fixed completed TCGA-12-0616.
Rigid registration to T1.nii.gz started.
Rigid registration to T1.nii.gz completed.
Rigid registration to FLAIR.nii.gz started.
Rigid registration to FLAIR.nii.gz completed.
Rigid registration to T2.nii.gz started.
Rigid registration to T2.nii.gz completed.
TCGA-02-0070 Subject processing
Resampling fixed started TCGA-02-0070.
Resampling fixed completed TCGA-02-0070.
Rigid registration to T1.nii.gz started.
Rigid registration to T1.nii.gz completed.
Rigid registration to FLAIR.nii.gz started.
Rigid registration to FLAIR.nii.gz completed.
Rigid registration to T2.nii.gz started.
Rigid registration to T2.nii.gz completed.
TCGA-06-1084 Subject processing
Resampling fixed started TCGA-06-1084.
Resampling fixed completed TCGA-06-1084.
Rigid registration to T1.nii.gz started.
Rigid registration to T1.nii.gz completed.
Rigid registration to FLAIR.nii.gz started.
Rigid registration to FLAIR.nii.gz completed.
Rigid registration to T2.nii.gz started.
Rigid registration to T2.nii.gz completed.
TCGA-12-0829 Subject processing
Resampling fixed started TCGA-12-0829.
Resampling fixed completed TCGA-12-0829.
Rigid registration to T1.nii.gz started.
Rigid registration to T1.nii.gz completed.
Rigid registration to FLAIR.nii.gz started.
Rigid registration to FLAIR.nii.gz completed.
Rigid registration to T2.nii.gz started.
Rigid registration to T2.nii.gz completed.
TCGA-76-4932 Subject processing
Resampling fixed started TCGA-76-4932.
Resampling fixed completed TCGA-76-4932.
Rigid registration to T1.nii.gz started.
Rigid registration to T1.nii.gz completed.
Rigid registration to FLAIR.nii.gz started.
Rigid registration to FLAIR.nii.gz completed.
Rigid registration to T2.nii.gz started.
Rigid registration to T2.nii.gz completed.
TCGA-02-0068 Subject processing
Resampling fixed started TCGA-02-0068.
Resampling fixed completed TCGA-02-0068.
Rigid registration to T1.nii.gz started.
Rigid registration to T1.nii.gz completed.
Rigid registration to FLAIR.nii.gz started.
Rigid registration to FLAIR.nii.gz completed.
Rigid registration to T2.nii.gz started.
Rigid registration to T2.nii.gz completed.
TCGA-76-6282 Subject processing
Resampling fixed started TCGA-76-6282.
Resampling fixed completed TCGA-76-6282.
Rigid registration to T1.nii.gz started.
Rigid registration to T1.nii.gz completed.
Rigid registration to FLAIR.nii.gz started.
Rigid registration to FLAIR.nii.gz completed.
Rigid registration to T2.nii.gz started.
Rigid registration to T2.nii.gz completed.
TCGA-08-0385 Subject processing
Resampling fixed started TCGA-08-0385.
Resampling fixed completed TCGA-08-0385.
Rigid registration to T1.nii.gz started.
Rigid registration to T1.nii.gz completed.
Rigid registration to FLAIR.nii.gz started.
Rigid registration to FLAIR.nii.gz completed.
Rigid registration to T2.nii.gz started.
Rigid registration to T2.nii.gz completed.
TCGA-12-1098 Subject processing
Resampling fixed started TCGA-12-1098.
Resampling fixed completed TCGA-12-1098.
Rigid registration to T1.nii.gz started.
Rigid registration to T1.nii.gz completed.
Rigid registration to FLAIR.nii.gz started.
Rigid registration to FLAIR.nii.gz completed.
Rigid registration to T2.nii.gz started.
Rigid registration to T2.nii.gz completed.
TCGA-08-0512 Subject processing
Resampling fixed started TCGA-08-0512.
Resampling fixed completed TCGA-08-0512.
Rigid registration to T1.nii.gz started.
Rigid registration to T1.nii.gz completed.
Rigid registration to FLAIR.nii.gz started.
Rigid registration to FLAIR.nii.gz completed.
Rigid registration to T2.nii.gz started.
Rigid registration to T2.nii.gz completed.
TCGA-08-0389 Subject processing
Resampling fixed started TCGA-08-0389.
Resampling fixed completed TCGA-08-0389.
Rigid registration to T1.nii.gz started.
Rigid registration to T1.nii.gz completed.
Rigid registration to FLAIR.nii.gz started.
Rigid registration to FLAIR.nii.gz completed.
Rigid registration to T2.nii.gz started.
Rigid registration to T2.nii.gz completed.
TCGA-14-1794 Subject processing
Resampling fixed started TCGA-14-1794.
Resampling fixed completed TCGA-14-1794.
Rigid registration to T1.nii.gz started.
Rigid registration to T1.nii.gz completed.
Rigid registration to FLAIR.nii.gz started.
Rigid registration to FLAIR.nii.gz completed.
Rigid registration to T2.nii.gz started.
Rigid registration to T2.nii.gz completed.
TCGA-19-1789 Subject processing
Resampling fixed started TCGA-19-1789.
Resampling fixed completed TCGA-19-1789.
Rigid registration to T1.nii.gz started.
Rigid registration to T1.nii.gz completed.
Rigid registration to FLAIR.nii.gz started.
Rigid registration to FLAIR.nii.gz completed.
Rigid registration to T2.nii.gz started.
Rigid registration to T2.nii.gz completed.
TCGA-02-0009 Subject processing
Resampling fixed started TCGA-02-0009.
Resampling fixed completed TCGA-02-0009.
Rigid registration to T1.nii.gz started.
Rigid registration to T1.nii.gz completed.
Rigid registration to FLAIR.nii.gz started.
Rigid registration to FLAIR.nii.gz completed.
Rigid registration to T2.nii.gz started.
Rigid registration to T2.nii.gz completed.
TCGA-06-0122 Subject processing
Resampling fixed started TCGA-06-0122.
Resampling fixed completed TCGA-06-0122.
Rigid registration to T1.nii.gz started.
Rigid registration to T1.nii.gz completed.
Rigid registration to FLAIR.nii.gz started.
Rigid registration to FLAIR.nii.gz completed.
Rigid registration to T2.nii.gz started.
Rigid registration to T2.nii.gz completed.
TCGA-08-0355 Subject processing
Resampling fixed started TCGA-08-0355.
Resampling fixed completed TCGA-08-0355.
Rigid registration to T1.nii.gz started.
Rigid registration to T1.nii.gz completed.
Rigid registration to FLAIR.nii.gz started.
Rigid registration to FLAIR.nii.gz completed.
Rigid registration to T2.nii.gz started.
Rigid registration to T2.nii.gz completed.
TCGA-06-6389 Subject processing
Resampling fixed started TCGA-06-6389.
Resampling fixed completed TCGA-06-6389.
Rigid registration to T1.nii.gz started.
Rigid registration to T1.nii.gz completed.
Rigid registration to FLAIR.nii.gz started.
Rigid registration to FLAIR.nii.gz completed.
Rigid registration to T2.nii.gz started.
Rigid registration to T2.nii.gz completed.
TCGA-06-0190 Subject processing
Resampling fixed started TCGA-06-0190.
Resampling fixed completed TCGA-06-0190.
Rigid registration to T1.nii.gz started.
Rigid registration to T1.nii.gz completed.
Rigid registration to FLAIR.nii.gz started.
Rigid registration to FLAIR.nii.gz completed.
Rigid registration to T2.nii.gz started.
Rigid registration to T2.nii.gz completed.
TCGA-06-0192 Subject processing
Resampling fixed started TCGA-06-0192.
Resampling fixed completed TCGA-06-0192.
Rigid registration to T1.nii.gz started.
Rigid registration to T1.nii.gz completed.
Rigid registration to FLAIR.nii.gz started.
Rigid registration to FLAIR.nii.gz completed.
Rigid registration to T2.nii.gz started.
Rigid registration to T2.nii.gz completed.
TCGA-02-0027 Subject processing
Resampling fixed started TCGA-02-0027.
Resampling fixed completed TCGA-02-0027.
Rigid registration to T1.nii.gz started.
Rigid registration to T1.nii.gz completed.
Rigid registration to FLAIR.nii.gz started.
Rigid registration to FLAIR.nii.gz completed.
Rigid registration to T2.nii.gz started.
Rigid registration to T2.nii.gz completed.
TCGA-06-0137 Subject processing
Resampling fixed started TCGA-06-0137.
Resampling fixed completed TCGA-06-0137.
Rigid registration to T1.nii.gz started.
Rigid registration to T1.nii.gz completed.
Rigid registration to FLAIR.nii.gz started.
Rigid registration to FLAIR.nii.gz completed.
Rigid registration to T2.nii.gz started.
Rigid registration to T2.nii.gz completed.
TCGA-12-0776 Subject processing
Resampling fixed started TCGA-12-0776.
Resampling fixed completed TCGA-12-0776.
Rigid registration to T1.nii.gz started.
Rigid registration to T1.nii.gz completed.
Rigid registration to FLAIR.nii.gz started.
Rigid registration to FLAIR.nii.gz completed.
Rigid registration to T2.nii.gz started.
Rigid registration to T2.nii.gz completed.
TCGA-76-6657 Subject processing
Resampling fixed started TCGA-76-6657.
Resampling fixed completed TCGA-76-6657.
Rigid registration to T1.nii.gz started.
Rigid registration to T1.nii.gz completed.
Rigid registration to FLAIR.nii.gz started.
Rigid registration to FLAIR.nii.gz completed.
Rigid registration to T2.nii.gz started.
Rigid registration to T2.nii.gz completed.
TCGA-06-0176 Subject processing
Resampling fixed started TCGA-06-0176.
Resampling fixed completed TCGA-06-0176.
Rigid registration to T1.nii.gz started.
Rigid registration to T1.nii.gz completed.
Rigid registration to FLAIR.nii.gz started.
Rigid registration to FLAIR.nii.gz completed.
Rigid registration to T2.nii.gz started.
Rigid registration to T2.nii.gz completed.
TCGA-08-0356 Subject processing
Resampling fixed started TCGA-08-0356.
Resampling fixed completed TCGA-08-0356.
Rigid registration to T1.nii.gz started.
Rigid registration to T1.nii.gz completed.
Rigid registration to FLAIR.nii.gz started.
Rigid registration to FLAIR.nii.gz completed.
Rigid registration to T2.nii.gz started.
Rigid registration to T2.nii.gz completed.
TCGA-76-6662 Subject processing
Resampling fixed started TCGA-76-6662.
Resampling fixed completed TCGA-76-6662.
Rigid registration to T1.nii.gz started.
Rigid registration to T1.nii.gz completed.
Rigid registration to FLAIR.nii.gz started.
Rigid registration to FLAIR.nii.gz completed.
Rigid registration to T2.nii.gz started.
Rigid registration to T2.nii.gz completed.
TCGA-08-0522 Subject processing
Resampling fixed started TCGA-08-0522.
Resampling fixed completed TCGA-08-0522.
Rigid registration to T1.nii.gz started.
Rigid registration to T1.nii.gz completed.
Rigid registration to FLAIR.nii.gz started.
Rigid registration to FLAIR.nii.gz completed.
Rigid registration to T2.nii.gz started.
Rigid registration to T2.nii.gz completed.
TCGA-06-1802 Subject processing
Resampling fixed started TCGA-06-1802.
Resampling fixed completed TCGA-06-1802.
Rigid registration to T1.nii.gz started.
Rigid registration to T1.nii.gz completed.
Rigid registration to FLAIR.nii.gz started.
Rigid registration to FLAIR.nii.gz completed.
Rigid registration to T2.nii.gz started.
Rigid registration to T2.nii.gz completed.
TCGA-19-5960 Subject processing
Resampling fixed started TCGA-19-5960.
Resampling fixed completed TCGA-19-5960.
Rigid registration to T1.nii.gz started.
Rigid registration to T1.nii.gz completed.
Rigid registration to FLAIR.nii.gz started.
Rigid registration to FLAIR.nii.gz completed.
Rigid registration to T2.nii.gz started.
Rigid registration to T2.nii.gz completed.
TCGA-08-0390 Subject processing
Resampling fixed started TCGA-08-0390.
Resampling fixed completed TCGA-08-0390.
Rigid registration to T1.nii.gz started.
Rigid registration to T1.nii.gz completed.
Rigid registration to FLAIR.nii.gz started.
Rigid registration to FLAIR.nii.gz completed.
Rigid registration to T2.nii.gz started.
Rigid registration to T2.nii.gz completed.
TCGA-14-1456 Subject processing
Resampling fixed started TCGA-14-1456.
Resampling fixed completed TCGA-14-1456.
Rigid registration to T1.nii.gz started.
Rigid registration to T1.nii.gz completed.
Rigid registration to FLAIR.nii.gz started.
Rigid registration to FLAIR.nii.gz completed.
Rigid registration to T2.nii.gz started.
Rigid registration to T2.nii.gz completed.
TCGA-06-0158 Subject processing
Resampling fixed started TCGA-06-0158.
Resampling fixed completed TCGA-06-0158.
Rigid registration to T1.nii.gz started.
Rigid registration to T1.nii.gz completed.
Rigid registration to FLAIR.nii.gz started.
Rigid registration to FLAIR.nii.gz completed.
Rigid registration to T2.nii.gz started.
Rigid registration to T2.nii.gz completed.
TCGA-06-0139 Subject processing
Resampling fixed started TCGA-06-0139.
Resampling fixed completed TCGA-06-0139.
Rigid registration to T1.nii.gz started.
Rigid registration to T1.nii.gz completed.
Rigid registration to FLAIR.nii.gz started.
Rigid registration to FLAIR.nii.gz completed.
Rigid registration to T2.nii.gz started.
Rigid registration to T2.nii.gz completed.
TCGA-06-0238 Subject processing
Resampling fixed started TCGA-06-0238.
Resampling fixed completed TCGA-06-0238.
Rigid registration to T1.nii.gz started.
Rigid registration to T1.nii.gz completed.
Rigid registration to FLAIR.nii.gz started.
Rigid registration to FLAIR.nii.gz completed.
Rigid registration to T2.nii.gz started.
Rigid registration to T2.nii.gz completed.
TCGA-76-4935 Subject processing
Resampling fixed started TCGA-76-4935.
Resampling fixed completed TCGA-76-4935.
Rigid registration to T1.nii.gz started.
Rigid registration to T1.nii.gz completed.
Rigid registration to FLAIR.nii.gz started.
Rigid registration to FLAIR.nii.gz completed.
Rigid registration to T2.nii.gz started.
Rigid registration to T2.nii.gz completed.
TCGA-14-3477 Subject processing
Resampling fixed started TCGA-14-3477.
Resampling fixed completed TCGA-14-3477.
Rigid registration to T1.nii.gz started.
Rigid registration to T1.nii.gz completed.
Rigid registration to FLAIR.nii.gz started.
Rigid registration to FLAIR.nii.gz completed.
Rigid registration to T2.nii.gz started.
Rigid registration to T2.nii.gz completed.
TCGA-02-0106 Subject processing
Resampling fixed started TCGA-02-0106.
Resampling fixed completed TCGA-02-0106.
Rigid registration to T1.nii.gz started.
Rigid registration to T1.nii.gz completed.
Rigid registration to FLAIR.nii.gz started.
Rigid registration to FLAIR.nii.gz completed.
Rigid registration to T2.nii.gz started.
Rigid registration to T2.nii.gz completed.
TCGA-06-0644 Subject processing
Resampling fixed started TCGA-06-0644.
Resampling fixed completed TCGA-06-0644.
Rigid registration to T1.nii.gz started.
Rigid registration to T1.nii.gz completed.
Rigid registration to FLAIR.nii.gz started.
Rigid registration to FLAIR.nii.gz completed.
Rigid registration to T2.nii.gz started.
Rigid registration to T2.nii.gz completed.
TCGA-19-0963 Subject processing
Resampling fixed started TCGA-19-0963.
Resampling fixed completed TCGA-19-0963.
Rigid registration to T1.nii.gz started.
Rigid registration to T1.nii.gz completed.
Rigid registration to FLAIR.nii.gz started.
Rigid registration to FLAIR.nii.gz completed.
Rigid registration to T2.nii.gz started.
Rigid registration to T2.nii.gz completed.
TCGA-06-0187 Subject processing
Resampling fixed started TCGA-06-0187.
Resampling fixed completed TCGA-06-0187.
Rigid registration to T1.nii.gz started.
Rigid registration to T1.nii.gz completed.
Rigid registration to FLAIR.nii.gz started.
Rigid registration to FLAIR.nii.gz completed.
Rigid registration to T2.nii.gz started.
Rigid registration to T2.nii.gz completed.
TCGA-76-6664 Subject processing
Resampling fixed started TCGA-76-6664.
Resampling fixed completed TCGA-76-6664.
Rigid registration to T1.nii.gz started.
Rigid registration to T1.nii.gz completed.
Rigid registration to FLAIR.nii.gz started.
Rigid registration to FLAIR.nii.gz completed.
Rigid registration to T2.nii.gz started.
Rigid registration to T2.nii.gz completed.
TCGA-76-6663 Subject processing
Resampling fixed started TCGA-76-6663.
Resampling fixed completed TCGA-76-6663.
Rigid registration to T1.nii.gz started.
Rigid registration to T1.nii.gz completed.
Rigid registration to FLAIR.nii.gz started.
Rigid registration to FLAIR.nii.gz completed.
Rigid registration to T2.nii.gz started.
Rigid registration to T2.nii.gz completed.
TCGA-76-6285 Subject processing
Resampling fixed started TCGA-76-6285.
Resampling fixed completed TCGA-76-6285.
Rigid registration to T1.nii.gz started.
Rigid registration to T1.nii.gz completed.
Rigid registration to FLAIR.nii.gz started.
Rigid registration to FLAIR.nii.gz completed.
Rigid registration to T2.nii.gz started.
Rigid registration to T2.nii.gz completed.
TCGA-76-4934 Subject processing
Resampling fixed started TCGA-76-4934.
Resampling fixed completed TCGA-76-4934.
Rigid registration to T1.nii.gz started.
Rigid registration to T1.nii.gz completed.
Rigid registration to FLAIR.nii.gz started.
Rigid registration to FLAIR.nii.gz completed.
Rigid registration to T2.nii.gz started.
Rigid registration to T2.nii.gz completed.
TCGA-02-0087 Subject processing
Resampling fixed started TCGA-02-0087.
Resampling fixed completed TCGA-02-0087.
Rigid registration to T1.nii.gz started.
Rigid registration to T1.nii.gz completed.
Rigid registration to FLAIR.nii.gz started.
Rigid registration to FLAIR.nii.gz completed.
Rigid registration to T2.nii.gz started.
Rigid registration to T2.nii.gz completed.
TCGA-08-0392 Subject processing
Resampling fixed started TCGA-08-0392.
Resampling fixed completed TCGA-08-0392.
Rigid registration to T1.nii.gz started.
Rigid registration to T1.nii.gz completed.
Rigid registration to FLAIR.nii.gz started.
Rigid registration to FLAIR.nii.gz completed.
Rigid registration to T2.nii.gz started.
Rigid registration to T2.nii.gz completed.
TCGA-02-0085 Subject processing
Resampling fixed started TCGA-02-0085.
Resampling fixed completed TCGA-02-0085.
Rigid registration to T1.nii.gz started.
Rigid registration to T1.nii.gz completed.
Rigid registration to FLAIR.nii.gz started.
Rigid registration to FLAIR.nii.gz completed.
Rigid registration to T2.nii.gz started.
Rigid registration to T2.nii.gz completed.
TCGA-06-0185 Subject processing
Resampling fixed started TCGA-06-0185.
Resampling fixed completed TCGA-06-0185.
Rigid registration to T1.nii.gz started.
Rigid registration to T1.nii.gz completed.
Rigid registration to FLAIR.nii.gz started.
Rigid registration to FLAIR.nii.gz completed.
Rigid registration to T2.nii.gz started.
Rigid registration to T2.nii.gz completed.
TCGA-06-0130 Subject processing
Resampling fixed started TCGA-06-0130.
Resampling fixed completed TCGA-06-0130.
Rigid registration to T1.nii.gz started.
Rigid registration to T1.nii.gz completed.
Rigid registration to FLAIR.nii.gz started.
Rigid registration to FLAIR.nii.gz completed.
Rigid registration to T2.nii.gz started.
Rigid registration to T2.nii.gz completed.
TCGA-06-0240 Subject processing
Resampling fixed started TCGA-06-0240.
Resampling fixed completed TCGA-06-0240.
Rigid registration to T1.nii.gz started.
Rigid registration to T1.nii.gz completed.
Rigid registration to FLAIR.nii.gz started.
Rigid registration to FLAIR.nii.gz completed.
Rigid registration to T2.nii.gz started.
Rigid registration to T2.nii.gz completed.
TCGA-02-0034 Subject processing
Resampling fixed started TCGA-02-0034.
Resampling fixed completed TCGA-02-0034.
Rigid registration to T1.nii.gz started.
Rigid registration to T1.nii.gz completed.
Rigid registration to FLAIR.nii.gz started.
Rigid registration to FLAIR.nii.gz completed.
Rigid registration to T2.nii.gz started.
Rigid registration to T2.nii.gz completed.
TCGA-06-0149 Subject processing
Resampling fixed started TCGA-06-0149.
Resampling fixed completed TCGA-06-0149.
Rigid registration to T1.nii.gz started.
Rigid registration to T1.nii.gz completed.
Rigid registration to FLAIR.nii.gz started.
Rigid registration to FLAIR.nii.gz completed.
Rigid registration to T2.nii.gz started.
Rigid registration to T2.nii.gz completed.
TCGA-02-0011 Subject processing
Resampling fixed started TCGA-02-0011.
Resampling fixed completed TCGA-02-0011.
Rigid registration to T1.nii.gz started.
Rigid registration to T1.nii.gz completed.
Rigid registration to FLAIR.nii.gz started.
Rigid registration to FLAIR.nii.gz completed.
Rigid registration to T2.nii.gz started.
Rigid registration to T2.nii.gz completed.
TCGA-06-0138 Subject processing
Resampling fixed started TCGA-06-0138.
Resampling fixed completed TCGA-06-0138.
Rigid registration to T1.nii.gz started.
Rigid registration to T1.nii.gz completed.
Rigid registration to FLAIR.nii.gz started.
Rigid registration to FLAIR.nii.gz completed.
Rigid registration to T2.nii.gz started.
Rigid registration to T2.nii.gz completed.
TCGA-76-6280 Subject processing
Resampling fixed started TCGA-76-6280.
Resampling fixed completed TCGA-76-6280.
Rigid registration to T1.nii.gz started.
Rigid registration to T1.nii.gz completed.
Rigid registration to FLAIR.nii.gz started.
Rigid registration to FLAIR.nii.gz completed.
Rigid registration to T2.nii.gz started.
Rigid registration to T2.nii.gz completed.
TCGA-19-5954 Subject processing
Resampling fixed started TCGA-19-5954.
Resampling fixed completed TCGA-19-5954.
Rigid registration to T1.nii.gz started.
Rigid registration to T1.nii.gz completed.
Rigid registration to FLAIR.nii.gz started.
Rigid registration to FLAIR.nii.gz completed.
Rigid registration to T2.nii.gz started.
Rigid registration to T2.nii.gz completed.
TCGA-76-6193 Subject processing
Resampling fixed started TCGA-76-6193.
Resampling fixed completed TCGA-76-6193.
Rigid registration to T1.nii.gz started.
Rigid registration to T1.nii.gz completed.
Rigid registration to FLAIR.nii.gz started.
Rigid registration to FLAIR.nii.gz completed.
Rigid registration to T2.nii.gz started.
Rigid registration to T2.nii.gz completed.
TCGA-06-0164 Subject processing
Resampling fixed started TCGA-06-0164.
Resampling fixed completed TCGA-06-0164.
Rigid registration to T1.nii.gz started.
Rigid registration to T1.nii.gz completed.
Rigid registration to FLAIR.nii.gz started.
Rigid registration to FLAIR.nii.gz completed.
Rigid registration to T2.nii.gz started.
Rigid registration to T2.nii.gz completed.
TCGA-06-5417 Subject processing
Resampling fixed started TCGA-06-5417.
Resampling fixed completed TCGA-06-5417.
Rigid registration to T1.nii.gz started.
Rigid registration to T1.nii.gz completed.
Rigid registration to FLAIR.nii.gz started.
Rigid registration to FLAIR.nii.gz completed.
Rigid registration to T2.nii.gz started.
Rigid registration to T2.nii.gz completed.
TCGA-19-5958 Subject processing
Resampling fixed started TCGA-19-5958.
Resampling fixed completed TCGA-19-5958.
Rigid registration to T1.nii.gz started.
Rigid registration to T1.nii.gz completed.
Rigid registration to FLAIR.nii.gz started.
Rigid registration to FLAIR.nii.gz completed.
Rigid registration to T2.nii.gz started.
Rigid registration to T2.nii.gz completed.
TCGA-76-6656 Subject processing
Resampling fixed started TCGA-76-6656.
Resampling fixed completed TCGA-76-6656.
Rigid registration to T1.nii.gz started.
Rigid registration to T1.nii.gz completed.
Rigid registration to FLAIR.nii.gz started.
Rigid registration to FLAIR.nii.gz completed.
Rigid registration to T2.nii.gz started.
Rigid registration to T2.nii.gz completed.
TCGA-06-0646 Subject processing
Resampling fixed started TCGA-06-0646.
Resampling fixed completed TCGA-06-0646.
Rigid registration to T1.nii.gz started.
Rigid registration to T1.nii.gz completed.
Rigid registration to FLAIR.nii.gz started.
Rigid registration to FLAIR.nii.gz completed.
Rigid registration to T2.nii.gz started.
Rigid registration to T2.nii.gz completed.
TCGA-02-0046 Subject processing
Resampling fixed started TCGA-02-0046.
Resampling fixed completed TCGA-02-0046.
Rigid registration to T1.nii.gz started.
Rigid registration to T1.nii.gz completed.
Rigid registration to FLAIR.nii.gz started.
Rigid registration to FLAIR.nii.gz completed.
Rigid registration to T2.nii.gz started.
Rigid registration to T2.nii.gz completed.
TCGA-06-0142 Subject processing
Resampling fixed started TCGA-06-0142.
Resampling fixed completed TCGA-06-0142.
Rigid registration to T1.nii.gz started.
Rigid registration to T1.nii.gz completed.
Rigid registration to FLAIR.nii.gz started.
Rigid registration to FLAIR.nii.gz completed.
Rigid registration to T2.nii.gz started.
Rigid registration to T2.nii.gz completed.
TCGA-02-0037 Subject processing
Resampling fixed started TCGA-02-0037.
Resampling fixed completed TCGA-02-0037.
Rigid registration to T1.nii.gz started.
Rigid registration to T1.nii.gz completed.
Rigid registration to FLAIR.nii.gz started.
Rigid registration to FLAIR.nii.gz completed.
Rigid registration to T2.nii.gz started.
Rigid registration to T2.nii.gz completed.
TCGA-08-0520 Subject processing
Resampling fixed started TCGA-08-0520.
Resampling fixed completed TCGA-08-0520.
Rigid registration to T1.nii.gz started.
Rigid registration to T1.nii.gz completed.
Rigid registration to FLAIR.nii.gz started.
Rigid registration to FLAIR.nii.gz completed.
Rigid registration to T2.nii.gz started.
Rigid registration to T2.nii.gz completed.
Namespace(path='/anvar/public_datasets/preproc_study/gbm/orig/', fixedfilename=['CT1.nii.gz'], maskfilename=['CT1_SEG.nii.gz'], movingfilenames=['T1.nii.gz', 'FLAIR.nii.gz', 'T2.nii.gz'], resamplingtarget=['./utils/sri24_T1.nii'], output='/anvar/public_datasets/preproc_study/gbm/2a_interp/')
