/anvar/public_datasets/preproc_study/gbm/orig/ Folder processing
TCGA-02-0086 Subject processing
Rigid registration to T1.nii.gz started.
Rigid registration to T1.nii.gz completed.
Rigid registration to FLAIR.nii.gz started.
Rigid registration to FLAIR.nii.gz completed.
Rigid registration to T2.nii.gz started.
Rigid registration to T2.nii.gz completed.
Resampling started TCGA-02-0086.
Resampling completed TCGA-02-0086.
TCGA-02-0102 Subject processing
Rigid registration to T1.nii.gz started.
Rigid registration to T1.nii.gz completed.
Rigid registration to FLAIR.nii.gz started.
Rigid registration to FLAIR.nii.gz completed.
Rigid registration to T2.nii.gz started.
Rigid registration to T2.nii.gz completed.
Resampling started TCGA-02-0102.
Resampling completed TCGA-02-0102.
TCGA-02-0059 Subject processing
Rigid registration to T1.nii.gz started.
Rigid registration to T1.nii.gz completed.
Rigid registration to FLAIR.nii.gz started.
Rigid registration to FLAIR.nii.gz completed.
Rigid registration to T2.nii.gz started.
Rigid registration to T2.nii.gz completed.
Resampling started TCGA-02-0059.
Resampling completed TCGA-02-0059.
TCGA-02-0069 Subject processing
Rigid registration to T1.nii.gz started.
Rigid registration to T1.nii.gz completed.
Rigid registration to FLAIR.nii.gz started.
Rigid registration to FLAIR.nii.gz completed.
Rigid registration to T2.nii.gz started.
Rigid registration to T2.nii.gz completed.
Resampling started TCGA-02-0069.
Resampling completed TCGA-02-0069.
TCGA-19-2624 Subject processing
Rigid registration to T1.nii.gz started.
Rigid registration to T1.nii.gz completed.
Rigid registration to FLAIR.nii.gz started.
Rigid registration to FLAIR.nii.gz completed.
Rigid registration to T2.nii.gz started.
Rigid registration to T2.nii.gz completed.
Resampling started TCGA-19-2624.
Resampling completed TCGA-19-2624.
TCGA-06-0182 Subject processing
Rigid registration to T1.nii.gz started.
Rigid registration to T1.nii.gz completed.
Rigid registration to FLAIR.nii.gz started.
Rigid registration to FLAIR.nii.gz completed.
Rigid registration to T2.nii.gz started.
Rigid registration to T2.nii.gz completed.
Resampling started TCGA-06-0182.
Resampling completed TCGA-06-0182.
TCGA-08-0360 Subject processing
Rigid registration to T1.nii.gz started.
Rigid registration to T1.nii.gz completed.
Rigid registration to FLAIR.nii.gz started.
Rigid registration to FLAIR.nii.gz completed.
Rigid registration to T2.nii.gz started.
Rigid registration to T2.nii.gz completed.
Resampling started TCGA-08-0360.
Resampling completed TCGA-08-0360.
TCGA-02-0006 Subject processing
Rigid registration to T1.nii.gz started.
Rigid registration to T1.nii.gz completed.
Rigid registration to FLAIR.nii.gz started.
Rigid registration to FLAIR.nii.gz completed.
Rigid registration to T2.nii.gz started.
Rigid registration to T2.nii.gz completed.
Resampling started TCGA-02-0006.
Resampling completed TCGA-02-0006.
TCGA-19-2631 Subject processing
Rigid registration to T1.nii.gz started.
Rigid registration to T1.nii.gz completed.
Rigid registration to FLAIR.nii.gz started.
Rigid registration to FLAIR.nii.gz completed.
Rigid registration to T2.nii.gz started.
Rigid registration to T2.nii.gz completed.
Resampling started TCGA-19-2631.
Resampling completed TCGA-19-2631.
TCGA-12-1094 Subject processing
Rigid registration to T1.nii.gz started.
Rigid registration to T1.nii.gz completed.
Rigid registration to FLAIR.nii.gz started.
Rigid registration to FLAIR.nii.gz completed.
Rigid registration to T2.nii.gz started.
Rigid registration to T2.nii.gz completed.
Resampling started TCGA-12-1094.
Resampling completed TCGA-12-1094.
TCGA-06-2570 Subject processing
Rigid registration to T1.nii.gz started.
Rigid registration to T1.nii.gz completed.
Rigid registration to FLAIR.nii.gz started.
Rigid registration to FLAIR.nii.gz completed.
Rigid registration to T2.nii.gz started.
Rigid registration to T2.nii.gz completed.
Resampling started TCGA-06-2570.
Resampling completed TCGA-06-2570.
TCGA-06-0119 Subject processing
Rigid registration to T1.nii.gz started.
Rigid registration to T1.nii.gz completed.
Rigid registration to FLAIR.nii.gz started.
Rigid registration to FLAIR.nii.gz completed.
Rigid registration to T2.nii.gz started.
Rigid registration to T2.nii.gz completed.
Resampling started TCGA-06-0119.
Resampling completed TCGA-06-0119.
TCGA-06-0145 Subject processing
Rigid registration to T1.nii.gz started.
Rigid registration to T1.nii.gz completed.
Rigid registration to FLAIR.nii.gz started.
Rigid registration to FLAIR.nii.gz completed.
Rigid registration to T2.nii.gz started.
Rigid registration to T2.nii.gz completed.
Resampling started TCGA-06-0145.
Resampling completed TCGA-06-0145.
TCGA-08-0509 Subject processing
Rigid registration to T1.nii.gz started.
Rigid registration to T1.nii.gz completed.
Rigid registration to FLAIR.nii.gz started.
Rigid registration to FLAIR.nii.gz completed.
Rigid registration to T2.nii.gz started.
Rigid registration to T2.nii.gz completed.
Resampling started TCGA-08-0509.
Resampling completed TCGA-08-0509.
TCGA-06-5408 Subject processing
Rigid registration to T1.nii.gz started.
Rigid registration to T1.nii.gz completed.
Rigid registration to FLAIR.nii.gz started.
Rigid registration to FLAIR.nii.gz completed.
Rigid registration to T2.nii.gz started.
Rigid registration to T2.nii.gz completed.
Resampling started TCGA-06-5408.
Resampling completed TCGA-06-5408.
TCGA-02-0116 Subject processing
Rigid registration to T1.nii.gz started.
Rigid registration to T1.nii.gz completed.
Rigid registration to FLAIR.nii.gz started.
Rigid registration to FLAIR.nii.gz completed.
Rigid registration to T2.nii.gz started.
Rigid registration to T2.nii.gz completed.
Resampling started TCGA-02-0116.
Resampling completed TCGA-02-0116.
TCGA-06-0188 Subject processing
Rigid registration to T1.nii.gz started.
Rigid registration to T1.nii.gz completed.
Rigid registration to FLAIR.nii.gz started.
Rigid registration to FLAIR.nii.gz completed.
Rigid registration to T2.nii.gz started.
Rigid registration to T2.nii.gz completed.
Resampling started TCGA-06-0188.
Resampling completed TCGA-06-0188.
TCGA-76-6661 Subject processing
Rigid registration to T1.nii.gz started.
Rigid registration to T1.nii.gz completed.
Rigid registration to FLAIR.nii.gz started.
Rigid registration to FLAIR.nii.gz completed.
Rigid registration to T2.nii.gz started.
Rigid registration to T2.nii.gz completed.
Resampling started TCGA-76-6661.
Resampling completed TCGA-76-6661.
TCGA-02-0047 Subject processing
Rigid registration to T1.nii.gz started.
Rigid registration to T1.nii.gz completed.
Rigid registration to FLAIR.nii.gz started.
Rigid registration to FLAIR.nii.gz completed.
Rigid registration to T2.nii.gz started.
Rigid registration to T2.nii.gz completed.
Resampling started TCGA-02-0047.
Resampling completed TCGA-02-0047.
TCGA-12-3650 Subject processing
Rigid registration to T1.nii.gz started.
Rigid registration to T1.nii.gz completed.
Rigid registration to FLAIR.nii.gz started.
Rigid registration to FLAIR.nii.gz completed.
Rigid registration to T2.nii.gz started.
Rigid registration to T2.nii.gz completed.
Resampling started TCGA-12-3650.
Resampling completed TCGA-12-3650.
TCGA-02-0064 Subject processing
Rigid registration to T1.nii.gz started.
Rigid registration to T1.nii.gz completed.
Rigid registration to FLAIR.nii.gz started.
Rigid registration to FLAIR.nii.gz completed.
Rigid registration to T2.nii.gz started.
Rigid registration to T2.nii.gz completed.
Resampling started TCGA-02-0064.
Resampling completed TCGA-02-0064.
TCGA-14-1825 Subject processing
Rigid registration to T1.nii.gz started.
Rigid registration to T1.nii.gz completed.
Rigid registration to FLAIR.nii.gz started.
Rigid registration to FLAIR.nii.gz completed.
Rigid registration to T2.nii.gz started.
Rigid registration to T2.nii.gz completed.
Resampling started TCGA-14-1825.
Resampling completed TCGA-14-1825.
TCGA-06-0162 Subject processing
Rigid registration to T1.nii.gz started.
Rigid registration to T1.nii.gz completed.
Rigid registration to FLAIR.nii.gz started.
Rigid registration to FLAIR.nii.gz completed.
Rigid registration to T2.nii.gz started.
Rigid registration to T2.nii.gz completed.
Resampling started TCGA-06-0162.
Resampling completed TCGA-06-0162.
TCGA-02-0033 Subject processing
Rigid registration to T1.nii.gz started.
Rigid registration to T1.nii.gz completed.
Rigid registration to FLAIR.nii.gz started.
Rigid registration to FLAIR.nii.gz completed.
Rigid registration to T2.nii.gz started.
Rigid registration to T2.nii.gz completed.
Resampling started TCGA-02-0033.
Resampling completed TCGA-02-0033.
TCGA-08-0359 Subject processing
Rigid registration to T1.nii.gz started.
Rigid registration to T1.nii.gz completed.
Rigid registration to FLAIR.nii.gz started.
Rigid registration to FLAIR.nii.gz completed.
Rigid registration to T2.nii.gz started.
Rigid registration to T2.nii.gz completed.
Resampling started TCGA-08-0359.
Resampling completed TCGA-08-0359.
TCGA-02-0054 Subject processing
Rigid registration to T1.nii.gz started.
Rigid registration to T1.nii.gz completed.
Rigid registration to FLAIR.nii.gz started.
Rigid registration to FLAIR.nii.gz completed.
Rigid registration to T2.nii.gz started.
Rigid registration to T2.nii.gz completed.
Resampling started TCGA-02-0054.
Resampling completed TCGA-02-0054.
TCGA-06-0184 Subject processing
Rigid registration to T1.nii.gz started.
Rigid registration to T1.nii.gz completed.
Rigid registration to FLAIR.nii.gz started.
Rigid registration to FLAIR.nii.gz completed.
Rigid registration to T2.nii.gz started.
Rigid registration to T2.nii.gz completed.
Resampling started TCGA-06-0184.
Resampling completed TCGA-06-0184.
TCGA-12-1601 Subject processing
Rigid registration to T1.nii.gz started.
Rigid registration to T1.nii.gz completed.
Rigid registration to FLAIR.nii.gz started.
Rigid registration to FLAIR.nii.gz completed.
Rigid registration to T2.nii.gz started.
Rigid registration to T2.nii.gz completed.
Resampling started TCGA-12-1601.
Resampling completed TCGA-12-1601.
TCGA-06-5413 Subject processing
Rigid registration to T1.nii.gz started.
Rigid registration to T1.nii.gz completed.
Rigid registration to FLAIR.nii.gz started.
Rigid registration to FLAIR.nii.gz completed.
Rigid registration to T2.nii.gz started.
Rigid registration to T2.nii.gz completed.
Resampling started TCGA-06-5413.
Resampling completed TCGA-06-5413.
TCGA-76-6191 Subject processing
Rigid registration to T1.nii.gz started.
Rigid registration to T1.nii.gz completed.
Rigid registration to FLAIR.nii.gz started.
Rigid registration to FLAIR.nii.gz completed.
Rigid registration to T2.nii.gz started.
Rigid registration to T2.nii.gz completed.
Resampling started TCGA-76-6191.
Resampling completed TCGA-76-6191.
TCGA-02-0075 Subject processing
Rigid registration to T1.nii.gz started.
Rigid registration to T1.nii.gz completed.
Rigid registration to FLAIR.nii.gz started.
Rigid registration to FLAIR.nii.gz completed.
Rigid registration to T2.nii.gz started.
Rigid registration to T2.nii.gz completed.
Resampling started TCGA-02-0075.
Resampling completed TCGA-02-0075.
TCGA-06-0177 Subject processing
Rigid registration to T1.nii.gz started.
Rigid registration to T1.nii.gz completed.
Rigid registration to FLAIR.nii.gz started.
Rigid registration to FLAIR.nii.gz completed.
Rigid registration to T2.nii.gz started.
Rigid registration to T2.nii.gz completed.
Resampling started TCGA-06-0177.
Resampling completed TCGA-06-0177.
TCGA-06-0154 Subject processing
Rigid registration to T1.nii.gz started.
Rigid registration to T1.nii.gz completed.
Rigid registration to FLAIR.nii.gz started.
Rigid registration to FLAIR.nii.gz completed.
Rigid registration to T2.nii.gz started.
Rigid registration to T2.nii.gz completed.
Resampling started TCGA-06-0154.
Resampling completed TCGA-06-0154.
TCGA-06-0179 Subject processing
Rigid registration to T1.nii.gz started.
Rigid registration to T1.nii.gz completed.
Rigid registration to FLAIR.nii.gz started.
Rigid registration to FLAIR.nii.gz completed.
Rigid registration to T2.nii.gz started.
Rigid registration to T2.nii.gz completed.
Resampling started TCGA-06-0179.
Resampling completed TCGA-06-0179.
TCGA-19-5951 Subject processing
Rigid registration to T1.nii.gz started.
Rigid registration to T1.nii.gz completed.
Rigid registration to FLAIR.nii.gz started.
Rigid registration to FLAIR.nii.gz completed.
Rigid registration to T2.nii.gz started.
Rigid registration to T2.nii.gz completed.
Resampling started TCGA-19-5951.
Resampling completed TCGA-19-5951.
TCGA-12-1598 Subject processing
Rigid registration to T1.nii.gz started.
Rigid registration to T1.nii.gz completed.
Rigid registration to FLAIR.nii.gz started.
Rigid registration to FLAIR.nii.gz completed.
Rigid registration to T2.nii.gz started.
Rigid registration to T2.nii.gz completed.
Resampling started TCGA-12-1598.
Resampling completed TCGA-12-1598.
TCGA-12-0616 Subject processing
Rigid registration to T1.nii.gz started.
Rigid registration to T1.nii.gz completed.
Rigid registration to FLAIR.nii.gz started.
Rigid registration to FLAIR.nii.gz completed.
Rigid registration to T2.nii.gz started.
Rigid registration to T2.nii.gz completed.
Resampling started TCGA-12-0616.
Resampling completed TCGA-12-0616.
TCGA-02-0070 Subject processing
Rigid registration to T1.nii.gz started.
Rigid registration to T1.nii.gz completed.
Rigid registration to FLAIR.nii.gz started.
Rigid registration to FLAIR.nii.gz completed.
Rigid registration to T2.nii.gz started.
Rigid registration to T2.nii.gz completed.
Resampling started TCGA-02-0070.
Resampling completed TCGA-02-0070.
TCGA-06-1084 Subject processing
Rigid registration to T1.nii.gz started.
Rigid registration to T1.nii.gz completed.
Rigid registration to FLAIR.nii.gz started.
Rigid registration to FLAIR.nii.gz completed.
Rigid registration to T2.nii.gz started.
Rigid registration to T2.nii.gz completed.
Resampling started TCGA-06-1084.
Resampling completed TCGA-06-1084.
TCGA-12-0829 Subject processing
Rigid registration to T1.nii.gz started.
Rigid registration to T1.nii.gz completed.
Rigid registration to FLAIR.nii.gz started.
Rigid registration to FLAIR.nii.gz completed.
Rigid registration to T2.nii.gz started.
Rigid registration to T2.nii.gz completed.
Resampling started TCGA-12-0829.
Resampling completed TCGA-12-0829.
TCGA-76-4932 Subject processing
Rigid registration to T1.nii.gz started.
Rigid registration to T1.nii.gz completed.
Rigid registration to FLAIR.nii.gz started.
Rigid registration to FLAIR.nii.gz completed.
Rigid registration to T2.nii.gz started.
Rigid registration to T2.nii.gz completed.
Resampling started TCGA-76-4932.
Resampling completed TCGA-76-4932.
TCGA-02-0068 Subject processing
Rigid registration to T1.nii.gz started.
Rigid registration to T1.nii.gz completed.
Rigid registration to FLAIR.nii.gz started.
Rigid registration to FLAIR.nii.gz completed.
Rigid registration to T2.nii.gz started.
Rigid registration to T2.nii.gz completed.
Resampling started TCGA-02-0068.
Resampling completed TCGA-02-0068.
TCGA-76-6282 Subject processing
Rigid registration to T1.nii.gz started.
