/anvar/public_datasets/preproc_study/gbm/orig/ Folder processing
TCGA-02-0086 Subject processing
Atlas registration started TCGA-02-0086.
Atlas registration completed TCGA-02-0086.
Rigid registration to T1.nii.gz started.
Rigid registration to T1.nii.gz completed.
Rigid registration to FLAIR.nii.gz started.
Rigid registration to FLAIR.nii.gz completed.
Rigid registration to T2.nii.gz started.
Rigid registration to T2.nii.gz completed.
TCGA-02-0102 Subject processing
Atlas registration started TCGA-02-0102.
Atlas registration completed TCGA-02-0102.
Rigid registration to T1.nii.gz started.
Rigid registration to T1.nii.gz completed.
Rigid registration to FLAIR.nii.gz started.
Rigid registration to FLAIR.nii.gz completed.
Rigid registration to T2.nii.gz started.
Rigid registration to T2.nii.gz completed.
TCGA-02-0059 Subject processing
Atlas registration started TCGA-02-0059.
Atlas registration completed TCGA-02-0059.
Rigid registration to T1.nii.gz started.
Rigid registration to T1.nii.gz completed.
Rigid registration to FLAIR.nii.gz started.
Rigid registration to FLAIR.nii.gz completed.
Rigid registration to T2.nii.gz started.
Rigid registration to T2.nii.gz completed.
TCGA-02-0069 Subject processing
Atlas registration started TCGA-02-0069.
Atlas registration completed TCGA-02-0069.
Rigid registration to T1.nii.gz started.
