/anvar/public_datasets/preproc_study/gbm/orig/ Folder processing
TCGA-02-0086 Subject processing
Atlas registration started TCGA-02-0086.
Atlas registration completed TCGA-02-0086.
Rigid registration to FLAIR.nii.gz started.
Rigid registration to FLAIR.nii.gz completed.
Rigid registration to T2.nii.gz started.
Rigid registration to T2.nii.gz completed.
Rigid registration to T1.nii.gz started.
Rigid registration to T1.nii.gz completed.
TCGA-02-0102 Subject processing
Atlas registration started TCGA-02-0102.
Atlas registration completed TCGA-02-0102.
Rigid registration to FLAIR.nii.gz started.
Rigid registration to FLAIR.nii.gz completed.
Rigid registration to T2.nii.gz started.
Rigid registration to T2.nii.gz completed.
Rigid registration to T1.nii.gz started.
Rigid registration to T1.nii.gz completed.
TCGA-02-0059 Subject processing
Atlas registration started TCGA-02-0059.
Atlas registration completed TCGA-02-0059.
Rigid registration to FLAIR.nii.gz started.
Rigid registration to FLAIR.nii.gz completed.
Rigid registration to T2.nii.gz started.
Rigid registration to T2.nii.gz completed.
Rigid registration to T1.nii.gz started.
Rigid registration to T1.nii.gz completed.
TCGA-02-0069 Subject processing
Atlas registration started TCGA-02-0069.
Atlas registration completed TCGA-02-0069.
Rigid registration to FLAIR.nii.gz started.
Rigid registration to FLAIR.nii.gz completed.
Rigid registration to T2.nii.gz started.
Rigid registration to T2.nii.gz completed.
Rigid registration to T1.nii.gz started.
Rigid registration to T1.nii.gz completed.
TCGA-19-2624 Subject processing
Atlas registration started TCGA-19-2624.
Atlas registration completed TCGA-19-2624.
Rigid registration to FLAIR.nii.gz started.
Rigid registration to FLAIR.nii.gz completed.
Rigid registration to T2.nii.gz started.
Rigid registration to T2.nii.gz completed.
Rigid registration to T1.nii.gz started.
Rigid registration to T1.nii.gz completed.
TCGA-06-0182 Subject processing
Atlas registration started TCGA-06-0182.
Atlas registration completed TCGA-06-0182.
Rigid registration to FLAIR.nii.gz started.
Rigid registration to FLAIR.nii.gz completed.
Rigid registration to T2.nii.gz started.
Rigid registration to T2.nii.gz completed.
Rigid registration to T1.nii.gz started.
Rigid registration to T1.nii.gz completed.
TCGA-08-0360 Subject processing
Atlas registration started TCGA-08-0360.
Atlas registration completed TCGA-08-0360.
Rigid registration to FLAIR.nii.gz started.
Rigid registration to FLAIR.nii.gz completed.
Rigid registration to T2.nii.gz started.
Rigid registration to T2.nii.gz completed.
Rigid registration to T1.nii.gz started.
Rigid registration to T1.nii.gz completed.
TCGA-02-0006 Subject processing
Atlas registration started TCGA-02-0006.
Atlas registration completed TCGA-02-0006.
Rigid registration to FLAIR.nii.gz started.
Rigid registration to FLAIR.nii.gz completed.
Rigid registration to T2.nii.gz started.
Rigid registration to T2.nii.gz completed.
Rigid registration to T1.nii.gz started.
Rigid registration to T1.nii.gz completed.
TCGA-19-2631 Subject processing
Atlas registration started TCGA-19-2631.
Atlas registration completed TCGA-19-2631.
Rigid registration to FLAIR.nii.gz started.
Rigid registration to FLAIR.nii.gz completed.
Rigid registration to T2.nii.gz started.
Rigid registration to T2.nii.gz completed.
Rigid registration to T1.nii.gz started.
Rigid registration to T1.nii.gz completed.
TCGA-12-1094 Subject processing
Atlas registration started TCGA-12-1094.
Atlas registration completed TCGA-12-1094.
Rigid registration to FLAIR.nii.gz started.
Rigid registration to FLAIR.nii.gz completed.
Rigid registration to T2.nii.gz started.
Rigid registration to T2.nii.gz completed.
Rigid registration to T1.nii.gz started.
Rigid registration to T1.nii.gz completed.
TCGA-06-2570 Subject processing
Atlas registration started TCGA-06-2570.
Atlas registration completed TCGA-06-2570.
Rigid registration to FLAIR.nii.gz started.
Rigid registration to FLAIR.nii.gz completed.
Rigid registration to T2.nii.gz started.
Rigid registration to T2.nii.gz completed.
Rigid registration to T1.nii.gz started.
Rigid registration to T1.nii.gz completed.
TCGA-06-0119 Subject processing
Atlas registration started TCGA-06-0119.
Atlas registration completed TCGA-06-0119.
Rigid registration to FLAIR.nii.gz started.
Rigid registration to FLAIR.nii.gz completed.
Rigid registration to T2.nii.gz started.
Rigid registration to T2.nii.gz completed.
Rigid registration to T1.nii.gz started.
Rigid registration to T1.nii.gz completed.
TCGA-06-0145 Subject processing
Atlas registration started TCGA-06-0145.
Atlas registration completed TCGA-06-0145.
Rigid registration to FLAIR.nii.gz started.
Rigid registration to FLAIR.nii.gz completed.
Rigid registration to T2.nii.gz started.
Rigid registration to T2.nii.gz completed.
Rigid registration to T1.nii.gz started.
