/anvar/public_datasets/preproc_study/schw/orig/ Folder processing
VS-SEG-157 Subject processing
Resampling fixed started VS-SEG-157.
Resampling fixed completed VS-SEG-157.
Rigid registration to T2.nii.gz started.
Rigid registration to T2.nii.gz completed.
VS-SEG-239 Subject processing
Resampling fixed started VS-SEG-239.
Resampling fixed completed VS-SEG-239.
Rigid registration to T2.nii.gz started.
Rigid registration to T2.nii.gz completed.
VS-SEG-147 Subject processing
Resampling fixed started VS-SEG-147.
Resampling fixed completed VS-SEG-147.
Rigid registration to T2.nii.gz started.
Rigid registration to T2.nii.gz completed.
VS-SEG-101 Subject processing
Resampling fixed started VS-SEG-101.
Resampling fixed completed VS-SEG-101.
Rigid registration to T2.nii.gz started.
Rigid registration to T2.nii.gz completed.
VS-SEG-093 Subject processing
Resampling fixed started VS-SEG-093.
Resampling fixed completed VS-SEG-093.
Rigid registration to T2.nii.gz started.
Rigid registration to T2.nii.gz completed.
VS-SEG-150 Subject processing
Resampling fixed started VS-SEG-150.
Resampling fixed completed VS-SEG-150.
Rigid registration to T2.nii.gz started.
Rigid registration to T2.nii.gz completed.
VS-SEG-079 Subject processing
Resampling fixed started VS-SEG-079.
Resampling fixed completed VS-SEG-079.
Rigid registration to T2.nii.gz started.
Rigid registration to T2.nii.gz completed.
VS-SEG-010 Subject processing
Resampling fixed started VS-SEG-010.
Resampling fixed completed VS-SEG-010.
Rigid registration to T2.nii.gz started.
Rigid registration to T2.nii.gz completed.
VS-SEG-020 Subject processing
Resampling fixed started VS-SEG-020.
Resampling fixed completed VS-SEG-020.
Rigid registration to T2.nii.gz started.
Rigid registration to T2.nii.gz completed.
VS-SEG-018 Subject processing
Resampling fixed started VS-SEG-018.
Resampling fixed completed VS-SEG-018.
Rigid registration to T2.nii.gz started.
Rigid registration to T2.nii.gz completed.
VS-SEG-245 Subject processing
Resampling fixed started VS-SEG-245.
Resampling fixed completed VS-SEG-245.
Rigid registration to T2.nii.gz started.
Rigid registration to T2.nii.gz completed.
VS-SEG-135 Subject processing
Resampling fixed started VS-SEG-135.
Resampling fixed completed VS-SEG-135.
Rigid registration to T2.nii.gz started.
Rigid registration to T2.nii.gz completed.
VS-SEG-084 Subject processing
Resampling fixed started VS-SEG-084.
Resampling fixed completed VS-SEG-084.
Rigid registration to T2.nii.gz started.
Rigid registration to T2.nii.gz completed.
VS-SEG-056 Subject processing
Resampling fixed started VS-SEG-056.
Resampling fixed completed VS-SEG-056.
Rigid registration to T2.nii.gz started.
Rigid registration to T2.nii.gz completed.
VS-SEG-012 Subject processing
Resampling fixed started VS-SEG-012.
Resampling fixed completed VS-SEG-012.
Rigid registration to T2.nii.gz started.
Rigid registration to T2.nii.gz completed.
VS-SEG-042 Subject processing
Resampling fixed started VS-SEG-042.
Resampling fixed completed VS-SEG-042.
Rigid registration to T2.nii.gz started.
Rigid registration to T2.nii.gz completed.
VS-SEG-175 Subject processing
Resampling fixed started VS-SEG-175.
Resampling fixed completed VS-SEG-175.
Rigid registration to T2.nii.gz started.
Rigid registration to T2.nii.gz completed.
VS-SEG-008 Subject processing
Resampling fixed started VS-SEG-008.
Resampling fixed completed VS-SEG-008.
Rigid registration to T2.nii.gz started.
Rigid registration to T2.nii.gz completed.
VS-SEG-136 Subject processing
Resampling fixed started VS-SEG-136.
Resampling fixed completed VS-SEG-136.
Rigid registration to T2.nii.gz started.
Rigid registration to T2.nii.gz completed.
VS-SEG-137 Subject processing
Resampling fixed started VS-SEG-137.
Resampling fixed completed VS-SEG-137.
Rigid registration to T2.nii.gz started.
Rigid registration to T2.nii.gz completed.
VS-SEG-007 Subject processing
Resampling fixed started VS-SEG-007.
Resampling fixed completed VS-SEG-007.
Rigid registration to T2.nii.gz started.
Rigid registration to T2.nii.gz completed.
VS-SEG-127 Subject processing
Resampling fixed started VS-SEG-127.
Resampling fixed completed VS-SEG-127.
Rigid registration to T2.nii.gz started.
Rigid registration to T2.nii.gz completed.
VS-SEG-141 Subject processing
Resampling fixed started VS-SEG-141.
Resampling fixed completed VS-SEG-141.
Rigid registration to T2.nii.gz started.
Rigid registration to T2.nii.gz completed.
VS-SEG-122 Subject processing
Resampling fixed started VS-SEG-122.
Resampling fixed completed VS-SEG-122.
Rigid registration to T2.nii.gz started.
Rigid registration to T2.nii.gz completed.
VS-SEG-099 Subject processing
Resampling fixed started VS-SEG-099.
Resampling fixed completed VS-SEG-099.
Rigid registration to T2.nii.gz started.
Rigid registration to T2.nii.gz completed.
VS-SEG-123 Subject processing
Resampling fixed started VS-SEG-123.
Resampling fixed completed VS-SEG-123.
Rigid registration to T2.nii.gz started.
Rigid registration to T2.nii.gz completed.
VS-SEG-235 Subject processing
Resampling fixed started VS-SEG-235.
Resampling fixed completed VS-SEG-235.
Rigid registration to T2.nii.gz started.
Rigid registration to T2.nii.gz completed.
VS-SEG-204 Subject processing
Resampling fixed started VS-SEG-204.
Resampling fixed completed VS-SEG-204.
Rigid registration to T2.nii.gz started.
Rigid registration to T2.nii.gz completed.
VS-SEG-047 Subject processing
Resampling fixed started VS-SEG-047.
Resampling fixed completed VS-SEG-047.
Rigid registration to T2.nii.gz started.
Rigid registration to T2.nii.gz completed.
VS-SEG-116 Subject processing
Resampling fixed started VS-SEG-116.
Resampling fixed completed VS-SEG-116.
Rigid registration to T2.nii.gz started.
Rigid registration to T2.nii.gz completed.
VS-SEG-151 Subject processing
Resampling fixed started VS-SEG-151.
Resampling fixed completed VS-SEG-151.
Rigid registration to T2.nii.gz started.
Rigid registration to T2.nii.gz completed.
VS-SEG-074 Subject processing
Resampling fixed started VS-SEG-074.
Resampling fixed completed VS-SEG-074.
Rigid registration to T2.nii.gz started.
Rigid registration to T2.nii.gz completed.
VS-SEG-126 Subject processing
Resampling fixed started VS-SEG-126.
Resampling fixed completed VS-SEG-126.
Rigid registration to T2.nii.gz started.
Rigid registration to T2.nii.gz completed.
VS-SEG-191 Subject processing
Resampling fixed started VS-SEG-191.
Resampling fixed completed VS-SEG-191.
Rigid registration to T2.nii.gz started.
Rigid registration to T2.nii.gz completed.
VS-SEG-069 Subject processing
Resampling fixed started VS-SEG-069.
Resampling fixed completed VS-SEG-069.
Rigid registration to T2.nii.gz started.
Rigid registration to T2.nii.gz completed.
VS-SEG-159 Subject processing
Resampling fixed started VS-SEG-159.
Resampling fixed completed VS-SEG-159.
Rigid registration to T2.nii.gz started.
Rigid registration to T2.nii.gz completed.
VS-SEG-155 Subject processing
Resampling fixed started VS-SEG-155.
Resampling fixed completed VS-SEG-155.
Rigid registration to T2.nii.gz started.
Rigid registration to T2.nii.gz completed.
VS-SEG-048 Subject processing
Resampling fixed started VS-SEG-048.
Resampling fixed completed VS-SEG-048.
Rigid registration to T2.nii.gz started.
Rigid registration to T2.nii.gz completed.
VS-SEG-022 Subject processing
Resampling fixed started VS-SEG-022.
Resampling fixed completed VS-SEG-022.
Rigid registration to T2.nii.gz started.
Rigid registration to T2.nii.gz completed.
VS-SEG-071 Subject processing
Resampling fixed started VS-SEG-071.
Resampling fixed completed VS-SEG-071.
Rigid registration to T2.nii.gz started.
Rigid registration to T2.nii.gz completed.
VS-SEG-131 Subject processing
Resampling fixed started VS-SEG-131.
Resampling fixed completed VS-SEG-131.
Rigid registration to T2.nii.gz started.
Rigid registration to T2.nii.gz completed.
VS-SEG-128 Subject processing
Resampling fixed started VS-SEG-128.
Resampling fixed completed VS-SEG-128.
Rigid registration to T2.nii.gz started.
Rigid registration to T2.nii.gz completed.
VS-SEG-237 Subject processing
Resampling fixed started VS-SEG-237.
Resampling fixed completed VS-SEG-237.
Rigid registration to T2.nii.gz started.
Rigid registration to T2.nii.gz completed.
VS-SEG-115 Subject processing
Resampling fixed started VS-SEG-115.
Resampling fixed completed VS-SEG-115.
Rigid registration to T2.nii.gz started.
Rigid registration to T2.nii.gz completed.
VS-SEG-247 Subject processing
Resampling fixed started VS-SEG-247.
Resampling fixed completed VS-SEG-247.
Rigid registration to T2.nii.gz started.
Rigid registration to T2.nii.gz completed.
VS-SEG-036 Subject processing
Resampling fixed started VS-SEG-036.
Resampling fixed completed VS-SEG-036.
Rigid registration to T2.nii.gz started.
Rigid registration to T2.nii.gz completed.
VS-SEG-238 Subject processing
Resampling fixed started VS-SEG-238.
Resampling fixed completed VS-SEG-238.
Rigid registration to T2.nii.gz started.
Rigid registration to T2.nii.gz completed.
VS-SEG-112 Subject processing
Resampling fixed started VS-SEG-112.
Resampling fixed completed VS-SEG-112.
Rigid registration to T2.nii.gz started.
Rigid registration to T2.nii.gz completed.
VS-SEG-210 Subject processing
Resampling fixed started VS-SEG-210.
Resampling fixed completed VS-SEG-210.
Rigid registration to T2.nii.gz started.
Rigid registration to T2.nii.gz completed.
VS-SEG-221 Subject processing
Resampling fixed started VS-SEG-221.
Resampling fixed completed VS-SEG-221.
Rigid registration to T2.nii.gz started.
Rigid registration to T2.nii.gz completed.
VS-SEG-092 Subject processing
Resampling fixed started VS-SEG-092.
Resampling fixed completed VS-SEG-092.
Rigid registration to T2.nii.gz started.
Rigid registration to T2.nii.gz completed.
VS-SEG-176 Subject processing
Resampling fixed started VS-SEG-176.
Resampling fixed completed VS-SEG-176.
Rigid registration to T2.nii.gz started.
Rigid registration to T2.nii.gz completed.
VS-SEG-200 Subject processing
Resampling fixed started VS-SEG-200.
Resampling fixed completed VS-SEG-200.
Rigid registration to T2.nii.gz started.
Rigid registration to T2.nii.gz completed.
VS-SEG-246 Subject processing
Resampling fixed started VS-SEG-246.
Resampling fixed completed VS-SEG-246.
Rigid registration to T2.nii.gz started.
Rigid registration to T2.nii.gz completed.
VS-SEG-133 Subject processing
Resampling fixed started VS-SEG-133.
Resampling fixed completed VS-SEG-133.
Rigid registration to T2.nii.gz started.
Rigid registration to T2.nii.gz completed.
VS-SEG-005 Subject processing
Resampling fixed started VS-SEG-005.
Resampling fixed completed VS-SEG-005.
Rigid registration to T2.nii.gz started.
Rigid registration to T2.nii.gz completed.
VS-SEG-134 Subject processing
Resampling fixed started VS-SEG-134.
Resampling fixed completed VS-SEG-134.
Rigid registration to T2.nii.gz started.
Rigid registration to T2.nii.gz completed.
VS-SEG-073 Subject processing
Resampling fixed started VS-SEG-073.
Resampling fixed completed VS-SEG-073.
Rigid registration to T2.nii.gz started.
Rigid registration to T2.nii.gz completed.
VS-SEG-006 Subject processing
Resampling fixed started VS-SEG-006.
Resampling fixed completed VS-SEG-006.
Rigid registration to T2.nii.gz started.
Rigid registration to T2.nii.gz completed.
VS-SEG-132 Subject processing
Resampling fixed started VS-SEG-132.
Resampling fixed completed VS-SEG-132.
Rigid registration to T2.nii.gz started.
Rigid registration to T2.nii.gz completed.
VS-SEG-028 Subject processing
Resampling fixed started VS-SEG-028.
Resampling fixed completed VS-SEG-028.
Rigid registration to T2.nii.gz started.
Rigid registration to T2.nii.gz completed.
VS-SEG-060 Subject processing
Resampling fixed started VS-SEG-060.
Resampling fixed completed VS-SEG-060.
Rigid registration to T2.nii.gz started.
Rigid registration to T2.nii.gz completed.
VS-SEG-170 Subject processing
Resampling fixed started VS-SEG-170.
Resampling fixed completed VS-SEG-170.
Rigid registration to T2.nii.gz started.
Rigid registration to T2.nii.gz completed.
VS-SEG-241 Subject processing
Resampling fixed started VS-SEG-241.
Resampling fixed completed VS-SEG-241.
Rigid registration to T2.nii.gz started.
Rigid registration to T2.nii.gz completed.
VS-SEG-013 Subject processing
Resampling fixed started VS-SEG-013.
Resampling fixed completed VS-SEG-013.
Rigid registration to T2.nii.gz started.
Rigid registration to T2.nii.gz completed.
VS-SEG-232 Subject processing
Resampling fixed started VS-SEG-232.
Resampling fixed completed VS-SEG-232.
Rigid registration to T2.nii.gz started.
Rigid registration to T2.nii.gz completed.
VS-SEG-143 Subject processing
Resampling fixed started VS-SEG-143.
Resampling fixed completed VS-SEG-143.
Rigid registration to T2.nii.gz started.
Rigid registration to T2.nii.gz completed.
VS-SEG-053 Subject processing
Resampling fixed started VS-SEG-053.
Resampling fixed completed VS-SEG-053.
Rigid registration to T2.nii.gz started.
Rigid registration to T2.nii.gz completed.
VS-SEG-248 Subject processing
Resampling fixed started VS-SEG-248.
Resampling fixed completed VS-SEG-248.
Rigid registration to T2.nii.gz started.
Rigid registration to T2.nii.gz completed.
VS-SEG-187 Subject processing
Resampling fixed started VS-SEG-187.
Resampling fixed completed VS-SEG-187.
Rigid registration to T2.nii.gz started.
Rigid registration to T2.nii.gz completed.
VS-SEG-243 Subject processing
Resampling fixed started VS-SEG-243.
Resampling fixed completed VS-SEG-243.
Rigid registration to T2.nii.gz started.
Rigid registration to T2.nii.gz completed.
VS-SEG-144 Subject processing
Resampling fixed started VS-SEG-144.
Resampling fixed completed VS-SEG-144.
Rigid registration to T2.nii.gz started.
Rigid registration to T2.nii.gz completed.
VS-SEG-041 Subject processing
Resampling fixed started VS-SEG-041.
Resampling fixed completed VS-SEG-041.
Rigid registration to T2.nii.gz started.
Rigid registration to T2.nii.gz completed.
VS-SEG-089 Subject processing
Resampling fixed started VS-SEG-089.
Resampling fixed completed VS-SEG-089.
Rigid registration to T2.nii.gz started.
Rigid registration to T2.nii.gz completed.
VS-SEG-185 Subject processing
Resampling fixed started VS-SEG-185.
Resampling fixed completed VS-SEG-185.
Rigid registration to T2.nii.gz started.
Rigid registration to T2.nii.gz completed.
VS-SEG-088 Subject processing
Resampling fixed started VS-SEG-088.
Resampling fixed completed VS-SEG-088.
Rigid registration to T2.nii.gz started.
Rigid registration to T2.nii.gz completed.
VS-SEG-023 Subject processing
Resampling fixed started VS-SEG-023.
Resampling fixed completed VS-SEG-023.
Rigid registration to T2.nii.gz started.
Rigid registration to T2.nii.gz completed.
VS-SEG-040 Subject processing
Resampling fixed started VS-SEG-040.
Resampling fixed completed VS-SEG-040.
Rigid registration to T2.nii.gz started.
Rigid registration to T2.nii.gz completed.
VS-SEG-205 Subject processing
Resampling fixed started VS-SEG-205.
Resampling fixed completed VS-SEG-205.
Rigid registration to T2.nii.gz started.
Rigid registration to T2.nii.gz completed.
VS-SEG-165 Subject processing
Resampling fixed started VS-SEG-165.
Resampling fixed completed VS-SEG-165.
Rigid registration to T2.nii.gz started.
Rigid registration to T2.nii.gz completed.
VS-SEG-046 Subject processing
Resampling fixed started VS-SEG-046.
Resampling fixed completed VS-SEG-046.
Rigid registration to T2.nii.gz started.
Rigid registration to T2.nii.gz completed.
VS-SEG-109 Subject processing
Resampling fixed started VS-SEG-109.
Resampling fixed completed VS-SEG-109.
Rigid registration to T2.nii.gz started.
Rigid registration to T2.nii.gz completed.
VS-SEG-055 Subject processing
Resampling fixed started VS-SEG-055.
Resampling fixed completed VS-SEG-055.
Rigid registration to T2.nii.gz started.
Rigid registration to T2.nii.gz completed.
VS-SEG-030 Subject processing
Resampling fixed started VS-SEG-030.
Resampling fixed completed VS-SEG-030.
Rigid registration to T2.nii.gz started.
Rigid registration to T2.nii.gz completed.
VS-SEG-121 Subject processing
Resampling fixed started VS-SEG-121.
Resampling fixed completed VS-SEG-121.
Rigid registration to T2.nii.gz started.
Rigid registration to T2.nii.gz completed.
VS-SEG-250 Subject processing
Resampling fixed started VS-SEG-250.
Resampling fixed completed VS-SEG-250.
Rigid registration to T2.nii.gz started.
Rigid registration to T2.nii.gz completed.
VS-SEG-026 Subject processing
Resampling fixed started VS-SEG-026.
Resampling fixed completed VS-SEG-026.
Rigid registration to T2.nii.gz started.
Rigid registration to T2.nii.gz completed.
VS-SEG-029 Subject processing
Resampling fixed started VS-SEG-029.
Resampling fixed completed VS-SEG-029.
Rigid registration to T2.nii.gz started.
Rigid registration to T2.nii.gz completed.
VS-SEG-024 Subject processing
Resampling fixed started VS-SEG-024.
Resampling fixed completed VS-SEG-024.
Rigid registration to T2.nii.gz started.
Rigid registration to T2.nii.gz completed.
VS-SEG-223 Subject processing
Resampling fixed started VS-SEG-223.
Resampling fixed completed VS-SEG-223.
Rigid registration to T2.nii.gz started.
Rigid registration to T2.nii.gz completed.
VS-SEG-119 Subject processing
Resampling fixed started VS-SEG-119.
Resampling fixed completed VS-SEG-119.
Rigid registration to T2.nii.gz started.
Rigid registration to T2.nii.gz completed.
VS-SEG-072 Subject processing
Resampling fixed started VS-SEG-072.
Resampling fixed completed VS-SEG-072.
Rigid registration to T2.nii.gz started.
Rigid registration to T2.nii.gz completed.
VS-SEG-078 Subject processing
Resampling fixed started VS-SEG-078.
Resampling fixed completed VS-SEG-078.
Rigid registration to T2.nii.gz started.
Rigid registration to T2.nii.gz completed.
VS-SEG-114 Subject processing
Resampling fixed started VS-SEG-114.
Resampling fixed completed VS-SEG-114.
Rigid registration to T2.nii.gz started.
Rigid registration to T2.nii.gz completed.
VS-SEG-177 Subject processing
Resampling fixed started VS-SEG-177.
Resampling fixed completed VS-SEG-177.
Rigid registration to T2.nii.gz started.
Rigid registration to T2.nii.gz completed.
VS-SEG-032 Subject processing
Resampling fixed started VS-SEG-032.
Resampling fixed completed VS-SEG-032.
Rigid registration to T2.nii.gz started.
Rigid registration to T2.nii.gz completed.
VS-SEG-076 Subject processing
Resampling fixed started VS-SEG-076.
Resampling fixed completed VS-SEG-076.
Rigid registration to T2.nii.gz started.
Rigid registration to T2.nii.gz completed.
VS-SEG-052 Subject processing
Resampling fixed started VS-SEG-052.
Resampling fixed completed VS-SEG-052.
Rigid registration to T2.nii.gz started.
Rigid registration to T2.nii.gz completed.
VS-SEG-207 Subject processing
Resampling fixed started VS-SEG-207.
Resampling fixed completed VS-SEG-207.
Rigid registration to T2.nii.gz started.
Rigid registration to T2.nii.gz completed.
VS-SEG-242 Subject processing
Resampling fixed started VS-SEG-242.
Resampling fixed completed VS-SEG-242.
Rigid registration to T2.nii.gz started.
Rigid registration to T2.nii.gz completed.
VS-SEG-045 Subject processing
Resampling fixed started VS-SEG-045.
Resampling fixed completed VS-SEG-045.
Rigid registration to T2.nii.gz started.
Rigid registration to T2.nii.gz completed.
VS-SEG-003 Subject processing
Resampling fixed started VS-SEG-003.
Resampling fixed completed VS-SEG-003.
Rigid registration to T2.nii.gz started.
Rigid registration to T2.nii.gz completed.
VS-SEG-009 Subject processing
Resampling fixed started VS-SEG-009.
Resampling fixed completed VS-SEG-009.
Rigid registration to T2.nii.gz started.
Rigid registration to T2.nii.gz completed.
VS-SEG-059 Subject processing
Resampling fixed started VS-SEG-059.
Resampling fixed completed VS-SEG-059.
Rigid registration to T2.nii.gz started.
Rigid registration to T2.nii.gz completed.
VS-SEG-240 Subject processing
Resampling fixed started VS-SEG-240.
Resampling fixed completed VS-SEG-240.
Rigid registration to T2.nii.gz started.
Rigid registration to T2.nii.gz completed.
VS-SEG-203 Subject processing
Resampling fixed started VS-SEG-203.
Resampling fixed completed VS-SEG-203.
Rigid registration to T2.nii.gz started.
Rigid registration to T2.nii.gz completed.
VS-SEG-103 Subject processing
Resampling fixed started VS-SEG-103.
Resampling fixed completed VS-SEG-103.
Rigid registration to T2.nii.gz started.
Rigid registration to T2.nii.gz completed.
VS-SEG-193 Subject processing
Resampling fixed started VS-SEG-193.
Resampling fixed completed VS-SEG-193.
Rigid registration to T2.nii.gz started.
Rigid registration to T2.nii.gz completed.
VS-SEG-015 Subject processing
Resampling fixed started VS-SEG-015.
Resampling fixed completed VS-SEG-015.
Rigid registration to T2.nii.gz started.
Rigid registration to T2.nii.gz completed.
VS-SEG-158 Subject processing
Resampling fixed started VS-SEG-158.
Resampling fixed completed VS-SEG-158.
Rigid registration to T2.nii.gz started.
Rigid registration to T2.nii.gz completed.
VS-SEG-001 Subject processing
Resampling fixed started VS-SEG-001.
Resampling fixed completed VS-SEG-001.
Rigid registration to T2.nii.gz started.
Rigid registration to T2.nii.gz completed.
VS-SEG-108 Subject processing
Resampling fixed started VS-SEG-108.
Resampling fixed completed VS-SEG-108.
Rigid registration to T2.nii.gz started.
Rigid registration to T2.nii.gz completed.
VS-SEG-050 Subject processing
Resampling fixed started VS-SEG-050.
Resampling fixed completed VS-SEG-050.
Rigid registration to T2.nii.gz started.
Rigid registration to T2.nii.gz completed.
VS-SEG-183 Subject processing
Resampling fixed started VS-SEG-183.
Resampling fixed completed VS-SEG-183.
Rigid registration to T2.nii.gz started.
Rigid registration to T2.nii.gz completed.
VS-SEG-189 Subject processing
Resampling fixed started VS-SEG-189.
Resampling fixed completed VS-SEG-189.
Rigid registration to T2.nii.gz started.
Rigid registration to T2.nii.gz completed.
VS-SEG-196 Subject processing
Resampling fixed started VS-SEG-196.
Resampling fixed completed VS-SEG-196.
Rigid registration to T2.nii.gz started.
Rigid registration to T2.nii.gz completed.
VS-SEG-161 Subject processing
Resampling fixed started VS-SEG-161.
Resampling fixed completed VS-SEG-161.
Rigid registration to T2.nii.gz started.
Rigid registration to T2.nii.gz completed.
VS-SEG-178 Subject processing
Resampling fixed started VS-SEG-178.
Resampling fixed completed VS-SEG-178.
Rigid registration to T2.nii.gz started.
Rigid registration to T2.nii.gz completed.
VS-SEG-061 Subject processing
Resampling fixed started VS-SEG-061.
Resampling fixed completed VS-SEG-061.
Rigid registration to T2.nii.gz started.
Rigid registration to T2.nii.gz completed.
VS-SEG-233 Subject processing
Resampling fixed started VS-SEG-233.
Resampling fixed completed VS-SEG-233.
Rigid registration to T2.nii.gz started.
Rigid registration to T2.nii.gz completed.
VS-SEG-182 Subject processing
Resampling fixed started VS-SEG-182.
Resampling fixed completed VS-SEG-182.
Rigid registration to T2.nii.gz started.
Rigid registration to T2.nii.gz completed.
VS-SEG-002 Subject processing
Resampling fixed started VS-SEG-002.
Resampling fixed completed VS-SEG-002.
Rigid registration to T2.nii.gz started.
Rigid registration to T2.nii.gz completed.
VS-SEG-075 Subject processing
Resampling fixed started VS-SEG-075.
Resampling fixed completed VS-SEG-075.
Rigid registration to T2.nii.gz started.
Rigid registration to T2.nii.gz completed.
VS-SEG-043 Subject processing
Resampling fixed started VS-SEG-043.
Resampling fixed completed VS-SEG-043.
Rigid registration to T2.nii.gz started.
Rigid registration to T2.nii.gz completed.
VS-SEG-014 Subject processing
Resampling fixed started VS-SEG-014.
Resampling fixed completed VS-SEG-014.
Rigid registration to T2.nii.gz started.
Rigid registration to T2.nii.gz completed.
VS-SEG-148 Subject processing
Resampling fixed started VS-SEG-148.
Resampling fixed completed VS-SEG-148.
Rigid registration to T2.nii.gz started.
Rigid registration to T2.nii.gz completed.
VS-SEG-228 Subject processing
Resampling fixed started VS-SEG-228.
Resampling fixed completed VS-SEG-228.
Rigid registration to T2.nii.gz started.
Rigid registration to T2.nii.gz completed.
VS-SEG-216 Subject processing
Resampling fixed started VS-SEG-216.
Resampling fixed completed VS-SEG-216.
Rigid registration to T2.nii.gz started.
Rigid registration to T2.nii.gz completed.
VS-SEG-094 Subject processing
Resampling fixed started VS-SEG-094.
Resampling fixed completed VS-SEG-094.
Rigid registration to T2.nii.gz started.
Rigid registration to T2.nii.gz completed.
VS-SEG-091 Subject processing
Resampling fixed started VS-SEG-091.
Resampling fixed completed VS-SEG-091.
Rigid registration to T2.nii.gz started.
Rigid registration to T2.nii.gz completed.
VS-SEG-224 Subject processing
Resampling fixed started VS-SEG-224.
Resampling fixed completed VS-SEG-224.
Rigid registration to T2.nii.gz started.
Rigid registration to T2.nii.gz completed.
VS-SEG-016 Subject processing
Resampling fixed started VS-SEG-016.
Resampling fixed completed VS-SEG-016.
Rigid registration to T2.nii.gz started.
Rigid registration to T2.nii.gz completed.
VS-SEG-153 Subject processing
Resampling fixed started VS-SEG-153.
Resampling fixed completed VS-SEG-153.
Rigid registration to T2.nii.gz started.
Rigid registration to T2.nii.gz completed.
VS-SEG-064 Subject processing
Resampling fixed started VS-SEG-064.
Resampling fixed completed VS-SEG-064.
Rigid registration to T2.nii.gz started.
Rigid registration to T2.nii.gz completed.
VS-SEG-146 Subject processing
Resampling fixed started VS-SEG-146.
Resampling fixed completed VS-SEG-146.
Rigid registration to T2.nii.gz started.
Rigid registration to T2.nii.gz completed.
VS-SEG-201 Subject processing
Resampling fixed started VS-SEG-201.
Resampling fixed completed VS-SEG-201.
Rigid registration to T2.nii.gz started.
Rigid registration to T2.nii.gz completed.
VS-SEG-110 Subject processing
Resampling fixed started VS-SEG-110.
Resampling fixed completed VS-SEG-110.
Rigid registration to T2.nii.gz started.
Rigid registration to T2.nii.gz completed.
VS-SEG-062 Subject processing
Resampling fixed started VS-SEG-062.
Resampling fixed completed VS-SEG-062.
Rigid registration to T2.nii.gz started.
Rigid registration to T2.nii.gz completed.
VS-SEG-086 Subject processing
Resampling fixed started VS-SEG-086.
Resampling fixed completed VS-SEG-086.
Rigid registration to T2.nii.gz started.
Rigid registration to T2.nii.gz completed.
VS-SEG-111 Subject processing
Resampling fixed started VS-SEG-111.
Resampling fixed completed VS-SEG-111.
Rigid registration to T2.nii.gz started.
Rigid registration to T2.nii.gz completed.
VS-SEG-215 Subject processing
Resampling fixed started VS-SEG-215.
Resampling fixed completed VS-SEG-215.
Rigid registration to T2.nii.gz started.
Rigid registration to T2.nii.gz completed.
VS-SEG-031 Subject processing
Resampling fixed started VS-SEG-031.
Resampling fixed completed VS-SEG-031.
Rigid registration to T2.nii.gz started.
Rigid registration to T2.nii.gz completed.
VS-SEG-211 Subject processing
Resampling fixed started VS-SEG-211.
Resampling fixed completed VS-SEG-211.
Rigid registration to T2.nii.gz started.
Rigid registration to T2.nii.gz completed.
VS-SEG-129 Subject processing
Resampling fixed started VS-SEG-129.
Resampling fixed completed VS-SEG-129.
Rigid registration to T2.nii.gz started.
Rigid registration to T2.nii.gz completed.
VS-SEG-244 Subject processing
Resampling fixed started VS-SEG-244.
Resampling fixed completed VS-SEG-244.
Rigid registration to T2.nii.gz started.
Rigid registration to T2.nii.gz completed.
VS-SEG-188 Subject processing
Resampling fixed started VS-SEG-188.
Resampling fixed completed VS-SEG-188.
Rigid registration to T2.nii.gz started.
Rigid registration to T2.nii.gz completed.
VS-SEG-198 Subject processing
Resampling fixed started VS-SEG-198.
Resampling fixed completed VS-SEG-198.
Rigid registration to T2.nii.gz started.
Rigid registration to T2.nii.gz completed.
VS-SEG-080 Subject processing
Resampling fixed started VS-SEG-080.
Resampling fixed completed VS-SEG-080.
Rigid registration to T2.nii.gz started.
Rigid registration to T2.nii.gz completed.
VS-SEG-167 Subject processing
Resampling fixed started VS-SEG-167.
Resampling fixed completed VS-SEG-167.
Rigid registration to T2.nii.gz started.
Rigid registration to T2.nii.gz completed.
VS-SEG-192 Subject processing
Resampling fixed started VS-SEG-192.
Resampling fixed completed VS-SEG-192.
Rigid registration to T2.nii.gz started.
Rigid registration to T2.nii.gz completed.
VS-SEG-105 Subject processing
Resampling fixed started VS-SEG-105.
Resampling fixed completed VS-SEG-105.
Rigid registration to T2.nii.gz started.
Rigid registration to T2.nii.gz completed.
VS-SEG-184 Subject processing
Resampling fixed started VS-SEG-184.
Resampling fixed completed VS-SEG-184.
Rigid registration to T2.nii.gz started.
Rigid registration to T2.nii.gz completed.
VS-SEG-044 Subject processing
Resampling fixed started VS-SEG-044.
Resampling fixed completed VS-SEG-044.
Rigid registration to T2.nii.gz started.
Rigid registration to T2.nii.gz completed.
VS-SEG-181 Subject processing
Resampling fixed started VS-SEG-181.
Resampling fixed completed VS-SEG-181.
Rigid registration to T2.nii.gz started.
Rigid registration to T2.nii.gz completed.
VS-SEG-180 Subject processing
Resampling fixed started VS-SEG-180.
Resampling fixed completed VS-SEG-180.
Rigid registration to T2.nii.gz started.
Rigid registration to T2.nii.gz completed.
VS-SEG-202 Subject processing
Resampling fixed started VS-SEG-202.
Resampling fixed completed VS-SEG-202.
Rigid registration to T2.nii.gz started.
Rigid registration to T2.nii.gz completed.
VS-SEG-214 Subject processing
Resampling fixed started VS-SEG-214.
Resampling fixed completed VS-SEG-214.
Rigid registration to T2.nii.gz started.
Rigid registration to T2.nii.gz completed.
VS-SEG-057 Subject processing
Resampling fixed started VS-SEG-057.
Resampling fixed completed VS-SEG-057.
Rigid registration to T2.nii.gz started.
Rigid registration to T2.nii.gz completed.
VS-SEG-106 Subject processing
Resampling fixed started VS-SEG-106.
Resampling fixed completed VS-SEG-106.
Rigid registration to T2.nii.gz started.
Rigid registration to T2.nii.gz completed.
VS-SEG-190 Subject processing
Resampling fixed started VS-SEG-190.
Resampling fixed completed VS-SEG-190.
Rigid registration to T2.nii.gz started.
Rigid registration to T2.nii.gz completed.
VS-SEG-065 Subject processing
Resampling fixed started VS-SEG-065.
Resampling fixed completed VS-SEG-065.
Rigid registration to T2.nii.gz started.
Rigid registration to T2.nii.gz completed.
VS-SEG-090 Subject processing
Resampling fixed started VS-SEG-090.
Resampling fixed completed VS-SEG-090.
Rigid registration to T2.nii.gz started.
Rigid registration to T2.nii.gz completed.
VS-SEG-017 Subject processing
Resampling fixed started VS-SEG-017.
Resampling fixed completed VS-SEG-017.
Rigid registration to T2.nii.gz started.
Rigid registration to T2.nii.gz completed.
VS-SEG-139 Subject processing
Resampling fixed started VS-SEG-139.
Resampling fixed completed VS-SEG-139.
Rigid registration to T2.nii.gz started.
Rigid registration to T2.nii.gz completed.
VS-SEG-034 Subject processing
Resampling fixed started VS-SEG-034.
Resampling fixed completed VS-SEG-034.
Rigid registration to T2.nii.gz started.
Rigid registration to T2.nii.gz completed.
VS-SEG-051 Subject processing
Resampling fixed started VS-SEG-051.
Resampling fixed completed VS-SEG-051.
Rigid registration to T2.nii.gz started.
Rigid registration to T2.nii.gz completed.
VS-SEG-138 Subject processing
Resampling fixed started VS-SEG-138.
Resampling fixed completed VS-SEG-138.
Rigid registration to T2.nii.gz started.
Rigid registration to T2.nii.gz completed.
VS-SEG-118 Subject processing
Resampling fixed started VS-SEG-118.
Resampling fixed completed VS-SEG-118.
Rigid registration to T2.nii.gz started.
Rigid registration to T2.nii.gz completed.
VS-SEG-172 Subject processing
Resampling fixed started VS-SEG-172.
Resampling fixed completed VS-SEG-172.
Rigid registration to T2.nii.gz started.
Rigid registration to T2.nii.gz completed.
VS-SEG-066 Subject processing
Resampling fixed started VS-SEG-066.
Resampling fixed completed VS-SEG-066.
Rigid registration to T2.nii.gz started.
Rigid registration to T2.nii.gz completed.
VS-SEG-169 Subject processing
Resampling fixed started VS-SEG-169.
Resampling fixed completed VS-SEG-169.
Rigid registration to T2.nii.gz started.
Rigid registration to T2.nii.gz completed.
VS-SEG-140 Subject processing
Resampling fixed started VS-SEG-140.
Resampling fixed completed VS-SEG-140.
Rigid registration to T2.nii.gz started.
Rigid registration to T2.nii.gz completed.
VS-SEG-154 Subject processing
Resampling fixed started VS-SEG-154.
Resampling fixed completed VS-SEG-154.
Rigid registration to T2.nii.gz started.
Rigid registration to T2.nii.gz completed.
VS-SEG-149 Subject processing
Resampling fixed started VS-SEG-149.
Resampling fixed completed VS-SEG-149.
Rigid registration to T2.nii.gz started.
Rigid registration to T2.nii.gz completed.
VS-SEG-117 Subject processing
Resampling fixed started VS-SEG-117.
Resampling fixed completed VS-SEG-117.
Rigid registration to T2.nii.gz started.
Rigid registration to T2.nii.gz completed.
VS-SEG-035 Subject processing
Resampling fixed started VS-SEG-035.
Resampling fixed completed VS-SEG-035.
Rigid registration to T2.nii.gz started.
Rigid registration to T2.nii.gz completed.
VS-SEG-063 Subject processing
Resampling fixed started VS-SEG-063.
Resampling fixed completed VS-SEG-063.
Rigid registration to T2.nii.gz started.
Rigid registration to T2.nii.gz completed.
VS-SEG-049 Subject processing
Resampling fixed started VS-SEG-049.
Resampling fixed completed VS-SEG-049.
Rigid registration to T2.nii.gz started.
Rigid registration to T2.nii.gz completed.
VS-SEG-199 Subject processing
Resampling fixed started VS-SEG-199.
Resampling fixed completed VS-SEG-199.
Rigid registration to T2.nii.gz started.
Rigid registration to T2.nii.gz completed.
VS-SEG-077 Subject processing
Resampling fixed started VS-SEG-077.
Resampling fixed completed VS-SEG-077.
Rigid registration to T2.nii.gz started.
Rigid registration to T2.nii.gz completed.
VS-SEG-145 Subject processing
Resampling fixed started VS-SEG-145.
Resampling fixed completed VS-SEG-145.
Rigid registration to T2.nii.gz started.
Rigid registration to T2.nii.gz completed.
VS-SEG-027 Subject processing
Resampling fixed started VS-SEG-027.
Resampling fixed completed VS-SEG-027.
Rigid registration to T2.nii.gz started.
Rigid registration to T2.nii.gz completed.
VS-SEG-087 Subject processing
Resampling fixed started VS-SEG-087.
Resampling fixed completed VS-SEG-087.
Rigid registration to T2.nii.gz started.
Rigid registration to T2.nii.gz completed.
VS-SEG-067 Subject processing
Resampling fixed started VS-SEG-067.
Resampling fixed completed VS-SEG-067.
Rigid registration to T2.nii.gz started.
Rigid registration to T2.nii.gz completed.
VS-SEG-225 Subject processing
Resampling fixed started VS-SEG-225.
Resampling fixed completed VS-SEG-225.
Rigid registration to T2.nii.gz started.
Rigid registration to T2.nii.gz completed.
VS-SEG-209 Subject processing
Resampling fixed started VS-SEG-209.
Resampling fixed completed VS-SEG-209.
Rigid registration to T2.nii.gz started.
Rigid registration to T2.nii.gz completed.
VS-SEG-124 Subject processing
Resampling fixed started VS-SEG-124.
Resampling fixed completed VS-SEG-124.
Rigid registration to T2.nii.gz started.
Rigid registration to T2.nii.gz completed.
VS-SEG-152 Subject processing
Resampling fixed started VS-SEG-152.
Resampling fixed completed VS-SEG-152.
Rigid registration to T2.nii.gz started.
Rigid registration to T2.nii.gz completed.
VS-SEG-179 Subject processing
Resampling fixed started VS-SEG-179.
Resampling fixed completed VS-SEG-179.
Rigid registration to T2.nii.gz started.
Rigid registration to T2.nii.gz completed.
VS-SEG-186 Subject processing
Resampling fixed started VS-SEG-186.
Resampling fixed completed VS-SEG-186.
Rigid registration to T2.nii.gz started.
Rigid registration to T2.nii.gz completed.
VS-SEG-213 Subject processing
Resampling fixed started VS-SEG-213.
Resampling fixed completed VS-SEG-213.
Rigid registration to T2.nii.gz started.
Rigid registration to T2.nii.gz completed.
VS-SEG-171 Subject processing
Resampling fixed started VS-SEG-171.
Resampling fixed completed VS-SEG-171.
Rigid registration to T2.nii.gz started.
Rigid registration to T2.nii.gz completed.
VS-SEG-054 Subject processing
Resampling fixed started VS-SEG-054.
Resampling fixed completed VS-SEG-054.
Rigid registration to T2.nii.gz started.
Rigid registration to T2.nii.gz completed.
VS-SEG-230 Subject processing
Resampling fixed started VS-SEG-230.
Resampling fixed completed VS-SEG-230.
Rigid registration to T2.nii.gz started.
Rigid registration to T2.nii.gz completed.
VS-SEG-142 Subject processing
Resampling fixed started VS-SEG-142.
Resampling fixed completed VS-SEG-142.
Rigid registration to T2.nii.gz started.
Rigid registration to T2.nii.gz completed.
VS-SEG-162 Subject processing
Resampling fixed started VS-SEG-162.
Resampling fixed completed VS-SEG-162.
Rigid registration to T2.nii.gz started.
Rigid registration to T2.nii.gz completed.
VS-SEG-249 Subject processing
Resampling fixed started VS-SEG-249.
Resampling fixed completed VS-SEG-249.
Rigid registration to T2.nii.gz started.
Rigid registration to T2.nii.gz completed.
VS-SEG-218 Subject processing
Resampling fixed started VS-SEG-218.
Resampling fixed completed VS-SEG-218.
Rigid registration to T2.nii.gz started.
Rigid registration to T2.nii.gz completed.
VS-SEG-234 Subject processing
Resampling fixed started VS-SEG-234.
Resampling fixed completed VS-SEG-234.
Rigid registration to T2.nii.gz started.
Rigid registration to T2.nii.gz completed.
VS-SEG-011 Subject processing
Resampling fixed started VS-SEG-011.
Resampling fixed completed VS-SEG-011.
Rigid registration to T2.nii.gz started.
Rigid registration to T2.nii.gz completed.
VS-SEG-125 Subject processing
Resampling fixed started VS-SEG-125.
Resampling fixed completed VS-SEG-125.
Rigid registration to T2.nii.gz started.
Rigid registration to T2.nii.gz completed.
VS-SEG-236 Subject processing
Resampling fixed started VS-SEG-236.
Resampling fixed completed VS-SEG-236.
Rigid registration to T2.nii.gz started.
Rigid registration to T2.nii.gz completed.
VS-SEG-025 Subject processing
Resampling fixed started VS-SEG-025.
Resampling fixed completed VS-SEG-025.
Rigid registration to T2.nii.gz started.
Rigid registration to T2.nii.gz completed.
VS-SEG-113 Subject processing
Resampling fixed started VS-SEG-113.
Resampling fixed completed VS-SEG-113.
Rigid registration to T2.nii.gz started.
Rigid registration to T2.nii.gz completed.
VS-SEG-083 Subject processing
Resampling fixed started VS-SEG-083.
Resampling fixed completed VS-SEG-083.
Rigid registration to T2.nii.gz started.
Rigid registration to T2.nii.gz completed.
VS-SEG-173 Subject processing
Resampling fixed started VS-SEG-173.
Resampling fixed completed VS-SEG-173.
Rigid registration to T2.nii.gz started.
Rigid registration to T2.nii.gz completed.
VS-SEG-102 Subject processing
Resampling fixed started VS-SEG-102.
Resampling fixed completed VS-SEG-102.
Rigid registration to T2.nii.gz started.
Rigid registration to T2.nii.gz completed.
VS-SEG-004 Subject processing
Resampling fixed started VS-SEG-004.
Resampling fixed completed VS-SEG-004.
Rigid registration to T2.nii.gz started.
Rigid registration to T2.nii.gz completed.
VS-SEG-107 Subject processing
Resampling fixed started VS-SEG-107.
Resampling fixed completed VS-SEG-107.
Rigid registration to T2.nii.gz started.
Rigid registration to T2.nii.gz completed.
VS-SEG-058 Subject processing
Resampling fixed started VS-SEG-058.
Resampling fixed completed VS-SEG-058.
Rigid registration to T2.nii.gz started.
Rigid registration to T2.nii.gz completed.
VS-SEG-120 Subject processing
Resampling fixed started VS-SEG-120.
Resampling fixed completed VS-SEG-120.
Rigid registration to T2.nii.gz started.
Rigid registration to T2.nii.gz completed.
VS-SEG-085 Subject processing
Resampling fixed started VS-SEG-085.
Resampling fixed completed VS-SEG-085.
Rigid registration to T2.nii.gz started.
Rigid registration to T2.nii.gz completed.
VS-SEG-038 Subject processing
Resampling fixed started VS-SEG-038.
Resampling fixed completed VS-SEG-038.
Rigid registration to T2.nii.gz started.
Rigid registration to T2.nii.gz completed.
VS-SEG-082 Subject processing
Resampling fixed started VS-SEG-082.
Resampling fixed completed VS-SEG-082.
Rigid registration to T2.nii.gz started.
Rigid registration to T2.nii.gz completed.
VS-SEG-096 Subject processing
Resampling fixed started VS-SEG-096.
Resampling fixed completed VS-SEG-096.
Rigid registration to T2.nii.gz started.
Rigid registration to T2.nii.gz completed.
VS-SEG-156 Subject processing
Resampling fixed started VS-SEG-156.
Resampling fixed completed VS-SEG-156.
Rigid registration to T2.nii.gz started.
Rigid registration to T2.nii.gz completed.
VS-SEG-104 Subject processing
Resampling fixed started VS-SEG-104.
Resampling fixed completed VS-SEG-104.
Rigid registration to T2.nii.gz started.
Rigid registration to T2.nii.gz completed.
VS-SEG-231 Subject processing
Resampling fixed started VS-SEG-231.
Resampling fixed completed VS-SEG-231.
Rigid registration to T2.nii.gz started.
Rigid registration to T2.nii.gz completed.
VS-SEG-164 Subject processing
Resampling fixed started VS-SEG-164.
Resampling fixed completed VS-SEG-164.
Rigid registration to T2.nii.gz started.
Rigid registration to T2.nii.gz completed.
VS-SEG-206 Subject processing
Resampling fixed started VS-SEG-206.
Resampling fixed completed VS-SEG-206.
Rigid registration to T2.nii.gz started.
Rigid registration to T2.nii.gz completed.
VS-SEG-217 Subject processing
Resampling fixed started VS-SEG-217.
Resampling fixed completed VS-SEG-217.
Rigid registration to T2.nii.gz started.
Rigid registration to T2.nii.gz completed.
VS-SEG-229 Subject processing
Resampling fixed started VS-SEG-229.
Resampling fixed completed VS-SEG-229.
Rigid registration to T2.nii.gz started.
Rigid registration to T2.nii.gz completed.
VS-SEG-226 Subject processing
Resampling fixed started VS-SEG-226.
Resampling fixed completed VS-SEG-226.
Rigid registration to T2.nii.gz started.
Rigid registration to T2.nii.gz completed.
VS-SEG-098 Subject processing
Resampling fixed started VS-SEG-098.
Resampling fixed completed VS-SEG-098.
Rigid registration to T2.nii.gz started.
Rigid registration to T2.nii.gz completed.
VS-SEG-212 Subject processing
Resampling fixed started VS-SEG-212.
Resampling fixed completed VS-SEG-212.
Rigid registration to T2.nii.gz started.
Rigid registration to T2.nii.gz completed.
VS-SEG-163 Subject processing
Resampling fixed started VS-SEG-163.
Resampling fixed completed VS-SEG-163.
Rigid registration to T2.nii.gz started.
Rigid registration to T2.nii.gz completed.
VS-SEG-021 Subject processing
Resampling fixed started VS-SEG-021.
Resampling fixed completed VS-SEG-021.
Rigid registration to T2.nii.gz started.
Rigid registration to T2.nii.gz completed.
VS-SEG-166 Subject processing
Resampling fixed started VS-SEG-166.
Resampling fixed completed VS-SEG-166.
Rigid registration to T2.nii.gz started.
Rigid registration to T2.nii.gz completed.
VS-SEG-174 Subject processing
Resampling fixed started VS-SEG-174.
Resampling fixed completed VS-SEG-174.
Rigid registration to T2.nii.gz started.
Rigid registration to T2.nii.gz completed.
VS-SEG-070 Subject processing
Resampling fixed started VS-SEG-070.
Resampling fixed completed VS-SEG-070.
Rigid registration to T2.nii.gz started.
Rigid registration to T2.nii.gz completed.
VS-SEG-194 Subject processing
Resampling fixed started VS-SEG-194.
Resampling fixed completed VS-SEG-194.
Rigid registration to T2.nii.gz started.
Rigid registration to T2.nii.gz completed.
VS-SEG-019 Subject processing
Resampling fixed started VS-SEG-019.
Resampling fixed completed VS-SEG-019.
Rigid registration to T2.nii.gz started.
Rigid registration to T2.nii.gz completed.
VS-SEG-037 Subject processing
Resampling fixed started VS-SEG-037.
Resampling fixed completed VS-SEG-037.
Rigid registration to T2.nii.gz started.
Rigid registration to T2.nii.gz completed.
VS-SEG-220 Subject processing
Resampling fixed started VS-SEG-220.
Resampling fixed completed VS-SEG-220.
Rigid registration to T2.nii.gz started.
Rigid registration to T2.nii.gz completed.
VS-SEG-033 Subject processing
Resampling fixed started VS-SEG-033.
Resampling fixed completed VS-SEG-033.
Rigid registration to T2.nii.gz started.
Rigid registration to T2.nii.gz completed.
VS-SEG-197 Subject processing
Resampling fixed started VS-SEG-197.
Resampling fixed completed VS-SEG-197.
Rigid registration to T2.nii.gz started.
Rigid registration to T2.nii.gz completed.
VS-SEG-222 Subject processing
Resampling fixed started VS-SEG-222.
Resampling fixed completed VS-SEG-222.
Rigid registration to T2.nii.gz started.
Rigid registration to T2.nii.gz completed.
VS-SEG-195 Subject processing
Resampling fixed started VS-SEG-195.
Resampling fixed completed VS-SEG-195.
Rigid registration to T2.nii.gz started.
Rigid registration to T2.nii.gz completed.
VS-SEG-100 Subject processing
Resampling fixed started VS-SEG-100.
Resampling fixed completed VS-SEG-100.
Rigid registration to T2.nii.gz started.
Rigid registration to T2.nii.gz completed.
VS-SEG-081 Subject processing
Resampling fixed started VS-SEG-081.
Resampling fixed completed VS-SEG-081.
Rigid registration to T2.nii.gz started.
Rigid registration to T2.nii.gz completed.
VS-SEG-095 Subject processing
Resampling fixed started VS-SEG-095.
Resampling fixed completed VS-SEG-095.
Rigid registration to T2.nii.gz started.
Rigid registration to T2.nii.gz completed.
VS-SEG-068 Subject processing
Resampling fixed started VS-SEG-068.
Resampling fixed completed VS-SEG-068.
Rigid registration to T2.nii.gz started.
Rigid registration to T2.nii.gz completed.
Namespace(path='/anvar/public_datasets/preproc_study/schw/orig/', fixedfilename=['T1.nii.gz'], maskfilename=['T1_SEG.nii.gz'], movingfilenames=['T2.nii.gz'], resamplingtarget=['./utils/sri24_T1.nii'], output='/anvar/public_datasets/preproc_study/schw/2a_interp/')
