/anvar/public_datasets/preproc_study/bgpd/orig/ Folder processing
1360_18 Subject processing
Rigid registration to T1.nii.gz started.
Rigid registration to T1.nii.gz completed.
Rigid registration to T2.nii.gz started.
Rigid registration to T2.nii.gz completed.
Rigid registration to CT1.nii.gz started.
Rigid registration to CT1.nii.gz completed.
Patient_98817 Subject processing
Rigid registration to T1.nii.gz started.
Rigid registration to T1.nii.gz completed.
Rigid registration to T2.nii.gz started.
Rigid registration to T2.nii.gz completed.
Rigid registration to CT1.nii.gz started.
Rigid registration to CT1.nii.gz completed.
Patient_110816 Subject processing
Rigid registration to T1.nii.gz started.
Rigid registration to T1.nii.gz completed.
Rigid registration to T2.nii.gz started.
Rigid registration to T2.nii.gz completed.
Rigid registration to CT1.nii.gz started.
Rigid registration to CT1.nii.gz completed.
1421_18 Subject processing
Rigid registration to T1.nii.gz started.
Rigid registration to T1.nii.gz completed.
Rigid registration to T2.nii.gz started.
Rigid registration to T2.nii.gz completed.
Rigid registration to CT1.nii.gz started.
Rigid registration to CT1.nii.gz completed.
1357_19_4 Subject processing
Rigid registration to T1.nii.gz started.
Rigid registration to T1.nii.gz completed.
Rigid registration to T2.nii.gz started.
Rigid registration to T2.nii.gz completed.
Rigid registration to CT1.nii.gz started.
Rigid registration to CT1.nii.gz completed.
Patient_49617 Subject processing
Rigid registration to T1.nii.gz started.
Rigid registration to T1.nii.gz completed.
Rigid registration to T2.nii.gz started.
Rigid registration to T2.nii.gz completed.
Rigid registration to CT1.nii.gz started.
Rigid registration to CT1.nii.gz completed.
Patient_2914 Subject processing
Rigid registration to T1.nii.gz started.
Rigid registration to T1.nii.gz completed.
Rigid registration to T2.nii.gz started.
Rigid registration to T2.nii.gz completed.
Rigid registration to CT1.nii.gz started.
Rigid registration to CT1.nii.gz completed.
Patient_102117 Subject processing
Rigid registration to T1.nii.gz started.
Rigid registration to T1.nii.gz completed.
Rigid registration to T2.nii.gz started.
Rigid registration to T2.nii.gz completed.
Rigid registration to CT1.nii.gz started.
Rigid registration to CT1.nii.gz completed.
Patient_24117 Subject processing
Rigid registration to T1.nii.gz started.
Rigid registration to T1.nii.gz completed.
Rigid registration to T2.nii.gz started.
Rigid registration to T2.nii.gz completed.
Rigid registration to CT1.nii.gz started.
Rigid registration to CT1.nii.gz completed.
1470_18_4 Subject processing
Rigid registration to T1.nii.gz started.
Rigid registration to T1.nii.gz completed.
Rigid registration to T2.nii.gz started.
Rigid registration to T2.nii.gz completed.
Rigid registration to CT1.nii.gz started.
Rigid registration to CT1.nii.gz completed.
Patient_92114 Subject processing
Rigid registration to T1.nii.gz started.
Rigid registration to T1.nii.gz completed.
Rigid registration to T2.nii.gz started.
Rigid registration to T2.nii.gz completed.
Rigid registration to CT1.nii.gz started.
Rigid registration to CT1.nii.gz completed.
Patient_54317 Subject processing
Rigid registration to T1.nii.gz started.
Rigid registration to T1.nii.gz completed.
Rigid registration to T2.nii.gz started.
Rigid registration to T2.nii.gz completed.
Rigid registration to CT1.nii.gz started.
Rigid registration to CT1.nii.gz completed.
Patient_66615 Subject processing
Rigid registration to T1.nii.gz started.
Rigid registration to T1.nii.gz completed.
Rigid registration to T2.nii.gz started.
Rigid registration to T2.nii.gz completed.
Rigid registration to CT1.nii.gz started.
Rigid registration to CT1.nii.gz completed.
1302_18_4 Subject processing
Rigid registration to T1.nii.gz started.
Rigid registration to T1.nii.gz completed.
Rigid registration to T2.nii.gz started.
Rigid registration to T2.nii.gz completed.
Rigid registration to CT1.nii.gz started.
Rigid registration to CT1.nii.gz completed.
Patient_43316 Subject processing
Rigid registration to T1.nii.gz started.
Rigid registration to T1.nii.gz completed.
Rigid registration to T2.nii.gz started.
Rigid registration to T2.nii.gz completed.
Rigid registration to CT1.nii.gz started.
Rigid registration to CT1.nii.gz completed.
1635_18 Subject processing
Rigid registration to T1.nii.gz started.
Rigid registration to T1.nii.gz completed.
Rigid registration to T2.nii.gz started.
Rigid registration to T2.nii.gz completed.
Rigid registration to CT1.nii.gz started.
Rigid registration to CT1.nii.gz completed.
Patient_136715 Subject processing
Rigid registration to T1.nii.gz started.
Rigid registration to T1.nii.gz completed.
Rigid registration to T2.nii.gz started.
Rigid registration to T2.nii.gz completed.
Rigid registration to CT1.nii.gz started.
Rigid registration to CT1.nii.gz completed.
Patient_62817 Subject processing
Rigid registration to T1.nii.gz started.
Rigid registration to T1.nii.gz completed.
Rigid registration to T2.nii.gz started.
Rigid registration to T2.nii.gz completed.
Rigid registration to CT1.nii.gz started.
Rigid registration to CT1.nii.gz completed.
Patient_52315 Subject processing
Rigid registration to T1.nii.gz started.
Rigid registration to T1.nii.gz completed.
Rigid registration to T2.nii.gz started.
Rigid registration to T2.nii.gz completed.
Rigid registration to CT1.nii.gz started.
Rigid registration to CT1.nii.gz completed.
1463_18_4 Subject processing
Rigid registration to T1.nii.gz started.
Rigid registration to T1.nii.gz completed.
Rigid registration to T2.nii.gz started.
Rigid registration to T2.nii.gz completed.
Rigid registration to CT1.nii.gz started.
Rigid registration to CT1.nii.gz completed.
Patient_1000815 Subject processing
Rigid registration to T1.nii.gz started.
Rigid registration to T1.nii.gz completed.
Rigid registration to T2.nii.gz started.
Rigid registration to T2.nii.gz completed.
Rigid registration to CT1.nii.gz started.
Rigid registration to CT1.nii.gz completed.
Patient_70614 Subject processing
Rigid registration to T1.nii.gz started.
Rigid registration to T1.nii.gz completed.
Rigid registration to T2.nii.gz started.
Rigid registration to T2.nii.gz completed.
Rigid registration to CT1.nii.gz started.
Rigid registration to CT1.nii.gz completed.
558_18_4 Subject processing
Rigid registration to T1.nii.gz started.
Rigid registration to T1.nii.gz completed.
Rigid registration to T2.nii.gz started.
Rigid registration to T2.nii.gz completed.
Rigid registration to CT1.nii.gz started.
Rigid registration to CT1.nii.gz completed.
608_18_4 Subject processing
Rigid registration to T1.nii.gz started.
Rigid registration to T1.nii.gz completed.
Rigid registration to T2.nii.gz started.
Rigid registration to T2.nii.gz completed.
Rigid registration to CT1.nii.gz started.
Rigid registration to CT1.nii.gz completed.
Patient_33217 Subject processing
Rigid registration to T1.nii.gz started.
Rigid registration to T1.nii.gz completed.
Rigid registration to T2.nii.gz started.
Rigid registration to T2.nii.gz completed.
Rigid registration to CT1.nii.gz started.
Rigid registration to CT1.nii.gz completed.
Patient_111016 Subject processing
Rigid registration to T1.nii.gz started.
Rigid registration to T1.nii.gz completed.
Rigid registration to T2.nii.gz started.
Rigid registration to T2.nii.gz completed.
Rigid registration to CT1.nii.gz started.
Rigid registration to CT1.nii.gz completed.
Patient_12417 Subject processing
Rigid registration to T1.nii.gz started.
Rigid registration to T1.nii.gz completed.
Rigid registration to T2.nii.gz started.
Rigid registration to T2.nii.gz completed.
Rigid registration to CT1.nii.gz started.
Rigid registration to CT1.nii.gz completed.
705_18_4 Subject processing
Rigid registration to T1.nii.gz started.
Rigid registration to T1.nii.gz completed.
Rigid registration to T2.nii.gz started.
Rigid registration to T2.nii.gz completed.
Rigid registration to CT1.nii.gz started.
Rigid registration to CT1.nii.gz completed.
Patient_140316 Subject processing
Rigid registration to T1.nii.gz started.
Rigid registration to T1.nii.gz completed.
Rigid registration to T2.nii.gz started.
Rigid registration to T2.nii.gz completed.
Rigid registration to CT1.nii.gz started.
Rigid registration to CT1.nii.gz completed.
Patient_48417 Subject processing
Rigid registration to T1.nii.gz started.
Rigid registration to T1.nii.gz completed.
Rigid registration to T2.nii.gz started.
Rigid registration to T2.nii.gz completed.
Rigid registration to CT1.nii.gz started.
Rigid registration to CT1.nii.gz completed.
672_18_4 Subject processing
Rigid registration to T1.nii.gz started.
Rigid registration to T1.nii.gz completed.
Rigid registration to T2.nii.gz started.
Rigid registration to T2.nii.gz completed.
Rigid registration to CT1.nii.gz started.
Rigid registration to CT1.nii.gz completed.
Patient_75116 Subject processing
Rigid registration to T1.nii.gz started.
Rigid registration to T1.nii.gz completed.
Rigid registration to T2.nii.gz started.
Rigid registration to T2.nii.gz completed.
Rigid registration to CT1.nii.gz started.
Rigid registration to CT1.nii.gz completed.
1056_18_4 Subject processing
Rigid registration to T1.nii.gz started.
Rigid registration to T1.nii.gz completed.
Rigid registration to T2.nii.gz started.
Rigid registration to T2.nii.gz completed.
Rigid registration to CT1.nii.gz started.
Rigid registration to CT1.nii.gz completed.
Patient_88917 Subject processing
Rigid registration to T1.nii.gz started.
Rigid registration to T1.nii.gz completed.
Rigid registration to T2.nii.gz started.
Rigid registration to T2.nii.gz completed.
Rigid registration to CT1.nii.gz started.
Rigid registration to CT1.nii.gz completed.
875_18_4 Subject processing
Rigid registration to T1.nii.gz started.
Rigid registration to T1.nii.gz completed.
Rigid registration to T2.nii.gz started.
Rigid registration to T2.nii.gz completed.
Rigid registration to CT1.nii.gz started.
Rigid registration to CT1.nii.gz completed.
946_18 Subject processing
Rigid registration to T1.nii.gz started.
Rigid registration to T1.nii.gz completed.
Rigid registration to T2.nii.gz started.
Rigid registration to T2.nii.gz completed.
Rigid registration to CT1.nii.gz started.
Rigid registration to CT1.nii.gz completed.
Patient_76516 Subject processing
Rigid registration to T1.nii.gz started.
Rigid registration to T1.nii.gz completed.
Rigid registration to T2.nii.gz started.
Rigid registration to T2.nii.gz completed.
Rigid registration to CT1.nii.gz started.
Rigid registration to CT1.nii.gz completed.
Patient_161316 Subject processing
Rigid registration to T1.nii.gz started.
Rigid registration to T1.nii.gz completed.
Rigid registration to T2.nii.gz started.
Rigid registration to T2.nii.gz completed.
Rigid registration to CT1.nii.gz started.
Rigid registration to CT1.nii.gz completed.
Patient_90517 Subject processing
Rigid registration to T1.nii.gz started.
Rigid registration to T1.nii.gz completed.
Rigid registration to T2.nii.gz started.
Rigid registration to T2.nii.gz completed.
Rigid registration to CT1.nii.gz started.
Rigid registration to CT1.nii.gz completed.
Patient_24815 Subject processing
Rigid registration to T1.nii.gz started.
Rigid registration to T1.nii.gz completed.
Rigid registration to T2.nii.gz started.
Rigid registration to T2.nii.gz completed.
Rigid registration to CT1.nii.gz started.
Rigid registration to CT1.nii.gz completed.
Patient_90616 Subject processing
Rigid registration to T1.nii.gz started.
Rigid registration to T1.nii.gz completed.
Rigid registration to T2.nii.gz started.
Rigid registration to T2.nii.gz completed.
Rigid registration to CT1.nii.gz started.
Rigid registration to CT1.nii.gz completed.
688_18 Subject processing
Rigid registration to T1.nii.gz started.
Rigid registration to T1.nii.gz completed.
Rigid registration to T2.nii.gz started.
Rigid registration to T2.nii.gz completed.
Rigid registration to CT1.nii.gz started.
Rigid registration to CT1.nii.gz completed.
1326_18 Subject processing
Rigid registration to T1.nii.gz started.
Rigid registration to T1.nii.gz completed.
Rigid registration to T2.nii.gz started.
Rigid registration to T2.nii.gz completed.
Rigid registration to CT1.nii.gz started.
Rigid registration to CT1.nii.gz completed.
Patient_137315 Subject processing
Rigid registration to T1.nii.gz started.
Rigid registration to T1.nii.gz completed.
Rigid registration to T2.nii.gz started.
Rigid registration to T2.nii.gz completed.
Rigid registration to CT1.nii.gz started.
Rigid registration to CT1.nii.gz completed.
971_18_4 Subject processing
Rigid registration to T1.nii.gz started.
Rigid registration to T1.nii.gz completed.
Rigid registration to T2.nii.gz started.
Rigid registration to T2.nii.gz completed.
Rigid registration to CT1.nii.gz started.
Rigid registration to CT1.nii.gz completed.
Patient_109017 Subject processing
Rigid registration to T1.nii.gz started.
Rigid registration to T1.nii.gz completed.
Rigid registration to T2.nii.gz started.
Rigid registration to T2.nii.gz completed.
Rigid registration to CT1.nii.gz started.
Rigid registration to CT1.nii.gz completed.
1036_18 Subject processing
Rigid registration to T1.nii.gz started.
Rigid registration to T1.nii.gz completed.
Rigid registration to T2.nii.gz started.
Rigid registration to T2.nii.gz completed.
Rigid registration to CT1.nii.gz started.
Rigid registration to CT1.nii.gz completed.
1258_18 Subject processing
Rigid registration to T1.nii.gz started.
Rigid registration to T1.nii.gz completed.
Rigid registration to T2.nii.gz started.
Rigid registration to T2.nii.gz completed.
Rigid registration to CT1.nii.gz started.
Rigid registration to CT1.nii.gz completed.
Patient_103717 Subject processing
Rigid registration to T1.nii.gz started.
Rigid registration to T1.nii.gz completed.
Rigid registration to T2.nii.gz started.
Rigid registration to T2.nii.gz completed.
Rigid registration to CT1.nii.gz started.
Rigid registration to CT1.nii.gz completed.
Patient_69515 Subject processing
Rigid registration to T1.nii.gz started.
Rigid registration to T1.nii.gz completed.
Rigid registration to T2.nii.gz started.
Rigid registration to T2.nii.gz completed.
Rigid registration to CT1.nii.gz started.
Rigid registration to CT1.nii.gz completed.
1043_18_4 Subject processing
Rigid registration to T1.nii.gz started.
Rigid registration to T1.nii.gz completed.
Rigid registration to T2.nii.gz started.
Rigid registration to T2.nii.gz completed.
Rigid registration to CT1.nii.gz started.
Rigid registration to CT1.nii.gz completed.
Patient_129816 Subject processing
Rigid registration to T1.nii.gz started.
Rigid registration to T1.nii.gz completed.
Rigid registration to T2.nii.gz started.
Rigid registration to T2.nii.gz completed.
Rigid registration to CT1.nii.gz started.
Rigid registration to CT1.nii.gz completed.
1795_18_ Subject processing
Rigid registration to T1.nii.gz started.
Rigid registration to T1.nii.gz completed.
Rigid registration to T2.nii.gz started.
Rigid registration to T2.nii.gz completed.
Rigid registration to CT1.nii.gz started.
Rigid registration to CT1.nii.gz completed.
Patient_43515 Subject processing
Rigid registration to T1.nii.gz started.
Rigid registration to T1.nii.gz completed.
Rigid registration to T2.nii.gz started.
Rigid registration to T2.nii.gz completed.
Rigid registration to CT1.nii.gz started.
Rigid registration to CT1.nii.gz completed.
Patient_110014 Subject processing
Rigid registration to T1.nii.gz started.
Rigid registration to T1.nii.gz completed.
Rigid registration to T2.nii.gz started.
Rigid registration to T2.nii.gz completed.
Rigid registration to CT1.nii.gz started.
Rigid registration to CT1.nii.gz completed.
1743_18_4 Subject processing
Rigid registration to T1.nii.gz started.
Rigid registration to T1.nii.gz completed.
Rigid registration to T2.nii.gz started.
Rigid registration to T2.nii.gz completed.
Rigid registration to CT1.nii.gz started.
Rigid registration to CT1.nii.gz completed.
Patient_122315 Subject processing
Rigid registration to T1.nii.gz started.
Rigid registration to T1.nii.gz completed.
Rigid registration to T2.nii.gz started.
Rigid registration to T2.nii.gz completed.
Rigid registration to CT1.nii.gz started.
Rigid registration to CT1.nii.gz completed.
575_18_4 Subject processing
Rigid registration to T1.nii.gz started.
Rigid registration to T1.nii.gz completed.
Rigid registration to T2.nii.gz started.
Rigid registration to T2.nii.gz completed.
Rigid registration to CT1.nii.gz started.
Rigid registration to CT1.nii.gz completed.
607_18 Subject processing
Rigid registration to T1.nii.gz started.
Rigid registration to T1.nii.gz completed.
Rigid registration to T2.nii.gz started.
Rigid registration to T2.nii.gz completed.
Rigid registration to CT1.nii.gz started.
Rigid registration to CT1.nii.gz completed.
1029_18_4 Subject processing
Rigid registration to T1.nii.gz started.
Rigid registration to T1.nii.gz completed.
Rigid registration to T2.nii.gz started.
Rigid registration to T2.nii.gz completed.
Rigid registration to CT1.nii.gz started.
Rigid registration to CT1.nii.gz completed.
Patient_65516 Subject processing
Rigid registration to T1.nii.gz started.
Rigid registration to T1.nii.gz completed.
Rigid registration to T2.nii.gz started.
Rigid registration to T2.nii.gz completed.
Rigid registration to CT1.nii.gz started.
Rigid registration to CT1.nii.gz completed.
Patient_129316 Subject processing
Rigid registration to T1.nii.gz started.
Rigid registration to T1.nii.gz completed.
Rigid registration to T2.nii.gz started.
Rigid registration to T2.nii.gz completed.
Rigid registration to CT1.nii.gz started.
Rigid registration to CT1.nii.gz completed.
1275_19_4 Subject processing
Rigid registration to T1.nii.gz started.
Rigid registration to T1.nii.gz completed.
Rigid registration to T2.nii.gz started.
Rigid registration to T2.nii.gz completed.
Rigid registration to CT1.nii.gz started.
Rigid registration to CT1.nii.gz completed.
Patient_48517 Subject processing
Rigid registration to T1.nii.gz started.
Rigid registration to T1.nii.gz completed.
Rigid registration to T2.nii.gz started.
Rigid registration to T2.nii.gz completed.
Rigid registration to CT1.nii.gz started.
Rigid registration to CT1.nii.gz completed.
1254_18 Subject processing
Rigid registration to T1.nii.gz started.
Rigid registration to T1.nii.gz completed.
Rigid registration to T2.nii.gz started.
Rigid registration to T2.nii.gz completed.
Rigid registration to CT1.nii.gz started.
Rigid registration to CT1.nii.gz completed.
Patient_83217 Subject processing
Rigid registration to T1.nii.gz started.
Rigid registration to T1.nii.gz completed.
Rigid registration to T2.nii.gz started.
Rigid registration to T2.nii.gz completed.
Rigid registration to CT1.nii.gz started.
Rigid registration to CT1.nii.gz completed.
1333_18 Subject processing
Rigid registration to T1.nii.gz started.
Rigid registration to T1.nii.gz completed.
Rigid registration to T2.nii.gz started.
Rigid registration to T2.nii.gz completed.
Rigid registration to CT1.nii.gz started.
Rigid registration to CT1.nii.gz completed.
1185_18_4 Subject processing
Rigid registration to T1.nii.gz started.
Rigid registration to T1.nii.gz completed.
Rigid registration to T2.nii.gz started.
Rigid registration to T2.nii.gz completed.
Rigid registration to CT1.nii.gz started.
Rigid registration to CT1.nii.gz completed.
Patient_74417 Subject processing
Rigid registration to T1.nii.gz started.
Rigid registration to T1.nii.gz completed.
Rigid registration to T2.nii.gz started.
Rigid registration to T2.nii.gz completed.
Rigid registration to CT1.nii.gz started.
Rigid registration to CT1.nii.gz completed.
Patient_98814 Subject processing
Rigid registration to T1.nii.gz started.
Rigid registration to T1.nii.gz completed.
Rigid registration to T2.nii.gz started.
Rigid registration to T2.nii.gz completed.
Rigid registration to CT1.nii.gz started.
Rigid registration to CT1.nii.gz completed.
1546_18 Subject processing
Rigid registration to T1.nii.gz started.
Rigid registration to T1.nii.gz completed.
Rigid registration to T2.nii.gz started.
Rigid registration to T2.nii.gz completed.
Rigid registration to CT1.nii.gz started.
Rigid registration to CT1.nii.gz completed.
979_18_4 Subject processing
Rigid registration to T1.nii.gz started.
Rigid registration to T1.nii.gz completed.
Rigid registration to T2.nii.gz started.
Rigid registration to T2.nii.gz completed.
Rigid registration to CT1.nii.gz started.
Rigid registration to CT1.nii.gz completed.
593_18 Subject processing
Rigid registration to T1.nii.gz started.
Rigid registration to T1.nii.gz completed.
Rigid registration to T2.nii.gz started.
Rigid registration to T2.nii.gz completed.
Rigid registration to CT1.nii.gz started.
Rigid registration to CT1.nii.gz completed.
1702_18 Subject processing
Rigid registration to T1.nii.gz started.
Rigid registration to T1.nii.gz completed.
Rigid registration to T2.nii.gz started.
Rigid registration to T2.nii.gz completed.
Rigid registration to CT1.nii.gz started.
Rigid registration to CT1.nii.gz completed.
Patient_1001316 Subject processing
Rigid registration to T1.nii.gz started.
Rigid registration to T1.nii.gz completed.
Rigid registration to T2.nii.gz started.
Rigid registration to T2.nii.gz completed.
Rigid registration to CT1.nii.gz started.
Rigid registration to CT1.nii.gz completed.
1734_18 Subject processing
Rigid registration to T1.nii.gz started.
Rigid registration to T1.nii.gz completed.
Rigid registration to T2.nii.gz started.
Rigid registration to T2.nii.gz completed.
Rigid registration to CT1.nii.gz started.
Rigid registration to CT1.nii.gz completed.
Patient_28514 Subject processing
Rigid registration to T1.nii.gz started.
Rigid registration to T1.nii.gz completed.
Rigid registration to T2.nii.gz started.
Rigid registration to T2.nii.gz completed.
Rigid registration to CT1.nii.gz started.
Rigid registration to CT1.nii.gz completed.
Patient_24717 Subject processing
Rigid registration to T1.nii.gz started.
Rigid registration to T1.nii.gz completed.
Rigid registration to T2.nii.gz started.
Rigid registration to T2.nii.gz completed.
Rigid registration to CT1.nii.gz started.
Rigid registration to CT1.nii.gz completed.
Patient_131416 Subject processing
Rigid registration to T1.nii.gz started.
Rigid registration to T1.nii.gz completed.
Rigid registration to T2.nii.gz started.
Rigid registration to T2.nii.gz completed.
Rigid registration to CT1.nii.gz started.
Rigid registration to CT1.nii.gz completed.
1515_18_4 Subject processing
Rigid registration to T1.nii.gz started.
Rigid registration to T1.nii.gz completed.
Rigid registration to T2.nii.gz started.
Rigid registration to T2.nii.gz completed.
Rigid registration to CT1.nii.gz started.
Rigid registration to CT1.nii.gz completed.
541_18 Subject processing
Rigid registration to T1.nii.gz started.
Rigid registration to T1.nii.gz completed.
Rigid registration to T2.nii.gz started.
Rigid registration to T2.nii.gz completed.
Rigid registration to CT1.nii.gz started.
Rigid registration to CT1.nii.gz completed.
1501_18_4 Subject processing
Rigid registration to T1.nii.gz started.
Rigid registration to T1.nii.gz completed.
Rigid registration to T2.nii.gz started.
Rigid registration to T2.nii.gz completed.
Rigid registration to CT1.nii.gz started.
Rigid registration to CT1.nii.gz completed.
Patient_158716 Subject processing
Rigid registration to T1.nii.gz started.
Rigid registration to T1.nii.gz completed.
Rigid registration to T2.nii.gz started.
Rigid registration to T2.nii.gz completed.
Rigid registration to CT1.nii.gz started.
Rigid registration to CT1.nii.gz completed.
Patient_45217 Subject processing
Rigid registration to T1.nii.gz started.
Rigid registration to T1.nii.gz completed.
Rigid registration to T2.nii.gz started.
Rigid registration to T2.nii.gz completed.
Rigid registration to CT1.nii.gz started.
Rigid registration to CT1.nii.gz completed.
Patient_61916 Subject processing
Rigid registration to T1.nii.gz started.
Rigid registration to T1.nii.gz completed.
Rigid registration to T2.nii.gz started.
Rigid registration to T2.nii.gz completed.
Rigid registration to CT1.nii.gz started.
Rigid registration to CT1.nii.gz completed.
1034_18_4 Subject processing
Rigid registration to T1.nii.gz started.
Rigid registration to T1.nii.gz completed.
Rigid registration to T2.nii.gz started.
Rigid registration to T2.nii.gz completed.
Rigid registration to CT1.nii.gz started.
Rigid registration to CT1.nii.gz completed.
668_18_4 Subject processing
Rigid registration to T1.nii.gz started.
Rigid registration to T1.nii.gz completed.
Rigid registration to T2.nii.gz started.
Rigid registration to T2.nii.gz completed.
Rigid registration to CT1.nii.gz started.
Rigid registration to CT1.nii.gz completed.
826_18_4 Subject processing
Rigid registration to T1.nii.gz started.
Rigid registration to T1.nii.gz completed.
Rigid registration to T2.nii.gz started.
Rigid registration to T2.nii.gz completed.
Rigid registration to CT1.nii.gz started.
Rigid registration to CT1.nii.gz completed.
1216_18 Subject processing
Rigid registration to T1.nii.gz started.
Rigid registration to T1.nii.gz completed.
Rigid registration to T2.nii.gz started.
Rigid registration to T2.nii.gz completed.
Rigid registration to CT1.nii.gz started.
Rigid registration to CT1.nii.gz completed.
1096_18 Subject processing
Rigid registration to T1.nii.gz started.
Rigid registration to T1.nii.gz completed.
Rigid registration to T2.nii.gz started.
Rigid registration to T2.nii.gz completed.
Rigid registration to CT1.nii.gz started.
Rigid registration to CT1.nii.gz completed.
Patient_99715 Subject processing
Rigid registration to T1.nii.gz started.
Rigid registration to T1.nii.gz completed.
Rigid registration to T2.nii.gz started.
Rigid registration to T2.nii.gz completed.
Rigid registration to CT1.nii.gz started.
Rigid registration to CT1.nii.gz completed.
Patient_56717 Subject processing
Rigid registration to T1.nii.gz started.
Rigid registration to T1.nii.gz completed.
Rigid registration to T2.nii.gz started.
Rigid registration to T2.nii.gz completed.
Rigid registration to CT1.nii.gz started.
Rigid registration to CT1.nii.gz completed.
1019_18 Subject processing
Rigid registration to T1.nii.gz started.
Rigid registration to T1.nii.gz completed.
Rigid registration to T2.nii.gz started.
Rigid registration to T2.nii.gz completed.
Rigid registration to CT1.nii.gz started.
Rigid registration to CT1.nii.gz completed.
Patient_72715 Subject processing
Rigid registration to T1.nii.gz started.
Rigid registration to T1.nii.gz completed.
Rigid registration to T2.nii.gz started.
Rigid registration to T2.nii.gz completed.
Rigid registration to CT1.nii.gz started.
Rigid registration to CT1.nii.gz completed.
Patient_12115 Subject processing
Rigid registration to T1.nii.gz started.
Rigid registration to T1.nii.gz completed.
Rigid registration to T2.nii.gz started.
Rigid registration to T2.nii.gz completed.
Rigid registration to CT1.nii.gz started.
Rigid registration to CT1.nii.gz completed.
Patient_5117 Subject processing
Rigid registration to T1.nii.gz started.
Rigid registration to T1.nii.gz completed.
Rigid registration to T2.nii.gz started.
Rigid registration to T2.nii.gz completed.
Rigid registration to CT1.nii.gz started.
Rigid registration to CT1.nii.gz completed.
1646_18 Subject processing
Rigid registration to T1.nii.gz started.
Rigid registration to T1.nii.gz completed.
Rigid registration to T2.nii.gz started.
Rigid registration to T2.nii.gz completed.
Rigid registration to CT1.nii.gz started.
Rigid registration to CT1.nii.gz completed.
Patient_132216 Subject processing
Rigid registration to T1.nii.gz started.
Rigid registration to T1.nii.gz completed.
Rigid registration to T2.nii.gz started.
Rigid registration to T2.nii.gz completed.
Rigid registration to CT1.nii.gz started.
Rigid registration to CT1.nii.gz completed.
Patient_107017 Subject processing
Rigid registration to T1.nii.gz started.
Rigid registration to T1.nii.gz completed.
Rigid registration to T2.nii.gz started.
Rigid registration to T2.nii.gz completed.
Rigid registration to CT1.nii.gz started.
Rigid registration to CT1.nii.gz completed.
1159_18_4 Subject processing
Rigid registration to T1.nii.gz started.
Rigid registration to T1.nii.gz completed.
Rigid registration to T2.nii.gz started.
Rigid registration to T2.nii.gz completed.
Rigid registration to CT1.nii.gz started.
Rigid registration to CT1.nii.gz completed.
Patient_8017 Subject processing
Rigid registration to T1.nii.gz started.
Rigid registration to T1.nii.gz completed.
Rigid registration to T2.nii.gz started.
Rigid registration to T2.nii.gz completed.
Rigid registration to CT1.nii.gz started.
Rigid registration to CT1.nii.gz completed.
Patient_133916 Subject processing
Rigid registration to T1.nii.gz started.
Rigid registration to T1.nii.gz completed.
Rigid registration to T2.nii.gz started.
Rigid registration to T2.nii.gz completed.
Rigid registration to CT1.nii.gz started.
Rigid registration to CT1.nii.gz completed.
Patient_109414 Subject processing
Rigid registration to T1.nii.gz started.
Rigid registration to T1.nii.gz completed.
Rigid registration to T2.nii.gz started.
Rigid registration to T2.nii.gz completed.
Rigid registration to CT1.nii.gz started.
Rigid registration to CT1.nii.gz completed.
Patient_87114 Subject processing
Rigid registration to T1.nii.gz started.
Rigid registration to T1.nii.gz completed.
Rigid registration to T2.nii.gz started.
Rigid registration to T2.nii.gz completed.
Rigid registration to CT1.nii.gz started.
Rigid registration to CT1.nii.gz completed.
1354_18_4 Subject processing
Rigid registration to T1.nii.gz started.
Rigid registration to T1.nii.gz completed.
Rigid registration to T2.nii.gz started.
Rigid registration to T2.nii.gz completed.
Rigid registration to CT1.nii.gz started.
Rigid registration to CT1.nii.gz completed.
1765_18_4 Subject processing
Rigid registration to T1.nii.gz started.
Rigid registration to T1.nii.gz completed.
Rigid registration to T2.nii.gz started.
Rigid registration to T2.nii.gz completed.
Rigid registration to CT1.nii.gz started.
Rigid registration to CT1.nii.gz completed.
1072_19 Subject processing
Rigid registration to T1.nii.gz started.
Rigid registration to T1.nii.gz completed.
Rigid registration to T2.nii.gz started.
Rigid registration to T2.nii.gz completed.
Rigid registration to CT1.nii.gz started.
Rigid registration to CT1.nii.gz completed.
1257_18 Subject processing
Rigid registration to T1.nii.gz started.
Rigid registration to T1.nii.gz completed.
Rigid registration to T2.nii.gz started.
Rigid registration to T2.nii.gz completed.
Rigid registration to CT1.nii.gz started.
Rigid registration to CT1.nii.gz completed.
1744_18 Subject processing
Rigid registration to T1.nii.gz started.
Rigid registration to T1.nii.gz completed.
Rigid registration to T2.nii.gz started.
Rigid registration to T2.nii.gz completed.
Rigid registration to CT1.nii.gz started.
Rigid registration to CT1.nii.gz completed.
1566_18 Subject processing
Rigid registration to T1.nii.gz started.
Rigid registration to T1.nii.gz completed.
Rigid registration to T2.nii.gz started.
Rigid registration to T2.nii.gz completed.
Rigid registration to CT1.nii.gz started.
Rigid registration to CT1.nii.gz completed.
1112_19_4 Subject processing
Rigid registration to T1.nii.gz started.
Rigid registration to T1.nii.gz completed.
Rigid registration to T2.nii.gz started.
Rigid registration to T2.nii.gz completed.
Rigid registration to CT1.nii.gz started.
Rigid registration to CT1.nii.gz completed.
Patient_120115 Subject processing
Rigid registration to T1.nii.gz started.
Rigid registration to T1.nii.gz completed.
Rigid registration to T2.nii.gz started.
Rigid registration to T2.nii.gz completed.
Rigid registration to CT1.nii.gz started.
Rigid registration to CT1.nii.gz completed.
Patient_138316 Subject processing
Rigid registration to T1.nii.gz started.
Rigid registration to T1.nii.gz completed.
Rigid registration to T2.nii.gz started.
Rigid registration to T2.nii.gz completed.
Rigid registration to CT1.nii.gz started.
Rigid registration to CT1.nii.gz completed.
1255_18 Subject processing
Rigid registration to T1.nii.gz started.
Rigid registration to T1.nii.gz completed.
Rigid registration to T2.nii.gz started.
Rigid registration to T2.nii.gz completed.
Rigid registration to CT1.nii.gz started.
Rigid registration to CT1.nii.gz completed.
1764_18_4 Subject processing
Rigid registration to T1.nii.gz started.
Rigid registration to T1.nii.gz completed.
Rigid registration to T2.nii.gz started.
Rigid registration to T2.nii.gz completed.
Rigid registration to CT1.nii.gz started.
Rigid registration to CT1.nii.gz completed.
746_19_4 Subject processing
Rigid registration to T1.nii.gz started.
Rigid registration to T1.nii.gz completed.
Rigid registration to T2.nii.gz started.
Rigid registration to T2.nii.gz completed.
Rigid registration to CT1.nii.gz started.
Rigid registration to CT1.nii.gz completed.
322_18_4 Subject processing
Rigid registration to T1.nii.gz started.
Rigid registration to T1.nii.gz completed.
Rigid registration to T2.nii.gz started.
Rigid registration to T2.nii.gz completed.
Rigid registration to CT1.nii.gz started.
Rigid registration to CT1.nii.gz completed.
349_18_4 Subject processing
Rigid registration to T1.nii.gz started.
Rigid registration to T1.nii.gz completed.
Rigid registration to T2.nii.gz started.
Rigid registration to T2.nii.gz completed.
Rigid registration to CT1.nii.gz started.
Rigid registration to CT1.nii.gz completed.
990_18_4 Subject processing
Rigid registration to T1.nii.gz started.
Rigid registration to T1.nii.gz completed.
Rigid registration to T2.nii.gz started.
Rigid registration to T2.nii.gz completed.
Rigid registration to CT1.nii.gz started.
Rigid registration to CT1.nii.gz completed.
1770_18_4 Subject processing
Rigid registration to T1.nii.gz started.
Rigid registration to T1.nii.gz completed.
Rigid registration to T2.nii.gz started.
Rigid registration to T2.nii.gz completed.
Rigid registration to CT1.nii.gz started.
Rigid registration to CT1.nii.gz completed.
1733_18 Subject processing
Rigid registration to T1.nii.gz started.
Rigid registration to T1.nii.gz completed.
Rigid registration to T2.nii.gz started.
Rigid registration to T2.nii.gz completed.
Rigid registration to CT1.nii.gz started.
Rigid registration to CT1.nii.gz completed.
Patient_22117 Subject processing
Rigid registration to T1.nii.gz started.
Rigid registration to T1.nii.gz completed.
Rigid registration to T2.nii.gz started.
Rigid registration to T2.nii.gz completed.
Rigid registration to CT1.nii.gz started.
Rigid registration to CT1.nii.gz completed.
Patient_84116 Subject processing
Rigid registration to T1.nii.gz started.
Rigid registration to T1.nii.gz completed.
Rigid registration to T2.nii.gz started.
Rigid registration to T2.nii.gz completed.
Rigid registration to CT1.nii.gz started.
Rigid registration to CT1.nii.gz completed.
1362_18_4 Subject processing
Rigid registration to T1.nii.gz started.
Rigid registration to T1.nii.gz completed.
Rigid registration to T2.nii.gz started.
Rigid registration to T2.nii.gz completed.
Rigid registration to CT1.nii.gz started.
Rigid registration to CT1.nii.gz completed.
Patient_83714 Subject processing
Rigid registration to T1.nii.gz started.
Rigid registration to T1.nii.gz completed.
Rigid registration to T2.nii.gz started.
Rigid registration to T2.nii.gz completed.
Rigid registration to CT1.nii.gz started.
Rigid registration to CT1.nii.gz completed.
1484_18_4 Subject processing
Rigid registration to T1.nii.gz started.
Rigid registration to T1.nii.gz completed.
Rigid registration to T2.nii.gz started.
Rigid registration to T2.nii.gz completed.
Rigid registration to CT1.nii.gz started.
Rigid registration to CT1.nii.gz completed.
Patient_9315 Subject processing
Rigid registration to T1.nii.gz started.
Rigid registration to T1.nii.gz completed.
Rigid registration to T2.nii.gz started.
Rigid registration to T2.nii.gz completed.
Rigid registration to CT1.nii.gz started.
Rigid registration to CT1.nii.gz completed.
Patient_135915 Subject processing
Rigid registration to T1.nii.gz started.
Rigid registration to T1.nii.gz completed.
Rigid registration to T2.nii.gz started.
Rigid registration to T2.nii.gz completed.
Rigid registration to CT1.nii.gz started.
Rigid registration to CT1.nii.gz completed.
Patient_104514 Subject processing
Rigid registration to T1.nii.gz started.
Rigid registration to T1.nii.gz completed.
Rigid registration to T2.nii.gz started.
Rigid registration to T2.nii.gz completed.
Rigid registration to CT1.nii.gz started.
Rigid registration to CT1.nii.gz completed.
856_19_4 Subject processing
Rigid registration to T1.nii.gz started.
Rigid registration to T1.nii.gz completed.
Rigid registration to T2.nii.gz started.
Rigid registration to T2.nii.gz completed.
Rigid registration to CT1.nii.gz started.
Rigid registration to CT1.nii.gz completed.
Patient_716 Subject processing
Rigid registration to T1.nii.gz started.
Rigid registration to T1.nii.gz completed.
Rigid registration to T2.nii.gz started.
Rigid registration to T2.nii.gz completed.
Rigid registration to CT1.nii.gz started.
Rigid registration to CT1.nii.gz completed.
Patient_1815 Subject processing
Rigid registration to T1.nii.gz started.
Rigid registration to T1.nii.gz completed.
Rigid registration to T2.nii.gz started.
Rigid registration to T2.nii.gz completed.
Rigid registration to CT1.nii.gz started.
Rigid registration to CT1.nii.gz completed.
Patient_61715 Subject processing
Rigid registration to T1.nii.gz started.
Rigid registration to T1.nii.gz completed.
Rigid registration to T2.nii.gz started.
Rigid registration to T2.nii.gz completed.
Rigid registration to CT1.nii.gz started.
Rigid registration to CT1.nii.gz completed.
925_18_4 Subject processing
Rigid registration to T1.nii.gz started.
Rigid registration to T1.nii.gz completed.
Rigid registration to T2.nii.gz started.
Rigid registration to T2.nii.gz completed.
Rigid registration to CT1.nii.gz started.
Rigid registration to CT1.nii.gz completed.
Patient_20717 Subject processing
Rigid registration to T1.nii.gz started.
Rigid registration to T1.nii.gz completed.
Rigid registration to T2.nii.gz started.
Rigid registration to T2.nii.gz completed.
Rigid registration to CT1.nii.gz started.
Rigid registration to CT1.nii.gz completed.
1539_18 Subject processing
Rigid registration to T1.nii.gz started.
Rigid registration to T1.nii.gz completed.
Rigid registration to T2.nii.gz started.
Rigid registration to T2.nii.gz completed.
Rigid registration to CT1.nii.gz started.
Rigid registration to CT1.nii.gz completed.
1573_18_4 Subject processing
Rigid registration to T1.nii.gz started.
Rigid registration to T1.nii.gz completed.
Rigid registration to T2.nii.gz started.
Rigid registration to T2.nii.gz completed.
Rigid registration to CT1.nii.gz started.
Rigid registration to CT1.nii.gz completed.
1028_18_4 Subject processing
Rigid registration to T1.nii.gz started.
Rigid registration to T1.nii.gz completed.
Rigid registration to T2.nii.gz started.
Rigid registration to T2.nii.gz completed.
Rigid registration to CT1.nii.gz started.
Rigid registration to CT1.nii.gz completed.
1214_18 Subject processing
Rigid registration to T1.nii.gz started.
Rigid registration to T1.nii.gz completed.
Rigid registration to T2.nii.gz started.
Rigid registration to T2.nii.gz completed.
Rigid registration to CT1.nii.gz started.
Rigid registration to CT1.nii.gz completed.
770_18 Subject processing
Rigid registration to T1.nii.gz started.
Rigid registration to T1.nii.gz completed.
Rigid registration to T2.nii.gz started.
Rigid registration to T2.nii.gz completed.
Rigid registration to CT1.nii.gz started.
Rigid registration to CT1.nii.gz completed.
Patient_138516 Subject processing
Rigid registration to T1.nii.gz started.
Rigid registration to T1.nii.gz completed.
Rigid registration to T2.nii.gz started.
Rigid registration to T2.nii.gz completed.
Rigid registration to CT1.nii.gz started.
Rigid registration to CT1.nii.gz completed.
Patient_88817 Subject processing
Rigid registration to T1.nii.gz started.
Rigid registration to T1.nii.gz completed.
Rigid registration to T2.nii.gz started.
Rigid registration to T2.nii.gz completed.
Rigid registration to CT1.nii.gz started.
Rigid registration to CT1.nii.gz completed.
351_18 Subject processing
Rigid registration to T1.nii.gz started.
Rigid registration to T1.nii.gz completed.
Rigid registration to T2.nii.gz started.
Rigid registration to T2.nii.gz completed.
Rigid registration to CT1.nii.gz started.
Rigid registration to CT1.nii.gz completed.
Patient_59315 Subject processing
Rigid registration to T1.nii.gz started.
Rigid registration to T1.nii.gz completed.
Rigid registration to T2.nii.gz started.
Rigid registration to T2.nii.gz completed.
Rigid registration to CT1.nii.gz started.
Rigid registration to CT1.nii.gz completed.
Patient_127916 Subject processing
Rigid registration to T1.nii.gz started.
Rigid registration to T1.nii.gz completed.
Rigid registration to T2.nii.gz started.
Rigid registration to T2.nii.gz completed.
Rigid registration to CT1.nii.gz started.
Rigid registration to CT1.nii.gz completed.
Patient_12214 Subject processing
Rigid registration to T1.nii.gz started.
Rigid registration to T1.nii.gz completed.
Rigid registration to T2.nii.gz started.
Rigid registration to T2.nii.gz completed.
Rigid registration to CT1.nii.gz started.
Rigid registration to CT1.nii.gz completed.
Patient_51815 Subject processing
Rigid registration to T1.nii.gz started.
Rigid registration to T1.nii.gz completed.
Rigid registration to T2.nii.gz started.
Rigid registration to T2.nii.gz completed.
Rigid registration to CT1.nii.gz started.
Rigid registration to CT1.nii.gz completed.
1781_18 Subject processing
Rigid registration to T1.nii.gz started.
Rigid registration to T1.nii.gz completed.
Rigid registration to T2.nii.gz started.
Rigid registration to T2.nii.gz completed.
Rigid registration to CT1.nii.gz started.
Rigid registration to CT1.nii.gz completed.
660_18_4 Subject processing
Rigid registration to T1.nii.gz started.
Rigid registration to T1.nii.gz completed.
Rigid registration to T2.nii.gz started.
Rigid registration to T2.nii.gz completed.
Rigid registration to CT1.nii.gz started.
Rigid registration to CT1.nii.gz completed.
1746_18_4 Subject processing
Rigid registration to T1.nii.gz started.
Rigid registration to T1.nii.gz completed.
Rigid registration to T2.nii.gz started.
Rigid registration to T2.nii.gz completed.
Rigid registration to CT1.nii.gz started.
Rigid registration to CT1.nii.gz completed.
573_18_4 Subject processing
Rigid registration to T1.nii.gz started.
Rigid registration to T1.nii.gz completed.
Rigid registration to T2.nii.gz started.
Rigid registration to T2.nii.gz completed.
Rigid registration to CT1.nii.gz started.
Rigid registration to CT1.nii.gz completed.
644_19_4 Subject processing
Rigid registration to T1.nii.gz started.
Rigid registration to T1.nii.gz completed.
Rigid registration to T2.nii.gz started.
Rigid registration to T2.nii.gz completed.
Rigid registration to CT1.nii.gz started.
Rigid registration to CT1.nii.gz completed.
Patient_129415 Subject processing
Rigid registration to T1.nii.gz started.
Rigid registration to T1.nii.gz completed.
Rigid registration to T2.nii.gz started.
Rigid registration to T2.nii.gz completed.
Rigid registration to CT1.nii.gz started.
Rigid registration to CT1.nii.gz completed.
1164_18 Subject processing
Rigid registration to T1.nii.gz started.
Rigid registration to T1.nii.gz completed.
Rigid registration to T2.nii.gz started.
Rigid registration to T2.nii.gz completed.
Rigid registration to CT1.nii.gz started.
Rigid registration to CT1.nii.gz completed.
Patient_136415 Subject processing
Rigid registration to T1.nii.gz started.
Rigid registration to T1.nii.gz completed.
Rigid registration to T2.nii.gz started.
Rigid registration to T2.nii.gz completed.
Rigid registration to CT1.nii.gz started.
Rigid registration to CT1.nii.gz completed.
255_18 Subject processing
Rigid registration to T1.nii.gz started.
Rigid registration to T1.nii.gz completed.
Rigid registration to T2.nii.gz started.
Rigid registration to T2.nii.gz completed.
Rigid registration to CT1.nii.gz started.
Rigid registration to CT1.nii.gz completed.
745_18_4 Subject processing
Rigid registration to T1.nii.gz started.
Rigid registration to T1.nii.gz completed.
Rigid registration to T2.nii.gz started.
Rigid registration to T2.nii.gz completed.
Rigid registration to CT1.nii.gz started.
Rigid registration to CT1.nii.gz completed.
1184_18 Subject processing
Rigid registration to T1.nii.gz started.
Rigid registration to T1.nii.gz completed.
Rigid registration to T2.nii.gz started.
Rigid registration to T2.nii.gz completed.
Rigid registration to CT1.nii.gz started.
Rigid registration to CT1.nii.gz completed.
1685_18_4 Subject processing
Rigid registration to T1.nii.gz started.
Rigid registration to T1.nii.gz completed.
Rigid registration to T2.nii.gz started.
Rigid registration to T2.nii.gz completed.
Rigid registration to CT1.nii.gz started.
Rigid registration to CT1.nii.gz completed.
Patient_62315 Subject processing
Rigid registration to T1.nii.gz started.
Rigid registration to T1.nii.gz completed.
Rigid registration to T2.nii.gz started.
Rigid registration to T2.nii.gz completed.
Rigid registration to CT1.nii.gz started.
Rigid registration to CT1.nii.gz completed.
Patient_15215 Subject processing
Rigid registration to T1.nii.gz started.
Rigid registration to T1.nii.gz completed.
Rigid registration to T2.nii.gz started.
Rigid registration to T2.nii.gz completed.
Rigid registration to CT1.nii.gz started.
Rigid registration to CT1.nii.gz completed.
1267_18_4 Subject processing
Rigid registration to T1.nii.gz started.
Rigid registration to T1.nii.gz completed.
Rigid registration to T2.nii.gz started.
Rigid registration to T2.nii.gz completed.
Rigid registration to CT1.nii.gz started.
Rigid registration to CT1.nii.gz completed.
Patient_59817 Subject processing
Rigid registration to T1.nii.gz started.
Rigid registration to T1.nii.gz completed.
Rigid registration to T2.nii.gz started.
Rigid registration to T2.nii.gz completed.
Rigid registration to CT1.nii.gz started.
Rigid registration to CT1.nii.gz completed.
Patient_136915 Subject processing
Rigid registration to T1.nii.gz started.
Rigid registration to T1.nii.gz completed.
Rigid registration to T2.nii.gz started.
Rigid registration to T2.nii.gz completed.
Rigid registration to CT1.nii.gz started.
Rigid registration to CT1.nii.gz completed.
1788_18_4 Subject processing
Rigid registration to T1.nii.gz started.
Rigid registration to T1.nii.gz completed.
Rigid registration to T2.nii.gz started.
Rigid registration to T2.nii.gz completed.
Rigid registration to CT1.nii.gz started.
Rigid registration to CT1.nii.gz completed.
Patient_123816 Subject processing
Rigid registration to T1.nii.gz started.
Rigid registration to T1.nii.gz completed.
Rigid registration to T2.nii.gz started.
Rigid registration to T2.nii.gz completed.
Rigid registration to CT1.nii.gz started.
Rigid registration to CT1.nii.gz completed.
1541_18_4 Subject processing
Rigid registration to T1.nii.gz started.
Rigid registration to T1.nii.gz completed.
Rigid registration to T2.nii.gz started.
Rigid registration to T2.nii.gz completed.
Rigid registration to CT1.nii.gz started.
Rigid registration to CT1.nii.gz completed.
Patient_105215 Subject processing
Rigid registration to T1.nii.gz started.
Rigid registration to T1.nii.gz completed.
Rigid registration to T2.nii.gz started.
Rigid registration to T2.nii.gz completed.
Rigid registration to CT1.nii.gz started.
Rigid registration to CT1.nii.gz completed.
923_18 Subject processing
Rigid registration to T1.nii.gz started.
Rigid registration to T1.nii.gz completed.
Rigid registration to T2.nii.gz started.
Rigid registration to T2.nii.gz completed.
Rigid registration to CT1.nii.gz started.
Rigid registration to CT1.nii.gz completed.
423_18 Subject processing
Rigid registration to T1.nii.gz started.
Rigid registration to T1.nii.gz completed.
Rigid registration to T2.nii.gz started.
Rigid registration to T2.nii.gz completed.
Rigid registration to CT1.nii.gz started.
Rigid registration to CT1.nii.gz completed.
Patient_146716 Subject processing
Rigid registration to T1.nii.gz started.
Rigid registration to T1.nii.gz completed.
Rigid registration to T2.nii.gz started.
Rigid registration to T2.nii.gz completed.
Rigid registration to CT1.nii.gz started.
Rigid registration to CT1.nii.gz completed.
1769_18 Subject processing
Rigid registration to T1.nii.gz started.
Rigid registration to T1.nii.gz completed.
Rigid registration to T2.nii.gz started.
Rigid registration to T2.nii.gz completed.
Rigid registration to CT1.nii.gz started.
Rigid registration to CT1.nii.gz completed.
Patient_130514 Subject processing
Rigid registration to T1.nii.gz started.
Rigid registration to T1.nii.gz completed.
Rigid registration to T2.nii.gz started.
Rigid registration to T2.nii.gz completed.
Rigid registration to CT1.nii.gz started.
Rigid registration to CT1.nii.gz completed.
1170_18_4 Subject processing
Rigid registration to T1.nii.gz started.
Rigid registration to T1.nii.gz completed.
Rigid registration to T2.nii.gz started.
Rigid registration to T2.nii.gz completed.
Rigid registration to CT1.nii.gz started.
Rigid registration to CT1.nii.gz completed.
Patient_95717 Subject processing
Rigid registration to T1.nii.gz started.
Rigid registration to T1.nii.gz completed.
Rigid registration to T2.nii.gz started.
Rigid registration to T2.nii.gz completed.
Rigid registration to CT1.nii.gz started.
Rigid registration to CT1.nii.gz completed.
Patient_89117 Subject processing
Rigid registration to T1.nii.gz started.
Rigid registration to T1.nii.gz completed.
Rigid registration to T2.nii.gz started.
Rigid registration to T2.nii.gz completed.
Rigid registration to CT1.nii.gz started.
Rigid registration to CT1.nii.gz completed.
664_18_4 Subject processing
Rigid registration to T1.nii.gz started.
Rigid registration to T1.nii.gz completed.
Rigid registration to T2.nii.gz started.
Rigid registration to T2.nii.gz completed.
Rigid registration to CT1.nii.gz started.
Rigid registration to CT1.nii.gz completed.
Patient_15817 Subject processing
Rigid registration to T1.nii.gz started.
Rigid registration to T1.nii.gz completed.
Rigid registration to T2.nii.gz started.
Rigid registration to T2.nii.gz completed.
Rigid registration to CT1.nii.gz started.
Rigid registration to CT1.nii.gz completed.
Patient_1000314 Subject processing
Rigid registration to T1.nii.gz started.
Rigid registration to T1.nii.gz completed.
Rigid registration to T2.nii.gz started.
Rigid registration to T2.nii.gz completed.
Rigid registration to CT1.nii.gz started.
Rigid registration to CT1.nii.gz completed.
788_18 Subject processing
Rigid registration to T1.nii.gz started.
Rigid registration to T1.nii.gz completed.
Rigid registration to T2.nii.gz started.
Rigid registration to T2.nii.gz completed.
Rigid registration to CT1.nii.gz started.
Rigid registration to CT1.nii.gz completed.
Namespace(path='/anvar/public_datasets/preproc_study/bgpd/orig/', fixedfilename=['FLAIR.nii.gz'], maskfilename=['mask_GTV_FLAIR.nii.gz'], movingfilenames=['T1.nii.gz', 'T2.nii.gz', 'CT1.nii.gz'], output='/anvar/public_datasets/preproc_study/bgpd/1_reg/')
