/anvar/public_datasets/preproc_study/bgpd/orig/ Folder processing
1360_18 Subject processing
Resampling fixed started 1360_18.
Resampling fixed completed 1360_18.
Rigid registration to T1.nii.gz started.
Rigid registration to T1.nii.gz completed.
Rigid registration to T2.nii.gz started.
Rigid registration to T2.nii.gz completed.
Rigid registration to FLAIR.nii.gz started.
Rigid registration to FLAIR.nii.gz completed.
Patient_98817 Subject processing
Resampling fixed started Patient_98817.
Resampling fixed completed Patient_98817.
Rigid registration to T1.nii.gz started.
Rigid registration to T1.nii.gz completed.
Rigid registration to T2.nii.gz started.
Rigid registration to T2.nii.gz completed.
Rigid registration to FLAIR.nii.gz started.
Rigid registration to FLAIR.nii.gz completed.
Patient_110816 Subject processing
Resampling fixed started Patient_110816.
Resampling fixed completed Patient_110816.
Rigid registration to T1.nii.gz started.
Rigid registration to T1.nii.gz completed.
Rigid registration to T2.nii.gz started.
Rigid registration to T2.nii.gz completed.
Rigid registration to FLAIR.nii.gz started.
Rigid registration to FLAIR.nii.gz completed.
1421_18 Subject processing
Resampling fixed started 1421_18.
Resampling fixed completed 1421_18.
Rigid registration to T1.nii.gz started.
Rigid registration to T1.nii.gz completed.
Rigid registration to T2.nii.gz started.
Rigid registration to T2.nii.gz completed.
Rigid registration to FLAIR.nii.gz started.
Rigid registration to FLAIR.nii.gz completed.
1357_19_4 Subject processing
Resampling fixed started 1357_19_4.
Resampling fixed completed 1357_19_4.
Rigid registration to T1.nii.gz started.
Rigid registration to T1.nii.gz completed.
Rigid registration to T2.nii.gz started.
Rigid registration to T2.nii.gz completed.
Rigid registration to FLAIR.nii.gz started.
Rigid registration to FLAIR.nii.gz completed.
Patient_49617 Subject processing
Resampling fixed started Patient_49617.
Resampling fixed completed Patient_49617.
Rigid registration to T1.nii.gz started.
Rigid registration to T1.nii.gz completed.
Rigid registration to T2.nii.gz started.
Rigid registration to T2.nii.gz completed.
Rigid registration to FLAIR.nii.gz started.
Rigid registration to FLAIR.nii.gz completed.
Patient_2914 Subject processing
Resampling fixed started Patient_2914.
Resampling fixed completed Patient_2914.
Rigid registration to T1.nii.gz started.
Rigid registration to T1.nii.gz completed.
Rigid registration to T2.nii.gz started.
Rigid registration to T2.nii.gz completed.
Rigid registration to FLAIR.nii.gz started.
Rigid registration to FLAIR.nii.gz completed.
Patient_102117 Subject processing
Resampling fixed started Patient_102117.
Resampling fixed completed Patient_102117.
Rigid registration to T1.nii.gz started.
Rigid registration to T1.nii.gz completed.
Rigid registration to T2.nii.gz started.
Rigid registration to T2.nii.gz completed.
Rigid registration to FLAIR.nii.gz started.
Rigid registration to FLAIR.nii.gz completed.
Patient_24117 Subject processing
Resampling fixed started Patient_24117.
Resampling fixed completed Patient_24117.
Rigid registration to T1.nii.gz started.
Rigid registration to T1.nii.gz completed.
Rigid registration to T2.nii.gz started.
Rigid registration to T2.nii.gz completed.
Rigid registration to FLAIR.nii.gz started.
Rigid registration to FLAIR.nii.gz completed.
1470_18_4 Subject processing
Resampling fixed started 1470_18_4.
Resampling fixed completed 1470_18_4.
Rigid registration to T1.nii.gz started.
Rigid registration to T1.nii.gz completed.
Rigid registration to T2.nii.gz started.
Rigid registration to T2.nii.gz completed.
Rigid registration to FLAIR.nii.gz started.
Rigid registration to FLAIR.nii.gz completed.
Patient_92114 Subject processing
Resampling fixed started Patient_92114.
Resampling fixed completed Patient_92114.
Rigid registration to T1.nii.gz started.
Rigid registration to T1.nii.gz completed.
Rigid registration to T2.nii.gz started.
Rigid registration to T2.nii.gz completed.
Rigid registration to FLAIR.nii.gz started.
Rigid registration to FLAIR.nii.gz completed.
Patient_54317 Subject processing
Resampling fixed started Patient_54317.
Resampling fixed completed Patient_54317.
Rigid registration to T1.nii.gz started.
Rigid registration to T1.nii.gz completed.
Rigid registration to T2.nii.gz started.
Rigid registration to T2.nii.gz completed.
Rigid registration to FLAIR.nii.gz started.
Rigid registration to FLAIR.nii.gz completed.
Patient_66615 Subject processing
Resampling fixed started Patient_66615.
Resampling fixed completed Patient_66615.
Rigid registration to T1.nii.gz started.
Rigid registration to T1.nii.gz completed.
Rigid registration to T2.nii.gz started.
Rigid registration to T2.nii.gz completed.
Rigid registration to FLAIR.nii.gz started.
Rigid registration to FLAIR.nii.gz completed.
1302_18_4 Subject processing
Resampling fixed started 1302_18_4.
Resampling fixed completed 1302_18_4.
Rigid registration to T1.nii.gz started.
Rigid registration to T1.nii.gz completed.
Rigid registration to T2.nii.gz started.
Rigid registration to T2.nii.gz completed.
Rigid registration to FLAIR.nii.gz started.
Rigid registration to FLAIR.nii.gz completed.
Patient_43316 Subject processing
Resampling fixed started Patient_43316.
Resampling fixed completed Patient_43316.
Rigid registration to T1.nii.gz started.
Rigid registration to T1.nii.gz completed.
Rigid registration to T2.nii.gz started.
Rigid registration to T2.nii.gz completed.
Rigid registration to FLAIR.nii.gz started.
Rigid registration to FLAIR.nii.gz completed.
1635_18 Subject processing
Resampling fixed started 1635_18.
Resampling fixed completed 1635_18.
Rigid registration to T1.nii.gz started.
Rigid registration to T1.nii.gz completed.
Rigid registration to T2.nii.gz started.
Rigid registration to T2.nii.gz completed.
Rigid registration to FLAIR.nii.gz started.
Rigid registration to FLAIR.nii.gz completed.
Patient_136715 Subject processing
Resampling fixed started Patient_136715.
Resampling fixed completed Patient_136715.
Rigid registration to T1.nii.gz started.
Rigid registration to T1.nii.gz completed.
Rigid registration to T2.nii.gz started.
Rigid registration to T2.nii.gz completed.
Rigid registration to FLAIR.nii.gz started.
Rigid registration to FLAIR.nii.gz completed.
Patient_62817 Subject processing
Resampling fixed started Patient_62817.
Resampling fixed completed Patient_62817.
Rigid registration to T1.nii.gz started.
Rigid registration to T1.nii.gz completed.
Rigid registration to T2.nii.gz started.
Rigid registration to T2.nii.gz completed.
Rigid registration to FLAIR.nii.gz started.
Rigid registration to FLAIR.nii.gz completed.
Patient_52315 Subject processing
Resampling fixed started Patient_52315.
Resampling fixed completed Patient_52315.
Rigid registration to T1.nii.gz started.
Rigid registration to T1.nii.gz completed.
Rigid registration to T2.nii.gz started.
Rigid registration to T2.nii.gz completed.
Rigid registration to FLAIR.nii.gz started.
Rigid registration to FLAIR.nii.gz completed.
1463_18_4 Subject processing
Resampling fixed started 1463_18_4.
Resampling fixed completed 1463_18_4.
Rigid registration to T1.nii.gz started.
Rigid registration to T1.nii.gz completed.
Rigid registration to T2.nii.gz started.
Rigid registration to T2.nii.gz completed.
Rigid registration to FLAIR.nii.gz started.
Rigid registration to FLAIR.nii.gz completed.
Patient_1000815 Subject processing
Resampling fixed started Patient_1000815.
Resampling fixed completed Patient_1000815.
Rigid registration to T1.nii.gz started.
Rigid registration to T1.nii.gz completed.
Rigid registration to T2.nii.gz started.
Rigid registration to T2.nii.gz completed.
Rigid registration to FLAIR.nii.gz started.
Rigid registration to FLAIR.nii.gz completed.
Patient_70614 Subject processing
Resampling fixed started Patient_70614.
Resampling fixed completed Patient_70614.
Rigid registration to T1.nii.gz started.
Rigid registration to T1.nii.gz completed.
Rigid registration to T2.nii.gz started.
Rigid registration to T2.nii.gz completed.
Rigid registration to FLAIR.nii.gz started.
Rigid registration to FLAIR.nii.gz completed.
558_18_4 Subject processing
Resampling fixed started 558_18_4.
Resampling fixed completed 558_18_4.
Rigid registration to T1.nii.gz started.
Rigid registration to T1.nii.gz completed.
Rigid registration to T2.nii.gz started.
Rigid registration to T2.nii.gz completed.
Rigid registration to FLAIR.nii.gz started.
Rigid registration to FLAIR.nii.gz completed.
608_18_4 Subject processing
Resampling fixed started 608_18_4.
Resampling fixed completed 608_18_4.
Rigid registration to T1.nii.gz started.
Rigid registration to T1.nii.gz completed.
Rigid registration to T2.nii.gz started.
Rigid registration to T2.nii.gz completed.
Rigid registration to FLAIR.nii.gz started.
Rigid registration to FLAIR.nii.gz completed.
Patient_33217 Subject processing
Resampling fixed started Patient_33217.
Resampling fixed completed Patient_33217.
Rigid registration to T1.nii.gz started.
Rigid registration to T1.nii.gz completed.
Rigid registration to T2.nii.gz started.
Rigid registration to T2.nii.gz completed.
Rigid registration to FLAIR.nii.gz started.
Rigid registration to FLAIR.nii.gz completed.
Patient_111016 Subject processing
Resampling fixed started Patient_111016.
Resampling fixed completed Patient_111016.
Rigid registration to T1.nii.gz started.
Rigid registration to T1.nii.gz completed.
Rigid registration to T2.nii.gz started.
Rigid registration to T2.nii.gz completed.
Rigid registration to FLAIR.nii.gz started.
Rigid registration to FLAIR.nii.gz completed.
Patient_12417 Subject processing
Resampling fixed started Patient_12417.
Resampling fixed completed Patient_12417.
Rigid registration to T1.nii.gz started.
Rigid registration to T1.nii.gz completed.
Rigid registration to T2.nii.gz started.
Rigid registration to T2.nii.gz completed.
Rigid registration to FLAIR.nii.gz started.
Rigid registration to FLAIR.nii.gz completed.
705_18_4 Subject processing
Resampling fixed started 705_18_4.
Resampling fixed completed 705_18_4.
Rigid registration to T1.nii.gz started.
Rigid registration to T1.nii.gz completed.
Rigid registration to T2.nii.gz started.
Rigid registration to T2.nii.gz completed.
Rigid registration to FLAIR.nii.gz started.
Rigid registration to FLAIR.nii.gz completed.
Patient_140316 Subject processing
Resampling fixed started Patient_140316.
Resampling fixed completed Patient_140316.
Rigid registration to T1.nii.gz started.
Rigid registration to T1.nii.gz completed.
Rigid registration to T2.nii.gz started.
Rigid registration to T2.nii.gz completed.
Rigid registration to FLAIR.nii.gz started.
Rigid registration to FLAIR.nii.gz completed.
Patient_48417 Subject processing
Resampling fixed started Patient_48417.
Resampling fixed completed Patient_48417.
Rigid registration to T1.nii.gz started.
Rigid registration to T1.nii.gz completed.
Rigid registration to T2.nii.gz started.
Rigid registration to T2.nii.gz completed.
Rigid registration to FLAIR.nii.gz started.
Rigid registration to FLAIR.nii.gz completed.
672_18_4 Subject processing
Resampling fixed started 672_18_4.
Resampling fixed completed 672_18_4.
Rigid registration to T1.nii.gz started.
Rigid registration to T1.nii.gz completed.
Rigid registration to T2.nii.gz started.
Rigid registration to T2.nii.gz completed.
Rigid registration to FLAIR.nii.gz started.
Rigid registration to FLAIR.nii.gz completed.
Patient_75116 Subject processing
Resampling fixed started Patient_75116.
Resampling fixed completed Patient_75116.
Rigid registration to T1.nii.gz started.
Rigid registration to T1.nii.gz completed.
Rigid registration to T2.nii.gz started.
Rigid registration to T2.nii.gz completed.
Rigid registration to FLAIR.nii.gz started.
Rigid registration to FLAIR.nii.gz completed.
1056_18_4 Subject processing
Resampling fixed started 1056_18_4.
Resampling fixed completed 1056_18_4.
Rigid registration to T1.nii.gz started.
Rigid registration to T1.nii.gz completed.
Rigid registration to T2.nii.gz started.
Rigid registration to T2.nii.gz completed.
Rigid registration to FLAIR.nii.gz started.
Rigid registration to FLAIR.nii.gz completed.
Patient_88917 Subject processing
Resampling fixed started Patient_88917.
Resampling fixed completed Patient_88917.
Rigid registration to T1.nii.gz started.
Rigid registration to T1.nii.gz completed.
Rigid registration to T2.nii.gz started.
Rigid registration to T2.nii.gz completed.
Rigid registration to FLAIR.nii.gz started.
Rigid registration to FLAIR.nii.gz completed.
875_18_4 Subject processing
Resampling fixed started 875_18_4.
Resampling fixed completed 875_18_4.
Rigid registration to T1.nii.gz started.
Rigid registration to T1.nii.gz completed.
Rigid registration to T2.nii.gz started.
Rigid registration to T2.nii.gz completed.
Rigid registration to FLAIR.nii.gz started.
Rigid registration to FLAIR.nii.gz completed.
946_18 Subject processing
Resampling fixed started 946_18.
Resampling fixed completed 946_18.
Rigid registration to T1.nii.gz started.
Rigid registration to T1.nii.gz completed.
Rigid registration to T2.nii.gz started.
Rigid registration to T2.nii.gz completed.
Rigid registration to FLAIR.nii.gz started.
Rigid registration to FLAIR.nii.gz completed.
Patient_76516 Subject processing
Resampling fixed started Patient_76516.
Resampling fixed completed Patient_76516.
Rigid registration to T1.nii.gz started.
Rigid registration to T1.nii.gz completed.
Rigid registration to T2.nii.gz started.
Rigid registration to T2.nii.gz completed.
Rigid registration to FLAIR.nii.gz started.
Rigid registration to FLAIR.nii.gz completed.
Patient_161316 Subject processing
Resampling fixed started Patient_161316.
Resampling fixed completed Patient_161316.
Rigid registration to T1.nii.gz started.
Rigid registration to T1.nii.gz completed.
Rigid registration to T2.nii.gz started.
Rigid registration to T2.nii.gz completed.
Rigid registration to FLAIR.nii.gz started.
Rigid registration to FLAIR.nii.gz completed.
Patient_90517 Subject processing
Resampling fixed started Patient_90517.
Resampling fixed completed Patient_90517.
Rigid registration to T1.nii.gz started.
Rigid registration to T1.nii.gz completed.
Rigid registration to T2.nii.gz started.
Rigid registration to T2.nii.gz completed.
Rigid registration to FLAIR.nii.gz started.
Rigid registration to FLAIR.nii.gz completed.
Patient_24815 Subject processing
Resampling fixed started Patient_24815.
Resampling fixed completed Patient_24815.
Rigid registration to T1.nii.gz started.
Rigid registration to T1.nii.gz completed.
Rigid registration to T2.nii.gz started.
Rigid registration to T2.nii.gz completed.
Rigid registration to FLAIR.nii.gz started.
Rigid registration to FLAIR.nii.gz completed.
Patient_90616 Subject processing
Resampling fixed started Patient_90616.
Resampling fixed completed Patient_90616.
Rigid registration to T1.nii.gz started.
Rigid registration to T1.nii.gz completed.
Rigid registration to T2.nii.gz started.
Rigid registration to T2.nii.gz completed.
Rigid registration to FLAIR.nii.gz started.
Rigid registration to FLAIR.nii.gz completed.
688_18 Subject processing
Resampling fixed started 688_18.
Resampling fixed completed 688_18.
Rigid registration to T1.nii.gz started.
Rigid registration to T1.nii.gz completed.
Rigid registration to T2.nii.gz started.
Rigid registration to T2.nii.gz completed.
Rigid registration to FLAIR.nii.gz started.
Rigid registration to FLAIR.nii.gz completed.
1326_18 Subject processing
Resampling fixed started 1326_18.
Resampling fixed completed 1326_18.
Rigid registration to T1.nii.gz started.
Rigid registration to T1.nii.gz completed.
Rigid registration to T2.nii.gz started.
Rigid registration to T2.nii.gz completed.
Rigid registration to FLAIR.nii.gz started.
Rigid registration to FLAIR.nii.gz completed.
Patient_137315 Subject processing
Resampling fixed started Patient_137315.
Resampling fixed completed Patient_137315.
Rigid registration to T1.nii.gz started.
Rigid registration to T1.nii.gz completed.
Rigid registration to T2.nii.gz started.
Rigid registration to T2.nii.gz completed.
Rigid registration to FLAIR.nii.gz started.
Rigid registration to FLAIR.nii.gz completed.
971_18_4 Subject processing
Resampling fixed started 971_18_4.
Resampling fixed completed 971_18_4.
Rigid registration to T1.nii.gz started.
Rigid registration to T1.nii.gz completed.
Rigid registration to T2.nii.gz started.
Rigid registration to T2.nii.gz completed.
Rigid registration to FLAIR.nii.gz started.
Rigid registration to FLAIR.nii.gz completed.
Patient_109017 Subject processing
Resampling fixed started Patient_109017.
Resampling fixed completed Patient_109017.
Rigid registration to T1.nii.gz started.
Rigid registration to T1.nii.gz completed.
Rigid registration to T2.nii.gz started.
Rigid registration to T2.nii.gz completed.
Rigid registration to FLAIR.nii.gz started.
Rigid registration to FLAIR.nii.gz completed.
1036_18 Subject processing
Resampling fixed started 1036_18.
Resampling fixed completed 1036_18.
Rigid registration to T1.nii.gz started.
Rigid registration to T1.nii.gz completed.
Rigid registration to T2.nii.gz started.
Rigid registration to T2.nii.gz completed.
Rigid registration to FLAIR.nii.gz started.
Rigid registration to FLAIR.nii.gz completed.
1258_18 Subject processing
Resampling fixed started 1258_18.
Resampling fixed completed 1258_18.
Rigid registration to T1.nii.gz started.
Rigid registration to T1.nii.gz completed.
Rigid registration to T2.nii.gz started.
Rigid registration to T2.nii.gz completed.
Rigid registration to FLAIR.nii.gz started.
Rigid registration to FLAIR.nii.gz completed.
Patient_103717 Subject processing
Resampling fixed started Patient_103717.
Resampling fixed completed Patient_103717.
Rigid registration to T1.nii.gz started.
Rigid registration to T1.nii.gz completed.
Rigid registration to T2.nii.gz started.
Rigid registration to T2.nii.gz completed.
Rigid registration to FLAIR.nii.gz started.
Rigid registration to FLAIR.nii.gz completed.
Patient_69515 Subject processing
Resampling fixed started Patient_69515.
Resampling fixed completed Patient_69515.
Rigid registration to T1.nii.gz started.
Rigid registration to T1.nii.gz completed.
Rigid registration to T2.nii.gz started.
Rigid registration to T2.nii.gz completed.
Rigid registration to FLAIR.nii.gz started.
Rigid registration to FLAIR.nii.gz completed.
1043_18_4 Subject processing
Resampling fixed started 1043_18_4.
Resampling fixed completed 1043_18_4.
Rigid registration to T1.nii.gz started.
Rigid registration to T1.nii.gz completed.
Rigid registration to T2.nii.gz started.
Rigid registration to T2.nii.gz completed.
Rigid registration to FLAIR.nii.gz started.
Rigid registration to FLAIR.nii.gz completed.
Patient_129816 Subject processing
Resampling fixed started Patient_129816.
Resampling fixed completed Patient_129816.
Rigid registration to T1.nii.gz started.
Rigid registration to T1.nii.gz completed.
Rigid registration to T2.nii.gz started.
Rigid registration to T2.nii.gz completed.
Rigid registration to FLAIR.nii.gz started.
Rigid registration to FLAIR.nii.gz completed.
1795_18_ Subject processing
Resampling fixed started 1795_18_.
Resampling fixed completed 1795_18_.
Rigid registration to T1.nii.gz started.
Rigid registration to T1.nii.gz completed.
Rigid registration to T2.nii.gz started.
Rigid registration to T2.nii.gz completed.
Rigid registration to FLAIR.nii.gz started.
Rigid registration to FLAIR.nii.gz completed.
Patient_43515 Subject processing
Resampling fixed started Patient_43515.
Resampling fixed completed Patient_43515.
Rigid registration to T1.nii.gz started.
Rigid registration to T1.nii.gz completed.
Rigid registration to T2.nii.gz started.
Rigid registration to T2.nii.gz completed.
Rigid registration to FLAIR.nii.gz started.
Rigid registration to FLAIR.nii.gz completed.
Patient_110014 Subject processing
Resampling fixed started Patient_110014.
Resampling fixed completed Patient_110014.
Rigid registration to T1.nii.gz started.
Rigid registration to T1.nii.gz completed.
Rigid registration to T2.nii.gz started.
Rigid registration to T2.nii.gz completed.
Rigid registration to FLAIR.nii.gz started.
Rigid registration to FLAIR.nii.gz completed.
1743_18_4 Subject processing
Resampling fixed started 1743_18_4.
Resampling fixed completed 1743_18_4.
Rigid registration to T1.nii.gz started.
Rigid registration to T1.nii.gz completed.
Rigid registration to T2.nii.gz started.
Rigid registration to T2.nii.gz completed.
Rigid registration to FLAIR.nii.gz started.
Rigid registration to FLAIR.nii.gz completed.
Patient_122315 Subject processing
Resampling fixed started Patient_122315.
Resampling fixed completed Patient_122315.
Rigid registration to T1.nii.gz started.
Rigid registration to T1.nii.gz completed.
Rigid registration to T2.nii.gz started.
Rigid registration to T2.nii.gz completed.
Rigid registration to FLAIR.nii.gz started.
Rigid registration to FLAIR.nii.gz completed.
575_18_4 Subject processing
Resampling fixed started 575_18_4.
Resampling fixed completed 575_18_4.
Rigid registration to T1.nii.gz started.
Rigid registration to T1.nii.gz completed.
Rigid registration to T2.nii.gz started.
Rigid registration to T2.nii.gz completed.
Rigid registration to FLAIR.nii.gz started.
Rigid registration to FLAIR.nii.gz completed.
607_18 Subject processing
Resampling fixed started 607_18.
Resampling fixed completed 607_18.
Rigid registration to T1.nii.gz started.
Rigid registration to T1.nii.gz completed.
Rigid registration to T2.nii.gz started.
Rigid registration to T2.nii.gz completed.
Rigid registration to FLAIR.nii.gz started.
Rigid registration to FLAIR.nii.gz completed.
1029_18_4 Subject processing
Resampling fixed started 1029_18_4.
Resampling fixed completed 1029_18_4.
Rigid registration to T1.nii.gz started.
Rigid registration to T1.nii.gz completed.
Rigid registration to T2.nii.gz started.
Rigid registration to T2.nii.gz completed.
Rigid registration to FLAIR.nii.gz started.
Rigid registration to FLAIR.nii.gz completed.
Patient_65516 Subject processing
Resampling fixed started Patient_65516.
Resampling fixed completed Patient_65516.
Rigid registration to T1.nii.gz started.
Rigid registration to T1.nii.gz completed.
Rigid registration to T2.nii.gz started.
Rigid registration to T2.nii.gz completed.
Rigid registration to FLAIR.nii.gz started.
Rigid registration to FLAIR.nii.gz completed.
Patient_129316 Subject processing
Resampling fixed started Patient_129316.
Resampling fixed completed Patient_129316.
Rigid registration to T1.nii.gz started.
Rigid registration to T1.nii.gz completed.
Rigid registration to T2.nii.gz started.
Rigid registration to T2.nii.gz completed.
Rigid registration to FLAIR.nii.gz started.
Rigid registration to FLAIR.nii.gz completed.
1275_19_4 Subject processing
Resampling fixed started 1275_19_4.
Resampling fixed completed 1275_19_4.
Rigid registration to T1.nii.gz started.
Rigid registration to T1.nii.gz completed.
Rigid registration to T2.nii.gz started.
Rigid registration to T2.nii.gz completed.
Rigid registration to FLAIR.nii.gz started.
Rigid registration to FLAIR.nii.gz completed.
Patient_48517 Subject processing
Resampling fixed started Patient_48517.
Resampling fixed completed Patient_48517.
Rigid registration to T1.nii.gz started.
Rigid registration to T1.nii.gz completed.
Rigid registration to T2.nii.gz started.
Rigid registration to T2.nii.gz completed.
Rigid registration to FLAIR.nii.gz started.
Rigid registration to FLAIR.nii.gz completed.
1254_18 Subject processing
Resampling fixed started 1254_18.
Resampling fixed completed 1254_18.
Rigid registration to T1.nii.gz started.
Rigid registration to T1.nii.gz completed.
Rigid registration to T2.nii.gz started.
Rigid registration to T2.nii.gz completed.
Rigid registration to FLAIR.nii.gz started.
Rigid registration to FLAIR.nii.gz completed.
Patient_83217 Subject processing
Resampling fixed started Patient_83217.
Resampling fixed completed Patient_83217.
Rigid registration to T1.nii.gz started.
Rigid registration to T1.nii.gz completed.
Rigid registration to T2.nii.gz started.
Rigid registration to T2.nii.gz completed.
Rigid registration to FLAIR.nii.gz started.
Rigid registration to FLAIR.nii.gz completed.
1333_18 Subject processing
Resampling fixed started 1333_18.
Resampling fixed completed 1333_18.
Rigid registration to T1.nii.gz started.
Rigid registration to T1.nii.gz completed.
Rigid registration to T2.nii.gz started.
Rigid registration to T2.nii.gz completed.
Rigid registration to FLAIR.nii.gz started.
Rigid registration to FLAIR.nii.gz completed.
1185_18_4 Subject processing
Resampling fixed started 1185_18_4.
Resampling fixed completed 1185_18_4.
Rigid registration to T1.nii.gz started.
Rigid registration to T1.nii.gz completed.
Rigid registration to T2.nii.gz started.
Rigid registration to T2.nii.gz completed.
Rigid registration to FLAIR.nii.gz started.
Rigid registration to FLAIR.nii.gz completed.
Patient_74417 Subject processing
Resampling fixed started Patient_74417.
Resampling fixed completed Patient_74417.
Rigid registration to T1.nii.gz started.
Rigid registration to T1.nii.gz completed.
Rigid registration to T2.nii.gz started.
Rigid registration to T2.nii.gz completed.
Rigid registration to FLAIR.nii.gz started.
Rigid registration to FLAIR.nii.gz completed.
Patient_98814 Subject processing
Resampling fixed started Patient_98814.
Resampling fixed completed Patient_98814.
Rigid registration to T1.nii.gz started.
Rigid registration to T1.nii.gz completed.
Rigid registration to T2.nii.gz started.
Rigid registration to T2.nii.gz completed.
Rigid registration to FLAIR.nii.gz started.
Rigid registration to FLAIR.nii.gz completed.
1546_18 Subject processing
Resampling fixed started 1546_18.
Resampling fixed completed 1546_18.
Rigid registration to T1.nii.gz started.
Rigid registration to T1.nii.gz completed.
Rigid registration to T2.nii.gz started.
Rigid registration to T2.nii.gz completed.
Rigid registration to FLAIR.nii.gz started.
Rigid registration to FLAIR.nii.gz completed.
979_18_4 Subject processing
Resampling fixed started 979_18_4.
Resampling fixed completed 979_18_4.
Rigid registration to T1.nii.gz started.
Rigid registration to T1.nii.gz completed.
Rigid registration to T2.nii.gz started.
Rigid registration to T2.nii.gz completed.
Rigid registration to FLAIR.nii.gz started.
Rigid registration to FLAIR.nii.gz completed.
593_18 Subject processing
Resampling fixed started 593_18.
Resampling fixed completed 593_18.
Rigid registration to T1.nii.gz started.
Rigid registration to T1.nii.gz completed.
Rigid registration to T2.nii.gz started.
Rigid registration to T2.nii.gz completed.
Rigid registration to FLAIR.nii.gz started.
Rigid registration to FLAIR.nii.gz completed.
1702_18 Subject processing
Resampling fixed started 1702_18.
Resampling fixed completed 1702_18.
Rigid registration to T1.nii.gz started.
Rigid registration to T1.nii.gz completed.
Rigid registration to T2.nii.gz started.
Rigid registration to T2.nii.gz completed.
Rigid registration to FLAIR.nii.gz started.
Rigid registration to FLAIR.nii.gz completed.
Patient_1001316 Subject processing
Resampling fixed started Patient_1001316.
Resampling fixed completed Patient_1001316.
Rigid registration to T1.nii.gz started.
Rigid registration to T1.nii.gz completed.
Rigid registration to T2.nii.gz started.
Rigid registration to T2.nii.gz completed.
Rigid registration to FLAIR.nii.gz started.
Rigid registration to FLAIR.nii.gz completed.
1734_18 Subject processing
Resampling fixed started 1734_18.
Resampling fixed completed 1734_18.
Rigid registration to T1.nii.gz started.
Rigid registration to T1.nii.gz completed.
Rigid registration to T2.nii.gz started.
Rigid registration to T2.nii.gz completed.
Rigid registration to FLAIR.nii.gz started.
Rigid registration to FLAIR.nii.gz completed.
Patient_28514 Subject processing
Resampling fixed started Patient_28514.
Resampling fixed completed Patient_28514.
Rigid registration to T1.nii.gz started.
Rigid registration to T1.nii.gz completed.
Rigid registration to T2.nii.gz started.
Rigid registration to T2.nii.gz completed.
Rigid registration to FLAIR.nii.gz started.
Rigid registration to FLAIR.nii.gz completed.
Patient_24717 Subject processing
Resampling fixed started Patient_24717.
Resampling fixed completed Patient_24717.
Rigid registration to T1.nii.gz started.
Rigid registration to T1.nii.gz completed.
Rigid registration to T2.nii.gz started.
Rigid registration to T2.nii.gz completed.
Rigid registration to FLAIR.nii.gz started.
Rigid registration to FLAIR.nii.gz completed.
Patient_131416 Subject processing
Resampling fixed started Patient_131416.
Resampling fixed completed Patient_131416.
Rigid registration to T1.nii.gz started.
Rigid registration to T1.nii.gz completed.
Rigid registration to T2.nii.gz started.
Rigid registration to T2.nii.gz completed.
Rigid registration to FLAIR.nii.gz started.
Rigid registration to FLAIR.nii.gz completed.
1515_18_4 Subject processing
Resampling fixed started 1515_18_4.
Resampling fixed completed 1515_18_4.
Rigid registration to T1.nii.gz started.
Rigid registration to T1.nii.gz completed.
Rigid registration to T2.nii.gz started.
Rigid registration to T2.nii.gz completed.
Rigid registration to FLAIR.nii.gz started.
Rigid registration to FLAIR.nii.gz completed.
541_18 Subject processing
Resampling fixed started 541_18.
Resampling fixed completed 541_18.
Rigid registration to T1.nii.gz started.
Rigid registration to T1.nii.gz completed.
Rigid registration to T2.nii.gz started.
Rigid registration to T2.nii.gz completed.
Rigid registration to FLAIR.nii.gz started.
Rigid registration to FLAIR.nii.gz completed.
1501_18_4 Subject processing
Resampling fixed started 1501_18_4.
Resampling fixed completed 1501_18_4.
Rigid registration to T1.nii.gz started.
Rigid registration to T1.nii.gz completed.
Rigid registration to T2.nii.gz started.
Rigid registration to T2.nii.gz completed.
Rigid registration to FLAIR.nii.gz started.
Rigid registration to FLAIR.nii.gz completed.
Patient_158716 Subject processing
Resampling fixed started Patient_158716.
Resampling fixed completed Patient_158716.
Rigid registration to T1.nii.gz started.
Rigid registration to T1.nii.gz completed.
Rigid registration to T2.nii.gz started.
Rigid registration to T2.nii.gz completed.
Rigid registration to FLAIR.nii.gz started.
Rigid registration to FLAIR.nii.gz completed.
Patient_45217 Subject processing
Resampling fixed started Patient_45217.
Resampling fixed completed Patient_45217.
Rigid registration to T1.nii.gz started.
Rigid registration to T1.nii.gz completed.
Rigid registration to T2.nii.gz started.
Rigid registration to T2.nii.gz completed.
Rigid registration to FLAIR.nii.gz started.
Rigid registration to FLAIR.nii.gz completed.
Patient_61916 Subject processing
Resampling fixed started Patient_61916.
Resampling fixed completed Patient_61916.
Rigid registration to T1.nii.gz started.
Rigid registration to T1.nii.gz completed.
Rigid registration to T2.nii.gz started.
Rigid registration to T2.nii.gz completed.
Rigid registration to FLAIR.nii.gz started.
Rigid registration to FLAIR.nii.gz completed.
1034_18_4 Subject processing
Resampling fixed started 1034_18_4.
Resampling fixed completed 1034_18_4.
Rigid registration to T1.nii.gz started.
Rigid registration to T1.nii.gz completed.
Rigid registration to T2.nii.gz started.
Rigid registration to T2.nii.gz completed.
Rigid registration to FLAIR.nii.gz started.
Rigid registration to FLAIR.nii.gz completed.
668_18_4 Subject processing
Resampling fixed started 668_18_4.
Resampling fixed completed 668_18_4.
Rigid registration to T1.nii.gz started.
Rigid registration to T1.nii.gz completed.
Rigid registration to T2.nii.gz started.
Rigid registration to T2.nii.gz completed.
Rigid registration to FLAIR.nii.gz started.
Rigid registration to FLAIR.nii.gz completed.
826_18_4 Subject processing
Resampling fixed started 826_18_4.
Resampling fixed completed 826_18_4.
Rigid registration to T1.nii.gz started.
Rigid registration to T1.nii.gz completed.
Rigid registration to T2.nii.gz started.
Rigid registration to T2.nii.gz completed.
Rigid registration to FLAIR.nii.gz started.
Rigid registration to FLAIR.nii.gz completed.
1216_18 Subject processing
Resampling fixed started 1216_18.
Resampling fixed completed 1216_18.
Rigid registration to T1.nii.gz started.
Rigid registration to T1.nii.gz completed.
Rigid registration to T2.nii.gz started.
Rigid registration to T2.nii.gz completed.
Rigid registration to FLAIR.nii.gz started.
Rigid registration to FLAIR.nii.gz completed.
1096_18 Subject processing
Resampling fixed started 1096_18.
Resampling fixed completed 1096_18.
Rigid registration to T1.nii.gz started.
Rigid registration to T1.nii.gz completed.
Rigid registration to T2.nii.gz started.
Rigid registration to T2.nii.gz completed.
Rigid registration to FLAIR.nii.gz started.
Rigid registration to FLAIR.nii.gz completed.
Patient_99715 Subject processing
Resampling fixed started Patient_99715.
Resampling fixed completed Patient_99715.
Rigid registration to T1.nii.gz started.
Rigid registration to T1.nii.gz completed.
Rigid registration to T2.nii.gz started.
Rigid registration to T2.nii.gz completed.
Rigid registration to FLAIR.nii.gz started.
Rigid registration to FLAIR.nii.gz completed.
Patient_56717 Subject processing
Resampling fixed started Patient_56717.
Resampling fixed completed Patient_56717.
Rigid registration to T1.nii.gz started.
Rigid registration to T1.nii.gz completed.
Rigid registration to T2.nii.gz started.
Rigid registration to T2.nii.gz completed.
Rigid registration to FLAIR.nii.gz started.
Rigid registration to FLAIR.nii.gz completed.
1019_18 Subject processing
Resampling fixed started 1019_18.
Resampling fixed completed 1019_18.
Rigid registration to T1.nii.gz started.
Rigid registration to T1.nii.gz completed.
Rigid registration to T2.nii.gz started.
Rigid registration to T2.nii.gz completed.
Rigid registration to FLAIR.nii.gz started.
Rigid registration to FLAIR.nii.gz completed.
Patient_72715 Subject processing
Resampling fixed started Patient_72715.
Resampling fixed completed Patient_72715.
Rigid registration to T1.nii.gz started.
Rigid registration to T1.nii.gz completed.
Rigid registration to T2.nii.gz started.
Rigid registration to T2.nii.gz completed.
Rigid registration to FLAIR.nii.gz started.
Rigid registration to FLAIR.nii.gz completed.
Patient_12115 Subject processing
Resampling fixed started Patient_12115.
Resampling fixed completed Patient_12115.
Rigid registration to T1.nii.gz started.
Rigid registration to T1.nii.gz completed.
Rigid registration to T2.nii.gz started.
Rigid registration to T2.nii.gz completed.
Rigid registration to FLAIR.nii.gz started.
Rigid registration to FLAIR.nii.gz completed.
Patient_5117 Subject processing
Resampling fixed started Patient_5117.
Resampling fixed completed Patient_5117.
Rigid registration to T1.nii.gz started.
Rigid registration to T1.nii.gz completed.
Rigid registration to T2.nii.gz started.
Rigid registration to T2.nii.gz completed.
Rigid registration to FLAIR.nii.gz started.
Rigid registration to FLAIR.nii.gz completed.
1646_18 Subject processing
Resampling fixed started 1646_18.
Resampling fixed completed 1646_18.
Rigid registration to T1.nii.gz started.
Rigid registration to T1.nii.gz completed.
Rigid registration to T2.nii.gz started.
Rigid registration to T2.nii.gz completed.
Rigid registration to FLAIR.nii.gz started.
Rigid registration to FLAIR.nii.gz completed.
Patient_132216 Subject processing
Resampling fixed started Patient_132216.
Resampling fixed completed Patient_132216.
Rigid registration to T1.nii.gz started.
Rigid registration to T1.nii.gz completed.
Rigid registration to T2.nii.gz started.
Rigid registration to T2.nii.gz completed.
Rigid registration to FLAIR.nii.gz started.
Rigid registration to FLAIR.nii.gz completed.
Patient_107017 Subject processing
Resampling fixed started Patient_107017.
Resampling fixed completed Patient_107017.
Rigid registration to T1.nii.gz started.
Rigid registration to T1.nii.gz completed.
Rigid registration to T2.nii.gz started.
Rigid registration to T2.nii.gz completed.
Rigid registration to FLAIR.nii.gz started.
Rigid registration to FLAIR.nii.gz completed.
1159_18_4 Subject processing
Resampling fixed started 1159_18_4.
Resampling fixed completed 1159_18_4.
Rigid registration to T1.nii.gz started.
Rigid registration to T1.nii.gz completed.
Rigid registration to T2.nii.gz started.
Rigid registration to T2.nii.gz completed.
Rigid registration to FLAIR.nii.gz started.
Rigid registration to FLAIR.nii.gz completed.
Patient_8017 Subject processing
Resampling fixed started Patient_8017.
Resampling fixed completed Patient_8017.
Rigid registration to T1.nii.gz started.
Rigid registration to T1.nii.gz completed.
Rigid registration to T2.nii.gz started.
Rigid registration to T2.nii.gz completed.
Rigid registration to FLAIR.nii.gz started.
Rigid registration to FLAIR.nii.gz completed.
Patient_133916 Subject processing
Resampling fixed started Patient_133916.
Resampling fixed completed Patient_133916.
Rigid registration to T1.nii.gz started.
Rigid registration to T1.nii.gz completed.
Rigid registration to T2.nii.gz started.
Rigid registration to T2.nii.gz completed.
Rigid registration to FLAIR.nii.gz started.
Rigid registration to FLAIR.nii.gz completed.
Patient_109414 Subject processing
Resampling fixed started Patient_109414.
Resampling fixed completed Patient_109414.
Rigid registration to T1.nii.gz started.
Rigid registration to T1.nii.gz completed.
Rigid registration to T2.nii.gz started.
Rigid registration to T2.nii.gz completed.
Rigid registration to FLAIR.nii.gz started.
Rigid registration to FLAIR.nii.gz completed.
Patient_87114 Subject processing
Resampling fixed started Patient_87114.
Resampling fixed completed Patient_87114.
Rigid registration to T1.nii.gz started.
Rigid registration to T1.nii.gz completed.
Rigid registration to T2.nii.gz started.
Rigid registration to T2.nii.gz completed.
Rigid registration to FLAIR.nii.gz started.
Rigid registration to FLAIR.nii.gz completed.
1354_18_4 Subject processing
Resampling fixed started 1354_18_4.
Resampling fixed completed 1354_18_4.
Rigid registration to T1.nii.gz started.
Rigid registration to T1.nii.gz completed.
Rigid registration to T2.nii.gz started.
Rigid registration to T2.nii.gz completed.
Rigid registration to FLAIR.nii.gz started.
Rigid registration to FLAIR.nii.gz completed.
1765_18_4 Subject processing
Resampling fixed started 1765_18_4.
Resampling fixed completed 1765_18_4.
Rigid registration to T1.nii.gz started.
Rigid registration to T1.nii.gz completed.
Rigid registration to T2.nii.gz started.
Rigid registration to T2.nii.gz completed.
Rigid registration to FLAIR.nii.gz started.
Rigid registration to FLAIR.nii.gz completed.
1072_19 Subject processing
Resampling fixed started 1072_19.
Resampling fixed completed 1072_19.
Rigid registration to T1.nii.gz started.
Rigid registration to T1.nii.gz completed.
Rigid registration to T2.nii.gz started.
Rigid registration to T2.nii.gz completed.
Rigid registration to FLAIR.nii.gz started.
Rigid registration to FLAIR.nii.gz completed.
1257_18 Subject processing
Resampling fixed started 1257_18.
Resampling fixed completed 1257_18.
Rigid registration to T1.nii.gz started.
Rigid registration to T1.nii.gz completed.
Rigid registration to T2.nii.gz started.
Rigid registration to T2.nii.gz completed.
Rigid registration to FLAIR.nii.gz started.
Rigid registration to FLAIR.nii.gz completed.
1744_18 Subject processing
Resampling fixed started 1744_18.
Resampling fixed completed 1744_18.
Rigid registration to T1.nii.gz started.
Rigid registration to T1.nii.gz completed.
Rigid registration to T2.nii.gz started.
Rigid registration to T2.nii.gz completed.
Rigid registration to FLAIR.nii.gz started.
Rigid registration to FLAIR.nii.gz completed.
1566_18 Subject processing
Resampling fixed started 1566_18.
Resampling fixed completed 1566_18.
Rigid registration to T1.nii.gz started.
Rigid registration to T1.nii.gz completed.
Rigid registration to T2.nii.gz started.
Rigid registration to T2.nii.gz completed.
Rigid registration to FLAIR.nii.gz started.
Rigid registration to FLAIR.nii.gz completed.
1112_19_4 Subject processing
Resampling fixed started 1112_19_4.
Resampling fixed completed 1112_19_4.
Rigid registration to T1.nii.gz started.
Rigid registration to T1.nii.gz completed.
Rigid registration to T2.nii.gz started.
Rigid registration to T2.nii.gz completed.
Rigid registration to FLAIR.nii.gz started.
Rigid registration to FLAIR.nii.gz completed.
Patient_120115 Subject processing
Resampling fixed started Patient_120115.
Resampling fixed completed Patient_120115.
Rigid registration to T1.nii.gz started.
Rigid registration to T1.nii.gz completed.
Rigid registration to T2.nii.gz started.
Rigid registration to T2.nii.gz completed.
Rigid registration to FLAIR.nii.gz started.
Rigid registration to FLAIR.nii.gz completed.
Patient_138316 Subject processing
Resampling fixed started Patient_138316.
Resampling fixed completed Patient_138316.
Rigid registration to T1.nii.gz started.
Rigid registration to T1.nii.gz completed.
Rigid registration to T2.nii.gz started.
Rigid registration to T2.nii.gz completed.
Rigid registration to FLAIR.nii.gz started.
Rigid registration to FLAIR.nii.gz completed.
1255_18 Subject processing
Resampling fixed started 1255_18.
Resampling fixed completed 1255_18.
Rigid registration to T1.nii.gz started.
Rigid registration to T1.nii.gz completed.
Rigid registration to T2.nii.gz started.
Rigid registration to T2.nii.gz completed.
Rigid registration to FLAIR.nii.gz started.
Rigid registration to FLAIR.nii.gz completed.
1764_18_4 Subject processing
Resampling fixed started 1764_18_4.
Resampling fixed completed 1764_18_4.
Rigid registration to T1.nii.gz started.
Rigid registration to T1.nii.gz completed.
Rigid registration to T2.nii.gz started.
Rigid registration to T2.nii.gz completed.
Rigid registration to FLAIR.nii.gz started.
Rigid registration to FLAIR.nii.gz completed.
746_19_4 Subject processing
Resampling fixed started 746_19_4.
Resampling fixed completed 746_19_4.
Rigid registration to T1.nii.gz started.
Rigid registration to T1.nii.gz completed.
Rigid registration to T2.nii.gz started.
Rigid registration to T2.nii.gz completed.
Rigid registration to FLAIR.nii.gz started.
Rigid registration to FLAIR.nii.gz completed.
322_18_4 Subject processing
Resampling fixed started 322_18_4.
Resampling fixed completed 322_18_4.
Rigid registration to T1.nii.gz started.
Rigid registration to T1.nii.gz completed.
Rigid registration to T2.nii.gz started.
Rigid registration to T2.nii.gz completed.
Rigid registration to FLAIR.nii.gz started.
Rigid registration to FLAIR.nii.gz completed.
349_18_4 Subject processing
Resampling fixed started 349_18_4.
Resampling fixed completed 349_18_4.
Rigid registration to T1.nii.gz started.
Rigid registration to T1.nii.gz completed.
Rigid registration to T2.nii.gz started.
Rigid registration to T2.nii.gz completed.
Rigid registration to FLAIR.nii.gz started.
Rigid registration to FLAIR.nii.gz completed.
990_18_4 Subject processing
Resampling fixed started 990_18_4.
Resampling fixed completed 990_18_4.
Rigid registration to T1.nii.gz started.
Rigid registration to T1.nii.gz completed.
Rigid registration to T2.nii.gz started.
Rigid registration to T2.nii.gz completed.
Rigid registration to FLAIR.nii.gz started.
Rigid registration to FLAIR.nii.gz completed.
1770_18_4 Subject processing
Resampling fixed started 1770_18_4.
Resampling fixed completed 1770_18_4.
Rigid registration to T1.nii.gz started.
Rigid registration to T1.nii.gz completed.
Rigid registration to T2.nii.gz started.
Rigid registration to T2.nii.gz completed.
Rigid registration to FLAIR.nii.gz started.
Rigid registration to FLAIR.nii.gz completed.
1733_18 Subject processing
Resampling fixed started 1733_18.
Resampling fixed completed 1733_18.
Rigid registration to T1.nii.gz started.
Rigid registration to T1.nii.gz completed.
Rigid registration to T2.nii.gz started.
Rigid registration to T2.nii.gz completed.
Rigid registration to FLAIR.nii.gz started.
Rigid registration to FLAIR.nii.gz completed.
Patient_22117 Subject processing
Resampling fixed started Patient_22117.
Resampling fixed completed Patient_22117.
Rigid registration to T1.nii.gz started.
Rigid registration to T1.nii.gz completed.
Rigid registration to T2.nii.gz started.
Rigid registration to T2.nii.gz completed.
Rigid registration to FLAIR.nii.gz started.
Rigid registration to FLAIR.nii.gz completed.
Patient_84116 Subject processing
Resampling fixed started Patient_84116.
Resampling fixed completed Patient_84116.
Rigid registration to T1.nii.gz started.
Rigid registration to T1.nii.gz completed.
Rigid registration to T2.nii.gz started.
Rigid registration to T2.nii.gz completed.
Rigid registration to FLAIR.nii.gz started.
Rigid registration to FLAIR.nii.gz completed.
1362_18_4 Subject processing
Resampling fixed started 1362_18_4.
Resampling fixed completed 1362_18_4.
Rigid registration to T1.nii.gz started.
Rigid registration to T1.nii.gz completed.
Rigid registration to T2.nii.gz started.
Rigid registration to T2.nii.gz completed.
Rigid registration to FLAIR.nii.gz started.
Rigid registration to FLAIR.nii.gz completed.
Patient_83714 Subject processing
Resampling fixed started Patient_83714.
Resampling fixed completed Patient_83714.
Rigid registration to T1.nii.gz started.
Rigid registration to T1.nii.gz completed.
Rigid registration to T2.nii.gz started.
Rigid registration to T2.nii.gz completed.
Rigid registration to FLAIR.nii.gz started.
Rigid registration to FLAIR.nii.gz completed.
1484_18_4 Subject processing
Resampling fixed started 1484_18_4.
Resampling fixed completed 1484_18_4.
Rigid registration to T1.nii.gz started.
Rigid registration to T1.nii.gz completed.
Rigid registration to T2.nii.gz started.
Rigid registration to T2.nii.gz completed.
Rigid registration to FLAIR.nii.gz started.
Rigid registration to FLAIR.nii.gz completed.
Patient_9315 Subject processing
Resampling fixed started Patient_9315.
Resampling fixed completed Patient_9315.
Rigid registration to T1.nii.gz started.
Rigid registration to T1.nii.gz completed.
Rigid registration to T2.nii.gz started.
Rigid registration to T2.nii.gz completed.
Rigid registration to FLAIR.nii.gz started.
Rigid registration to FLAIR.nii.gz completed.
Patient_135915 Subject processing
Resampling fixed started Patient_135915.
Resampling fixed completed Patient_135915.
Rigid registration to T1.nii.gz started.
Rigid registration to T1.nii.gz completed.
Rigid registration to T2.nii.gz started.
Rigid registration to T2.nii.gz completed.
Rigid registration to FLAIR.nii.gz started.
Rigid registration to FLAIR.nii.gz completed.
Patient_104514 Subject processing
Resampling fixed started Patient_104514.
Resampling fixed completed Patient_104514.
Rigid registration to T1.nii.gz started.
Rigid registration to T1.nii.gz completed.
Rigid registration to T2.nii.gz started.
Rigid registration to T2.nii.gz completed.
Rigid registration to FLAIR.nii.gz started.
Rigid registration to FLAIR.nii.gz completed.
856_19_4 Subject processing
Resampling fixed started 856_19_4.
Resampling fixed completed 856_19_4.
Rigid registration to T1.nii.gz started.
Rigid registration to T1.nii.gz completed.
Rigid registration to T2.nii.gz started.
Rigid registration to T2.nii.gz completed.
Rigid registration to FLAIR.nii.gz started.
Rigid registration to FLAIR.nii.gz completed.
Patient_716 Subject processing
Resampling fixed started Patient_716.
Resampling fixed completed Patient_716.
Rigid registration to T1.nii.gz started.
Rigid registration to T1.nii.gz completed.
Rigid registration to T2.nii.gz started.
Rigid registration to T2.nii.gz completed.
Rigid registration to FLAIR.nii.gz started.
Rigid registration to FLAIR.nii.gz completed.
Patient_1815 Subject processing
Resampling fixed started Patient_1815.
Resampling fixed completed Patient_1815.
Rigid registration to T1.nii.gz started.
Rigid registration to T1.nii.gz completed.
Rigid registration to T2.nii.gz started.
Rigid registration to T2.nii.gz completed.
Rigid registration to FLAIR.nii.gz started.
Rigid registration to FLAIR.nii.gz completed.
Patient_61715 Subject processing
Resampling fixed started Patient_61715.
Resampling fixed completed Patient_61715.
Rigid registration to T1.nii.gz started.
Rigid registration to T1.nii.gz completed.
Rigid registration to T2.nii.gz started.
Rigid registration to T2.nii.gz completed.
Rigid registration to FLAIR.nii.gz started.
Rigid registration to FLAIR.nii.gz completed.
925_18_4 Subject processing
Resampling fixed started 925_18_4.
Resampling fixed completed 925_18_4.
Rigid registration to T1.nii.gz started.
Rigid registration to T1.nii.gz completed.
Rigid registration to T2.nii.gz started.
Rigid registration to T2.nii.gz completed.
Rigid registration to FLAIR.nii.gz started.
Rigid registration to FLAIR.nii.gz completed.
Patient_20717 Subject processing
Resampling fixed started Patient_20717.
Resampling fixed completed Patient_20717.
Rigid registration to T1.nii.gz started.
Rigid registration to T1.nii.gz completed.
Rigid registration to T2.nii.gz started.
Rigid registration to T2.nii.gz completed.
Rigid registration to FLAIR.nii.gz started.
Rigid registration to FLAIR.nii.gz completed.
1539_18 Subject processing
Resampling fixed started 1539_18.
Resampling fixed completed 1539_18.
Rigid registration to T1.nii.gz started.
Rigid registration to T1.nii.gz completed.
Rigid registration to T2.nii.gz started.
Rigid registration to T2.nii.gz completed.
Rigid registration to FLAIR.nii.gz started.
Rigid registration to FLAIR.nii.gz completed.
1573_18_4 Subject processing
Resampling fixed started 1573_18_4.
Resampling fixed completed 1573_18_4.
Rigid registration to T1.nii.gz started.
Rigid registration to T1.nii.gz completed.
Rigid registration to T2.nii.gz started.
Rigid registration to T2.nii.gz completed.
Rigid registration to FLAIR.nii.gz started.
Rigid registration to FLAIR.nii.gz completed.
1028_18_4 Subject processing
Resampling fixed started 1028_18_4.
Resampling fixed completed 1028_18_4.
Rigid registration to T1.nii.gz started.
Rigid registration to T1.nii.gz completed.
Rigid registration to T2.nii.gz started.
Rigid registration to T2.nii.gz completed.
Rigid registration to FLAIR.nii.gz started.
Rigid registration to FLAIR.nii.gz completed.
1214_18 Subject processing
Resampling fixed started 1214_18.
Resampling fixed completed 1214_18.
Rigid registration to T1.nii.gz started.
Rigid registration to T1.nii.gz completed.
Rigid registration to T2.nii.gz started.
Rigid registration to T2.nii.gz completed.
Rigid registration to FLAIR.nii.gz started.
Rigid registration to FLAIR.nii.gz completed.
770_18 Subject processing
Resampling fixed started 770_18.
Resampling fixed completed 770_18.
Rigid registration to T1.nii.gz started.
Rigid registration to T1.nii.gz completed.
Rigid registration to T2.nii.gz started.
Rigid registration to T2.nii.gz completed.
Rigid registration to FLAIR.nii.gz started.
Rigid registration to FLAIR.nii.gz completed.
Patient_138516 Subject processing
Resampling fixed started Patient_138516.
Resampling fixed completed Patient_138516.
Rigid registration to T1.nii.gz started.
Rigid registration to T1.nii.gz completed.
Rigid registration to T2.nii.gz started.
Rigid registration to T2.nii.gz completed.
Rigid registration to FLAIR.nii.gz started.
Rigid registration to FLAIR.nii.gz completed.
Patient_88817 Subject processing
Resampling fixed started Patient_88817.
Resampling fixed completed Patient_88817.
Rigid registration to T1.nii.gz started.
Rigid registration to T1.nii.gz completed.
Rigid registration to T2.nii.gz started.
Rigid registration to T2.nii.gz completed.
Rigid registration to FLAIR.nii.gz started.
Rigid registration to FLAIR.nii.gz completed.
351_18 Subject processing
Resampling fixed started 351_18.
Resampling fixed completed 351_18.
Rigid registration to T1.nii.gz started.
Rigid registration to T1.nii.gz completed.
Rigid registration to T2.nii.gz started.
Rigid registration to T2.nii.gz completed.
Rigid registration to FLAIR.nii.gz started.
Rigid registration to FLAIR.nii.gz completed.
Patient_59315 Subject processing
Resampling fixed started Patient_59315.
Resampling fixed completed Patient_59315.
Rigid registration to T1.nii.gz started.
Rigid registration to T1.nii.gz completed.
Rigid registration to T2.nii.gz started.
Rigid registration to T2.nii.gz completed.
Rigid registration to FLAIR.nii.gz started.
Rigid registration to FLAIR.nii.gz completed.
Patient_127916 Subject processing
Resampling fixed started Patient_127916.
Resampling fixed completed Patient_127916.
Rigid registration to T1.nii.gz started.
Rigid registration to T1.nii.gz completed.
Rigid registration to T2.nii.gz started.
Rigid registration to T2.nii.gz completed.
Rigid registration to FLAIR.nii.gz started.
Rigid registration to FLAIR.nii.gz completed.
Patient_12214 Subject processing
Resampling fixed started Patient_12214.
Resampling fixed completed Patient_12214.
Rigid registration to T1.nii.gz started.
Rigid registration to T1.nii.gz completed.
Rigid registration to T2.nii.gz started.
Rigid registration to T2.nii.gz completed.
Rigid registration to FLAIR.nii.gz started.
Rigid registration to FLAIR.nii.gz completed.
Patient_51815 Subject processing
Resampling fixed started Patient_51815.
Resampling fixed completed Patient_51815.
Rigid registration to T1.nii.gz started.
Rigid registration to T1.nii.gz completed.
Rigid registration to T2.nii.gz started.
Rigid registration to T2.nii.gz completed.
Rigid registration to FLAIR.nii.gz started.
Rigid registration to FLAIR.nii.gz completed.
1781_18 Subject processing
Resampling fixed started 1781_18.
Resampling fixed completed 1781_18.
Rigid registration to T1.nii.gz started.
Rigid registration to T1.nii.gz completed.
Rigid registration to T2.nii.gz started.
Rigid registration to T2.nii.gz completed.
Rigid registration to FLAIR.nii.gz started.
Rigid registration to FLAIR.nii.gz completed.
660_18_4 Subject processing
Resampling fixed started 660_18_4.
Resampling fixed completed 660_18_4.
Rigid registration to T1.nii.gz started.
Rigid registration to T1.nii.gz completed.
Rigid registration to T2.nii.gz started.
Rigid registration to T2.nii.gz completed.
Rigid registration to FLAIR.nii.gz started.
Rigid registration to FLAIR.nii.gz completed.
1746_18_4 Subject processing
Resampling fixed started 1746_18_4.
Resampling fixed completed 1746_18_4.
Rigid registration to T1.nii.gz started.
Rigid registration to T1.nii.gz completed.
Rigid registration to T2.nii.gz started.
Rigid registration to T2.nii.gz completed.
Rigid registration to FLAIR.nii.gz started.
Rigid registration to FLAIR.nii.gz completed.
573_18_4 Subject processing
Resampling fixed started 573_18_4.
Resampling fixed completed 573_18_4.
Rigid registration to T1.nii.gz started.
Rigid registration to T1.nii.gz completed.
Rigid registration to T2.nii.gz started.
Rigid registration to T2.nii.gz completed.
Rigid registration to FLAIR.nii.gz started.
Rigid registration to FLAIR.nii.gz completed.
644_19_4 Subject processing
Resampling fixed started 644_19_4.
Resampling fixed completed 644_19_4.
Rigid registration to T1.nii.gz started.
Rigid registration to T1.nii.gz completed.
Rigid registration to T2.nii.gz started.
Rigid registration to T2.nii.gz completed.
Rigid registration to FLAIR.nii.gz started.
Rigid registration to FLAIR.nii.gz completed.
Patient_129415 Subject processing
Resampling fixed started Patient_129415.
Resampling fixed completed Patient_129415.
Rigid registration to T1.nii.gz started.
Rigid registration to T1.nii.gz completed.
Rigid registration to T2.nii.gz started.
Rigid registration to T2.nii.gz completed.
Rigid registration to FLAIR.nii.gz started.
Rigid registration to FLAIR.nii.gz completed.
1164_18 Subject processing
Resampling fixed started 1164_18.
Resampling fixed completed 1164_18.
Rigid registration to T1.nii.gz started.
Rigid registration to T1.nii.gz completed.
Rigid registration to T2.nii.gz started.
Rigid registration to T2.nii.gz completed.
Rigid registration to FLAIR.nii.gz started.
Rigid registration to FLAIR.nii.gz completed.
Patient_136415 Subject processing
Resampling fixed started Patient_136415.
Resampling fixed completed Patient_136415.
Rigid registration to T1.nii.gz started.
Rigid registration to T1.nii.gz completed.
Rigid registration to T2.nii.gz started.
Rigid registration to T2.nii.gz completed.
Rigid registration to FLAIR.nii.gz started.
Rigid registration to FLAIR.nii.gz completed.
255_18 Subject processing
Resampling fixed started 255_18.
Resampling fixed completed 255_18.
Rigid registration to T1.nii.gz started.
Rigid registration to T1.nii.gz completed.
Rigid registration to T2.nii.gz started.
Rigid registration to T2.nii.gz completed.
Rigid registration to FLAIR.nii.gz started.
Rigid registration to FLAIR.nii.gz completed.
745_18_4 Subject processing
Resampling fixed started 745_18_4.
Resampling fixed completed 745_18_4.
Rigid registration to T1.nii.gz started.
Rigid registration to T1.nii.gz completed.
Rigid registration to T2.nii.gz started.
Rigid registration to T2.nii.gz completed.
Rigid registration to FLAIR.nii.gz started.
Rigid registration to FLAIR.nii.gz completed.
1184_18 Subject processing
Resampling fixed started 1184_18.
Resampling fixed completed 1184_18.
Rigid registration to T1.nii.gz started.
Rigid registration to T1.nii.gz completed.
Rigid registration to T2.nii.gz started.
Rigid registration to T2.nii.gz completed.
Rigid registration to FLAIR.nii.gz started.
Rigid registration to FLAIR.nii.gz completed.
1685_18_4 Subject processing
Resampling fixed started 1685_18_4.
Resampling fixed completed 1685_18_4.
Rigid registration to T1.nii.gz started.
Rigid registration to T1.nii.gz completed.
Rigid registration to T2.nii.gz started.
Rigid registration to T2.nii.gz completed.
Rigid registration to FLAIR.nii.gz started.
Rigid registration to FLAIR.nii.gz completed.
Patient_62315 Subject processing
Resampling fixed started Patient_62315.
Resampling fixed completed Patient_62315.
Rigid registration to T1.nii.gz started.
Rigid registration to T1.nii.gz completed.
Rigid registration to T2.nii.gz started.
Rigid registration to T2.nii.gz completed.
Rigid registration to FLAIR.nii.gz started.
Rigid registration to FLAIR.nii.gz completed.
Patient_15215 Subject processing
Resampling fixed started Patient_15215.
Resampling fixed completed Patient_15215.
Rigid registration to T1.nii.gz started.
Rigid registration to T1.nii.gz completed.
Rigid registration to T2.nii.gz started.
Rigid registration to T2.nii.gz completed.
Rigid registration to FLAIR.nii.gz started.
Rigid registration to FLAIR.nii.gz completed.
1267_18_4 Subject processing
Resampling fixed started 1267_18_4.
Resampling fixed completed 1267_18_4.
Rigid registration to T1.nii.gz started.
Rigid registration to T1.nii.gz completed.
Rigid registration to T2.nii.gz started.
Rigid registration to T2.nii.gz completed.
Rigid registration to FLAIR.nii.gz started.
Rigid registration to FLAIR.nii.gz completed.
Patient_59817 Subject processing
Resampling fixed started Patient_59817.
Resampling fixed completed Patient_59817.
Rigid registration to T1.nii.gz started.
Rigid registration to T1.nii.gz completed.
Rigid registration to T2.nii.gz started.
Rigid registration to T2.nii.gz completed.
Rigid registration to FLAIR.nii.gz started.
Rigid registration to FLAIR.nii.gz completed.
Patient_136915 Subject processing
Resampling fixed started Patient_136915.
Resampling fixed completed Patient_136915.
Rigid registration to T1.nii.gz started.
Rigid registration to T1.nii.gz completed.
Rigid registration to T2.nii.gz started.
Rigid registration to T2.nii.gz completed.
Rigid registration to FLAIR.nii.gz started.
Rigid registration to FLAIR.nii.gz completed.
1788_18_4 Subject processing
Resampling fixed started 1788_18_4.
Resampling fixed completed 1788_18_4.
Rigid registration to T1.nii.gz started.
Rigid registration to T1.nii.gz completed.
Rigid registration to T2.nii.gz started.
Rigid registration to T2.nii.gz completed.
Rigid registration to FLAIR.nii.gz started.
Rigid registration to FLAIR.nii.gz completed.
Patient_123816 Subject processing
Resampling fixed started Patient_123816.
Resampling fixed completed Patient_123816.
Rigid registration to T1.nii.gz started.
Rigid registration to T1.nii.gz completed.
Rigid registration to T2.nii.gz started.
Rigid registration to T2.nii.gz completed.
Rigid registration to FLAIR.nii.gz started.
Rigid registration to FLAIR.nii.gz completed.
1541_18_4 Subject processing
Resampling fixed started 1541_18_4.
Resampling fixed completed 1541_18_4.
Rigid registration to T1.nii.gz started.
Rigid registration to T1.nii.gz completed.
Rigid registration to T2.nii.gz started.
Rigid registration to T2.nii.gz completed.
Rigid registration to FLAIR.nii.gz started.
Rigid registration to FLAIR.nii.gz completed.
Patient_105215 Subject processing
Resampling fixed started Patient_105215.
Resampling fixed completed Patient_105215.
Rigid registration to T1.nii.gz started.
Rigid registration to T1.nii.gz completed.
Rigid registration to T2.nii.gz started.
Rigid registration to T2.nii.gz completed.
Rigid registration to FLAIR.nii.gz started.
Rigid registration to FLAIR.nii.gz completed.
923_18 Subject processing
Resampling fixed started 923_18.
Resampling fixed completed 923_18.
Rigid registration to T1.nii.gz started.
Rigid registration to T1.nii.gz completed.
Rigid registration to T2.nii.gz started.
Rigid registration to T2.nii.gz completed.
Rigid registration to FLAIR.nii.gz started.
Rigid registration to FLAIR.nii.gz completed.
423_18 Subject processing
Resampling fixed started 423_18.
Resampling fixed completed 423_18.
Rigid registration to T1.nii.gz started.
Rigid registration to T1.nii.gz completed.
Rigid registration to T2.nii.gz started.
Rigid registration to T2.nii.gz completed.
Rigid registration to FLAIR.nii.gz started.
Rigid registration to FLAIR.nii.gz completed.
Patient_146716 Subject processing
Resampling fixed started Patient_146716.
Resampling fixed completed Patient_146716.
Rigid registration to T1.nii.gz started.
Rigid registration to T1.nii.gz completed.
Rigid registration to T2.nii.gz started.
Rigid registration to T2.nii.gz completed.
Rigid registration to FLAIR.nii.gz started.
Rigid registration to FLAIR.nii.gz completed.
1769_18 Subject processing
Resampling fixed started 1769_18.
Resampling fixed completed 1769_18.
Rigid registration to T1.nii.gz started.
Rigid registration to T1.nii.gz completed.
Rigid registration to T2.nii.gz started.
Rigid registration to T2.nii.gz completed.
Rigid registration to FLAIR.nii.gz started.
Rigid registration to FLAIR.nii.gz completed.
Patient_130514 Subject processing
Resampling fixed started Patient_130514.
Resampling fixed completed Patient_130514.
Rigid registration to T1.nii.gz started.
Rigid registration to T1.nii.gz completed.
Rigid registration to T2.nii.gz started.
Rigid registration to T2.nii.gz completed.
Rigid registration to FLAIR.nii.gz started.
Rigid registration to FLAIR.nii.gz completed.
1170_18_4 Subject processing
Resampling fixed started 1170_18_4.
Resampling fixed completed 1170_18_4.
Rigid registration to T1.nii.gz started.
Rigid registration to T1.nii.gz completed.
Rigid registration to T2.nii.gz started.
Rigid registration to T2.nii.gz completed.
Rigid registration to FLAIR.nii.gz started.
Rigid registration to FLAIR.nii.gz completed.
Patient_95717 Subject processing
Resampling fixed started Patient_95717.
Resampling fixed completed Patient_95717.
Rigid registration to T1.nii.gz started.
Rigid registration to T1.nii.gz completed.
Rigid registration to T2.nii.gz started.
Rigid registration to T2.nii.gz completed.
Rigid registration to FLAIR.nii.gz started.
Rigid registration to FLAIR.nii.gz completed.
Patient_89117 Subject processing
Resampling fixed started Patient_89117.
Resampling fixed completed Patient_89117.
Rigid registration to T1.nii.gz started.
Rigid registration to T1.nii.gz completed.
Rigid registration to T2.nii.gz started.
Rigid registration to T2.nii.gz completed.
Rigid registration to FLAIR.nii.gz started.
Rigid registration to FLAIR.nii.gz completed.
664_18_4 Subject processing
Resampling fixed started 664_18_4.
Resampling fixed completed 664_18_4.
Rigid registration to T1.nii.gz started.
Rigid registration to T1.nii.gz completed.
Rigid registration to T2.nii.gz started.
Rigid registration to T2.nii.gz completed.
Rigid registration to FLAIR.nii.gz started.
Rigid registration to FLAIR.nii.gz completed.
Patient_15817 Subject processing
Resampling fixed started Patient_15817.
Resampling fixed completed Patient_15817.
Rigid registration to T1.nii.gz started.
Rigid registration to T1.nii.gz completed.
Rigid registration to T2.nii.gz started.
Rigid registration to T2.nii.gz completed.
Rigid registration to FLAIR.nii.gz started.
Rigid registration to FLAIR.nii.gz completed.
Patient_1000314 Subject processing
Resampling fixed started Patient_1000314.
Resampling fixed completed Patient_1000314.
Rigid registration to T1.nii.gz started.
Rigid registration to T1.nii.gz completed.
Rigid registration to T2.nii.gz started.
Rigid registration to T2.nii.gz completed.
Rigid registration to FLAIR.nii.gz started.
Rigid registration to FLAIR.nii.gz completed.
788_18 Subject processing
Resampling fixed started 788_18.
Resampling fixed completed 788_18.
Rigid registration to T1.nii.gz started.
Rigid registration to T1.nii.gz completed.
Rigid registration to T2.nii.gz started.
Rigid registration to T2.nii.gz completed.
Rigid registration to FLAIR.nii.gz started.
Rigid registration to FLAIR.nii.gz completed.
Namespace(path='/anvar/public_datasets/preproc_study/bgpd/orig/', fixedfilename=['CT1.nii.gz'], maskfilename=['mask_GTV_FLAIR.nii.gz'], movingfilenames=['T1.nii.gz', 'T2.nii.gz', 'FLAIR.nii.gz'], resamplingtarget=['./utils/sri24_T1.nii'], output='/anvar/public_datasets/preproc_study/bgpd/4a_resamp/')
